2021-11-03 18:44:56,902 INFO o.a.j.u.JMeterUtils: Setting Locale to en_EN
2021-11-03 18:44:56,932 INFO o.a.j.JMeter: Loading user properties from: /root/apache-jmeter-5.3/bin/user.properties
2021-11-03 18:44:56,933 INFO o.a.j.JMeter: Loading system properties from: /root/apache-jmeter-5.3/bin/system.properties
2021-11-03 18:44:56,934 INFO o.a.j.JMeter: Copyright (c) 1998-2020 The Apache Software Foundation
2021-11-03 18:44:56,934 INFO o.a.j.JMeter: Version 5.3
2021-11-03 18:44:56,934 INFO o.a.j.JMeter: java.version=1.8.0_312
2021-11-03 18:44:56,934 INFO o.a.j.JMeter: java.vm.name=OpenJDK 64-Bit Server VM
2021-11-03 18:44:56,934 INFO o.a.j.JMeter: os.name=Linux
2021-11-03 18:44:56,935 INFO o.a.j.JMeter: os.arch=amd64
2021-11-03 18:44:56,935 INFO o.a.j.JMeter: os.version=4.18.0-305.19.1.el8_4.x86_64
2021-11-03 18:44:56,935 INFO o.a.j.JMeter: file.encoding=UTF-8
2021-11-03 18:44:56,935 INFO o.a.j.JMeter: java.awt.headless=true
2021-11-03 18:44:56,935 INFO o.a.j.JMeter: Max memory     =1073741824
2021-11-03 18:44:56,935 INFO o.a.j.JMeter: Available Processors =2
2021-11-03 18:44:56,941 INFO o.a.j.JMeter: Default Locale=English (EN)
2021-11-03 18:44:56,941 INFO o.a.j.JMeter: JMeter  Locale=English (EN)
2021-11-03 18:44:56,941 INFO o.a.j.JMeter: JMeterHome=/root/apache-jmeter-5.3
2021-11-03 18:44:56,941 INFO o.a.j.JMeter: user.dir  =/root
2021-11-03 18:44:56,942 INFO o.a.j.JMeter: PWD       =/root
2021-11-03 18:44:56,944 INFO o.a.j.JMeter: IP: 10.243.64.10 Name: pa-1-centos FullName: pa-1-centos
2021-11-03 18:44:56,950 INFO o.a.j.s.FileServer: Default base='/root'
2021-11-03 18:44:56,952 INFO o.a.j.s.FileServer: Set new base='/root'
2021-11-03 18:44:57,094 INFO o.a.j.s.SaveService: Testplan (JMX) version: 2.2. Testlog (JTL) version: 2.2
2021-11-03 18:44:57,134 INFO o.a.j.s.SaveService: Using SaveService properties file encoding UTF-8
2021-11-03 18:44:57,138 INFO o.a.j.s.SaveService: Using SaveService properties version 5.0
2021-11-03 18:44:57,145 INFO o.a.j.s.SaveService: Loading file: experiment.jmx
2021-11-03 18:44:57,181 INFO o.a.j.p.h.s.HTTPSamplerBase: Parser for text/html is org.apache.jmeter.protocol.http.parser.LagartoBasedHtmlParser
2021-11-03 18:44:57,182 INFO o.a.j.p.h.s.HTTPSamplerBase: Parser for application/xhtml+xml is org.apache.jmeter.protocol.http.parser.LagartoBasedHtmlParser
2021-11-03 18:44:57,182 INFO o.a.j.p.h.s.HTTPSamplerBase: Parser for application/xml is org.apache.jmeter.protocol.http.parser.LagartoBasedHtmlParser
2021-11-03 18:44:57,182 INFO o.a.j.p.h.s.HTTPSamplerBase: Parser for text/xml is org.apache.jmeter.protocol.http.parser.LagartoBasedHtmlParser
2021-11-03 18:44:57,182 INFO o.a.j.p.h.s.HTTPSamplerBase: Parser for text/vnd.wap.wml is org.apache.jmeter.protocol.http.parser.RegexpHTMLParser
2021-11-03 18:44:57,182 INFO o.a.j.p.h.s.HTTPSamplerBase: Parser for text/css is org.apache.jmeter.protocol.http.parser.CssParser
2021-11-03 18:44:57,189 INFO o.a.j.JMeter: Creating summariser <summary>
2021-11-03 18:44:57,197 INFO o.a.j.e.StandardJMeterEngine: Running the test!
2021-11-03 18:44:57,198 INFO o.a.j.s.SampleEvent: List of sample_variables: []
2021-11-03 18:44:57,198 INFO o.a.j.s.SampleEvent: List of sample_variables: []
2021-11-03 18:44:57,202 INFO o.a.j.e.u.CompoundVariable: Note: Function class names must contain the string: '.functions.'
2021-11-03 18:44:57,202 INFO o.a.j.e.u.CompoundVariable: Note: Function class names must not contain the string: '.gui.'
2021-11-03 18:44:57,582 INFO o.a.j.JMeter: Running test (1635965097582)
2021-11-03 18:44:57,624 INFO o.a.j.e.StandardJMeterEngine: Starting ThreadGroup: 1 : Thread Group
2021-11-03 18:44:57,624 INFO o.a.j.e.StandardJMeterEngine: Starting 150 threads for group Thread Group.
2021-11-03 18:44:57,624 INFO o.a.j.e.StandardJMeterEngine: Test will stop abruptly on error
2021-11-03 18:44:57,624 INFO o.a.j.t.ThreadGroup: Starting thread group... number=1 threads=150 ramp-up=60 delayedStart=false
2021-11-03 18:44:57,630 INFO o.a.j.t.JMeterThread: Thread started: Thread Group 1-1
2021-11-03 18:44:57,663 INFO o.a.j.p.h.s.HTTPHCAbstractImpl: Local host = pa-1-centos
2021-11-03 18:44:57,669 INFO o.a.j.p.h.s.HTTPHC4Impl: HTTP request retry count = 0
2021-11-03 18:44:57,671 INFO o.a.j.s.SampleResult: Note: Sample TimeStamps are START times
2021-11-03 18:44:57,671 INFO o.a.j.s.SampleResult: sampleresult.default.encoding is set to ISO-8859-1
2021-11-03 18:44:57,671 INFO o.a.j.s.SampleResult: sampleresult.useNanoTime=true
2021-11-03 18:44:57,671 INFO o.a.j.s.SampleResult: sampleresult.nanoThreadSleep=5000
2021-11-03 18:44:57,775 INFO o.a.j.p.h.s.h.LazyLayeredConnectionSocketFactory: Setting up HTTPS TrustAll Socket Factory
2021-11-03 18:44:57,781 INFO o.a.j.u.JsseSSLManager: Using default SSL protocol: TLS
2021-11-03 18:44:57,781 INFO o.a.j.u.JsseSSLManager: SSL session context: per-thread
2021-11-03 18:44:57,890 INFO o.a.j.u.SSLManager: JmeterKeyStore Location:  type JKS
2021-11-03 18:44:57,893 INFO o.a.j.u.SSLManager: KeyStore created OK
2021-11-03 18:44:57,893 WARN o.a.j.u.SSLManager: Keystore file not found, loading empty keystore
2021-11-03 18:44:58,007 INFO o.a.j.t.ThreadGroup: Started thread group number 1
2021-11-03 18:44:58,007 INFO o.a.j.e.StandardJMeterEngine: All thread groups have been started
2021-11-03 18:44:58,032 INFO o.a.j.t.JMeterThread: Thread started: Thread Group 1-2
2021-11-03 18:44:58,427 INFO o.a.j.t.JMeterThread: Thread started: Thread Group 1-3
2021-11-03 18:44:58,829 INFO o.a.j.t.JMeterThread: Thread started: Thread Group 1-4
2021-11-03 18:44:59,231 INFO o.a.j.t.JMeterThread: Thread started: Thread Group 1-5
2021-11-03 18:44:59,629 INFO o.a.j.t.JMeterThread: Thread started: Thread Group 1-6
2021-11-03 18:45:00,009 INFO o.a.j.r.Summariser: summary +     51 in 00:00:02 =   21.0/s Avg:   149 Min:    63 Max:   478 Err:     0 (0.00%) Active: 6 Started: 6 Finished: 0
2021-11-03 18:45:00,027 INFO o.a.j.t.JMeterThread: Thread started: Thread Group 1-7
2021-11-03 18:45:00,426 INFO o.a.j.t.JMeterThread: Thread started: Thread Group 1-8
2021-11-03 18:45:00,828 INFO o.a.j.t.JMeterThread: Thread started: Thread Group 1-9
2021-11-03 18:45:01,228 INFO o.a.j.t.JMeterThread: Thread started: Thread Group 1-10
2021-11-03 18:45:01,625 INFO o.a.j.t.JMeterThread: Thread started: Thread Group 1-11
2021-11-03 18:45:02,029 INFO o.a.j.t.JMeterThread: Thread started: Thread Group 1-12
2021-11-03 18:45:02,427 INFO o.a.j.t.JMeterThread: Thread started: Thread Group 1-13
2021-11-03 18:45:02,827 INFO o.a.j.t.JMeterThread: Thread started: Thread Group 1-14
2021-11-03 18:45:03,226 INFO o.a.j.t.JMeterThread: Thread started: Thread Group 1-15
2021-11-03 18:45:03,625 INFO o.a.j.t.JMeterThread: Thread started: Thread Group 1-16
2021-11-03 18:45:04,026 INFO o.a.j.t.JMeterThread: Thread started: Thread Group 1-17
2021-11-03 18:45:04,426 INFO o.a.j.t.JMeterThread: Thread started: Thread Group 1-18
2021-11-03 18:45:04,827 INFO o.a.j.t.JMeterThread: Thread started: Thread Group 1-19
2021-11-03 18:45:05,226 INFO o.a.j.t.JMeterThread: Thread started: Thread Group 1-20
2021-11-03 18:45:05,626 INFO o.a.j.t.JMeterThread: Thread started: Thread Group 1-21
2021-11-03 18:45:06,030 INFO o.a.j.t.JMeterThread: Thread started: Thread Group 1-22
2021-11-03 18:45:06,431 INFO o.a.j.t.JMeterThread: Thread started: Thread Group 1-23
2021-11-03 18:45:06,835 INFO o.a.j.t.JMeterThread: Thread started: Thread Group 1-24
2021-11-03 18:45:07,331 INFO o.a.j.t.JMeterThread: Thread started: Thread Group 1-25
2021-11-03 18:45:07,638 INFO o.a.j.t.JMeterThread: Thread started: Thread Group 1-26
2021-11-03 18:45:08,029 INFO o.a.j.t.JMeterThread: Thread started: Thread Group 1-27
2021-11-03 18:45:08,432 INFO o.a.j.t.JMeterThread: Thread started: Thread Group 1-28
2021-11-03 18:45:08,837 INFO o.a.j.t.JMeterThread: Thread started: Thread Group 1-29
2021-11-03 18:45:09,258 INFO o.a.j.t.JMeterThread: Thread started: Thread Group 1-30
2021-11-03 18:45:09,632 INFO o.a.j.t.JMeterThread: Thread started: Thread Group 1-31
2021-11-03 18:45:10,036 INFO o.a.j.t.JMeterThread: Thread started: Thread Group 1-32
2021-11-03 18:45:10,434 INFO o.a.j.t.JMeterThread: Thread started: Thread Group 1-33
2021-11-03 18:45:10,829 INFO o.a.j.t.JMeterThread: Thread started: Thread Group 1-34
2021-11-03 18:45:11,226 INFO o.a.j.t.JMeterThread: Thread started: Thread Group 1-35
2021-11-03 18:45:11,626 INFO o.a.j.t.JMeterThread: Thread started: Thread Group 1-36
2021-11-03 18:45:12,026 INFO o.a.j.t.JMeterThread: Thread started: Thread Group 1-37
2021-11-03 18:45:12,426 INFO o.a.j.t.JMeterThread: Thread started: Thread Group 1-38
2021-11-03 18:45:12,827 INFO o.a.j.t.JMeterThread: Thread started: Thread Group 1-39
2021-11-03 18:45:13,226 INFO o.a.j.t.JMeterThread: Thread started: Thread Group 1-40
2021-11-03 18:45:13,625 INFO o.a.j.t.JMeterThread: Thread started: Thread Group 1-41
2021-11-03 18:45:14,026 INFO o.a.j.t.JMeterThread: Thread started: Thread Group 1-42
2021-11-03 18:45:14,449 INFO o.a.j.t.JMeterThread: Thread started: Thread Group 1-43
2021-11-03 18:45:14,835 INFO o.a.j.t.JMeterThread: Thread started: Thread Group 1-44
2021-11-03 18:45:15,227 INFO o.a.j.t.JMeterThread: Thread started: Thread Group 1-45
2021-11-03 18:45:15,626 INFO o.a.j.t.JMeterThread: Thread started: Thread Group 1-46
2021-11-03 18:45:16,026 INFO o.a.j.t.JMeterThread: Thread started: Thread Group 1-47
2021-11-03 18:45:16,429 INFO o.a.j.t.JMeterThread: Thread started: Thread Group 1-48
2021-11-03 18:45:16,826 INFO o.a.j.t.JMeterThread: Thread started: Thread Group 1-49
2021-11-03 18:45:17,226 INFO o.a.j.t.JMeterThread: Thread started: Thread Group 1-50
2021-11-03 18:45:17,625 INFO o.a.j.t.JMeterThread: Thread started: Thread Group 1-51
2021-11-03 18:45:18,026 INFO o.a.j.t.JMeterThread: Thread started: Thread Group 1-52
2021-11-03 18:45:18,426 INFO o.a.j.t.JMeterThread: Thread started: Thread Group 1-53
2021-11-03 18:45:18,826 INFO o.a.j.t.JMeterThread: Thread started: Thread Group 1-54
2021-11-03 18:45:19,226 INFO o.a.j.t.JMeterThread: Thread started: Thread Group 1-55
2021-11-03 18:45:19,626 INFO o.a.j.t.JMeterThread: Thread started: Thread Group 1-56
2021-11-03 18:45:20,026 INFO o.a.j.t.JMeterThread: Thread started: Thread Group 1-57
2021-11-03 18:45:20,426 INFO o.a.j.t.JMeterThread: Thread started: Thread Group 1-58
2021-11-03 18:45:20,826 INFO o.a.j.t.JMeterThread: Thread started: Thread Group 1-59
2021-11-03 18:45:21,226 INFO o.a.j.t.JMeterThread: Thread started: Thread Group 1-60
2021-11-03 18:45:21,626 INFO o.a.j.t.JMeterThread: Thread started: Thread Group 1-61
2021-11-03 18:45:22,028 INFO o.a.j.t.JMeterThread: Thread started: Thread Group 1-62
2021-11-03 18:45:22,428 INFO o.a.j.t.JMeterThread: Thread started: Thread Group 1-63
2021-11-03 18:45:22,826 INFO o.a.j.t.JMeterThread: Thread started: Thread Group 1-64
2021-11-03 18:45:23,227 INFO o.a.j.t.JMeterThread: Thread started: Thread Group 1-65
2021-11-03 18:45:23,627 INFO o.a.j.t.JMeterThread: Thread started: Thread Group 1-66
2021-11-03 18:45:24,026 INFO o.a.j.t.JMeterThread: Thread started: Thread Group 1-67
2021-11-03 18:45:24,426 INFO o.a.j.t.JMeterThread: Thread started: Thread Group 1-68
2021-11-03 18:45:24,826 INFO o.a.j.t.JMeterThread: Thread started: Thread Group 1-69
2021-11-03 18:45:25,226 INFO o.a.j.t.JMeterThread: Thread started: Thread Group 1-70
2021-11-03 18:45:25,626 INFO o.a.j.t.JMeterThread: Thread started: Thread Group 1-71
2021-11-03 18:45:26,026 INFO o.a.j.t.JMeterThread: Thread started: Thread Group 1-72
2021-11-03 18:45:26,425 INFO o.a.j.t.JMeterThread: Thread started: Thread Group 1-73
2021-11-03 18:45:26,826 INFO o.a.j.t.JMeterThread: Thread started: Thread Group 1-74
2021-11-03 18:45:27,227 INFO o.a.j.t.JMeterThread: Thread started: Thread Group 1-75
2021-11-03 18:45:27,631 INFO o.a.j.t.JMeterThread: Thread started: Thread Group 1-76
2021-11-03 18:45:28,027 INFO o.a.j.t.JMeterThread: Thread started: Thread Group 1-77
2021-11-03 18:45:28,426 INFO o.a.j.t.JMeterThread: Thread started: Thread Group 1-78
2021-11-03 18:45:28,826 INFO o.a.j.t.JMeterThread: Thread started: Thread Group 1-79
2021-11-03 18:45:29,228 INFO o.a.j.t.JMeterThread: Thread started: Thread Group 1-80
2021-11-03 18:45:29,626 INFO o.a.j.t.JMeterThread: Thread started: Thread Group 1-81
2021-11-03 18:45:30,006 INFO o.a.j.r.Summariser: summary +    889 in 00:00:30 =   29.6/s Avg:  1373 Min:   168 Max:  2820 Err:     0 (0.00%) Active: 81 Started: 81 Finished: 0
2021-11-03 18:45:30,007 INFO o.a.j.r.Summariser: summary =    940 in 00:00:32 =   29.0/s Avg:  1307 Min:    63 Max:  2820 Err:     0 (0.00%)
2021-11-03 18:45:30,026 INFO o.a.j.t.JMeterThread: Thread started: Thread Group 1-82
2021-11-03 18:45:30,428 INFO o.a.j.t.JMeterThread: Thread started: Thread Group 1-83
2021-11-03 18:45:30,827 INFO o.a.j.t.JMeterThread: Thread started: Thread Group 1-84
2021-11-03 18:45:31,226 INFO o.a.j.t.JMeterThread: Thread started: Thread Group 1-85
2021-11-03 18:45:31,625 INFO o.a.j.t.JMeterThread: Thread started: Thread Group 1-86
2021-11-03 18:45:32,026 INFO o.a.j.t.JMeterThread: Thread started: Thread Group 1-87
2021-11-03 18:45:32,428 INFO o.a.j.t.JMeterThread: Thread started: Thread Group 1-88
2021-11-03 18:45:32,832 INFO o.a.j.t.JMeterThread: Thread started: Thread Group 1-89
2021-11-03 18:45:33,232 INFO o.a.j.t.JMeterThread: Thread started: Thread Group 1-90
2021-11-03 18:45:33,625 INFO o.a.j.t.JMeterThread: Thread started: Thread Group 1-91
2021-11-03 18:45:34,026 INFO o.a.j.t.JMeterThread: Thread started: Thread Group 1-92
2021-11-03 18:45:34,425 INFO o.a.j.t.JMeterThread: Thread started: Thread Group 1-93
2021-11-03 18:45:34,826 INFO o.a.j.t.JMeterThread: Thread started: Thread Group 1-94
2021-11-03 18:45:35,226 INFO o.a.j.t.JMeterThread: Thread started: Thread Group 1-95
2021-11-03 18:45:35,626 INFO o.a.j.t.JMeterThread: Thread started: Thread Group 1-96
2021-11-03 18:45:36,026 INFO o.a.j.t.JMeterThread: Thread started: Thread Group 1-97
2021-11-03 18:45:36,426 INFO o.a.j.t.JMeterThread: Thread started: Thread Group 1-98
2021-11-03 18:45:36,826 INFO o.a.j.t.JMeterThread: Thread started: Thread Group 1-99
2021-11-03 18:45:37,226 INFO o.a.j.t.JMeterThread: Thread started: Thread Group 1-100
2021-11-03 18:45:37,627 INFO o.a.j.t.JMeterThread: Thread started: Thread Group 1-101
2021-11-03 18:45:38,027 INFO o.a.j.t.JMeterThread: Thread started: Thread Group 1-102
2021-11-03 18:45:38,426 INFO o.a.j.t.JMeterThread: Thread started: Thread Group 1-103
2021-11-03 18:45:38,834 INFO o.a.j.t.JMeterThread: Thread started: Thread Group 1-104
2021-11-03 18:45:39,237 INFO o.a.j.t.JMeterThread: Thread started: Thread Group 1-105
2021-11-03 18:45:39,626 INFO o.a.j.t.JMeterThread: Thread started: Thread Group 1-106
2021-11-03 18:45:40,026 INFO o.a.j.t.JMeterThread: Thread started: Thread Group 1-107
2021-11-03 18:45:40,426 INFO o.a.j.t.JMeterThread: Thread started: Thread Group 1-108
2021-11-03 18:45:40,827 INFO o.a.j.t.JMeterThread: Thread started: Thread Group 1-109
2021-11-03 18:45:41,231 INFO o.a.j.t.JMeterThread: Thread started: Thread Group 1-110
2021-11-03 18:45:41,625 INFO o.a.j.t.JMeterThread: Thread started: Thread Group 1-111
2021-11-03 18:45:42,026 INFO o.a.j.t.JMeterThread: Thread started: Thread Group 1-112
2021-11-03 18:45:42,426 INFO o.a.j.t.JMeterThread: Thread started: Thread Group 1-113
2021-11-03 18:45:42,826 INFO o.a.j.t.JMeterThread: Thread started: Thread Group 1-114
2021-11-03 18:45:43,226 INFO o.a.j.t.JMeterThread: Thread started: Thread Group 1-115
2021-11-03 18:45:43,626 INFO o.a.j.t.JMeterThread: Thread started: Thread Group 1-116
2021-11-03 18:45:44,026 INFO o.a.j.t.JMeterThread: Thread started: Thread Group 1-117
2021-11-03 18:45:44,425 INFO o.a.j.t.JMeterThread: Thread started: Thread Group 1-118
2021-11-03 18:45:44,826 INFO o.a.j.t.JMeterThread: Thread started: Thread Group 1-119
2021-11-03 18:45:45,226 INFO o.a.j.t.JMeterThread: Thread started: Thread Group 1-120
2021-11-03 18:45:45,626 INFO o.a.j.t.JMeterThread: Thread started: Thread Group 1-121
2021-11-03 18:45:46,053 INFO o.a.j.t.JMeterThread: Thread started: Thread Group 1-122
2021-11-03 18:45:46,427 INFO o.a.j.t.JMeterThread: Thread started: Thread Group 1-123
2021-11-03 18:45:46,826 INFO o.a.j.t.JMeterThread: Thread started: Thread Group 1-124
2021-11-03 18:45:47,248 INFO o.a.j.t.JMeterThread: Thread started: Thread Group 1-125
2021-11-03 18:45:47,655 INFO o.a.j.t.JMeterThread: Thread started: Thread Group 1-126
2021-11-03 18:45:48,052 INFO o.a.j.t.JMeterThread: Thread started: Thread Group 1-127
2021-11-03 18:45:48,452 INFO o.a.j.t.JMeterThread: Thread started: Thread Group 1-128
2021-11-03 18:45:48,852 INFO o.a.j.t.JMeterThread: Thread started: Thread Group 1-129
2021-11-03 18:45:49,253 INFO o.a.j.t.JMeterThread: Thread started: Thread Group 1-130
2021-11-03 18:45:49,645 INFO o.a.j.t.JMeterThread: Thread started: Thread Group 1-131
2021-11-03 18:45:50,045 INFO o.a.j.t.JMeterThread: Thread started: Thread Group 1-132
2021-11-03 18:45:50,444 INFO o.a.j.t.JMeterThread: Thread started: Thread Group 1-133
2021-11-03 18:45:50,842 INFO o.a.j.t.JMeterThread: Thread started: Thread Group 1-134
2021-11-03 18:45:51,240 INFO o.a.j.t.JMeterThread: Thread started: Thread Group 1-135
2021-11-03 18:45:51,637 INFO o.a.j.t.JMeterThread: Thread started: Thread Group 1-136
2021-11-03 18:45:52,051 INFO o.a.j.t.JMeterThread: Thread started: Thread Group 1-137
2021-11-03 18:45:52,442 INFO o.a.j.t.JMeterThread: Thread started: Thread Group 1-138
2021-11-03 18:45:52,833 INFO o.a.j.t.JMeterThread: Thread started: Thread Group 1-139
2021-11-03 18:45:53,226 INFO o.a.j.t.JMeterThread: Thread started: Thread Group 1-140
2021-11-03 18:45:53,630 INFO o.a.j.t.JMeterThread: Thread started: Thread Group 1-141
2021-11-03 18:45:54,026 INFO o.a.j.t.JMeterThread: Thread started: Thread Group 1-142
2021-11-03 18:45:54,428 INFO o.a.j.t.JMeterThread: Thread started: Thread Group 1-143
2021-11-03 18:45:54,835 INFO o.a.j.t.JMeterThread: Thread started: Thread Group 1-144
2021-11-03 18:45:55,232 INFO o.a.j.t.JMeterThread: Thread started: Thread Group 1-145
2021-11-03 18:45:55,628 INFO o.a.j.t.JMeterThread: Thread started: Thread Group 1-146
2021-11-03 18:45:56,053 INFO o.a.j.t.JMeterThread: Thread started: Thread Group 1-147
2021-11-03 18:45:56,436 INFO o.a.j.t.JMeterThread: Thread started: Thread Group 1-148
2021-11-03 18:45:56,844 INFO o.a.j.t.JMeterThread: Thread started: Thread Group 1-149
2021-11-03 18:45:57,239 INFO o.a.j.t.JMeterThread: Thread started: Thread Group 1-150
2021-11-03 18:46:00,009 INFO o.a.j.r.Summariser: summary +    925 in 00:00:30 =   30.8/s Avg:  3573 Min:  2503 Max:  4712 Err:     0 (0.00%) Active: 150 Started: 150 Finished: 0
2021-11-03 18:46:00,010 INFO o.a.j.r.Summariser: summary =   1865 in 00:01:02 =   29.9/s Avg:  2431 Min:    63 Max:  4712 Err:     0 (0.00%)
2021-11-03 18:46:30,016 INFO o.a.j.r.Summariser: summary +    918 in 00:00:30 =   30.6/s Avg:  4879 Min:  4651 Max:  5206 Err:     0 (0.00%) Active: 150 Started: 150 Finished: 0
2021-11-03 18:46:30,017 INFO o.a.j.r.Summariser: summary =   2783 in 00:01:32 =   30.1/s Avg:  3238 Min:    63 Max:  5206 Err:     0 (0.00%)
2021-11-03 18:47:00,012 INFO o.a.j.r.Summariser: summary +    921 in 00:00:30 =   30.7/s Avg:  4896 Min:  4696 Max:  5303 Err:     0 (0.00%) Active: 150 Started: 150 Finished: 0
2021-11-03 18:47:00,013 INFO o.a.j.r.Summariser: summary =   3704 in 00:02:02 =   30.3/s Avg:  3651 Min:    63 Max:  5303 Err:     0 (0.00%)
2021-11-03 18:47:30,008 INFO o.a.j.r.Summariser: summary +    938 in 00:00:30 =   31.3/s Avg:  4804 Min:  4684 Max:  4922 Err:     0 (0.00%) Active: 150 Started: 150 Finished: 0
2021-11-03 18:47:30,009 INFO o.a.j.r.Summariser: summary =   4642 in 00:02:32 =   30.5/s Avg:  3884 Min:    63 Max:  5303 Err:     0 (0.00%)
2021-11-03 18:48:00,062 INFO o.a.j.r.Summariser: summary +    896 in 00:00:30 =   29.8/s Avg:  4960 Min:  4701 Max:  5815 Err:     0 (0.00%) Active: 150 Started: 150 Finished: 0
2021-11-03 18:48:00,063 INFO o.a.j.r.Summariser: summary =   5538 in 00:03:02 =   30.3/s Avg:  4058 Min:    63 Max:  5815 Err:     0 (0.00%)
2021-11-03 18:48:30,053 INFO o.a.j.r.Summariser: summary +    926 in 00:00:30 =   30.9/s Avg:  4891 Min:  4654 Max:  5751 Err:     0 (0.00%) Active: 150 Started: 150 Finished: 0
2021-11-03 18:48:30,054 INFO o.a.j.r.Summariser: summary =   6464 in 00:03:32 =   30.4/s Avg:  4177 Min:    63 Max:  5815 Err:     0 (0.00%)
2021-11-03 18:49:00,010 INFO o.a.j.r.Summariser: summary +    928 in 00:00:30 =   31.0/s Avg:  4876 Min:  4657 Max:  5428 Err:     0 (0.00%) Active: 150 Started: 150 Finished: 0
2021-11-03 18:49:00,010 INFO o.a.j.r.Summariser: summary =   7392 in 00:04:02 =   30.5/s Avg:  4265 Min:    63 Max:  5815 Err:     0 (0.00%)
2021-11-03 18:49:30,020 INFO o.a.j.r.Summariser: summary +    934 in 00:00:30 =   31.1/s Avg:  4819 Min:  4640 Max:  5138 Err:     0 (0.00%) Active: 150 Started: 150 Finished: 0
2021-11-03 18:49:30,020 INFO o.a.j.r.Summariser: summary =   8326 in 00:04:32 =   30.6/s Avg:  4327 Min:    63 Max:  5815 Err:     0 (0.00%)
2021-11-03 18:50:00,001 INFO o.a.j.r.Summariser: summary +    943 in 00:00:30 =   31.5/s Avg:  4775 Min:  4627 Max:  4887 Err:     0 (0.00%) Active: 150 Started: 150 Finished: 0
2021-11-03 18:50:00,002 INFO o.a.j.r.Summariser: summary =   9269 in 00:05:02 =   30.6/s Avg:  4373 Min:    63 Max:  5815 Err:     0 (0.00%)
2021-11-03 18:50:30,035 INFO o.a.j.r.Summariser: summary +    938 in 00:00:30 =   31.2/s Avg:  4779 Min:  4615 Max:  4961 Err:     0 (0.00%) Active: 150 Started: 150 Finished: 0
2021-11-03 18:50:30,036 INFO o.a.j.r.Summariser: summary =  10207 in 00:05:32 =   30.7/s Avg:  4410 Min:    63 Max:  5815 Err:     0 (0.00%)
2021-11-03 18:51:00,037 INFO o.a.j.r.Summariser: summary +    944 in 00:00:30 =   31.5/s Avg:  4781 Min:  4625 Max:  4968 Err:     0 (0.00%) Active: 150 Started: 150 Finished: 0
2021-11-03 18:51:00,038 INFO o.a.j.r.Summariser: summary =  11151 in 00:06:02 =   30.8/s Avg:  4441 Min:    63 Max:  5815 Err:     0 (0.00%)
2021-11-03 18:51:30,005 INFO o.a.j.r.Summariser: summary +    944 in 00:00:30 =   31.5/s Avg:  4763 Min:  4656 Max:  4856 Err:     0 (0.00%) Active: 150 Started: 150 Finished: 0
2021-11-03 18:51:30,006 INFO o.a.j.r.Summariser: summary =  12095 in 00:06:32 =   30.8/s Avg:  4467 Min:    63 Max:  5815 Err:     0 (0.00%)
2021-11-03 18:52:00,060 INFO o.a.j.r.Summariser: summary +    943 in 00:00:30 =   31.4/s Avg:  4778 Min:  4668 Max:  4904 Err:     0 (0.00%) Active: 150 Started: 150 Finished: 0
2021-11-03 18:52:00,061 INFO o.a.j.r.Summariser: summary =  13038 in 00:07:02 =   30.9/s Avg:  4489 Min:    63 Max:  5815 Err:     0 (0.00%)
2021-11-03 18:52:30,016 INFO o.a.j.r.Summariser: summary +    944 in 00:00:30 =   31.5/s Avg:  4764 Min:  4636 Max:  4869 Err:     0 (0.00%) Active: 150 Started: 150 Finished: 0
2021-11-03 18:52:30,017 INFO o.a.j.r.Summariser: summary =  13982 in 00:07:32 =   30.9/s Avg:  4508 Min:    63 Max:  5815 Err:     0 (0.00%)
2021-11-03 18:53:00,035 INFO o.a.j.r.Summariser: summary +    946 in 00:00:30 =   31.5/s Avg:  4755 Min:  4633 Max:  4896 Err:     0 (0.00%) Active: 150 Started: 150 Finished: 0
2021-11-03 18:53:00,036 INFO o.a.j.r.Summariser: summary =  14928 in 00:08:02 =   30.9/s Avg:  4523 Min:    63 Max:  5815 Err:     0 (0.00%)
2021-11-03 18:53:30,034 INFO o.a.j.r.Summariser: summary +    949 in 00:00:30 =   31.6/s Avg:  4746 Min:  4626 Max:  4859 Err:     0 (0.00%) Active: 150 Started: 150 Finished: 0
2021-11-03 18:53:30,035 INFO o.a.j.r.Summariser: summary =  15877 in 00:08:32 =   31.0/s Avg:  4537 Min:    63 Max:  5815 Err:     0 (0.00%)
2021-11-03 18:54:00,033 INFO o.a.j.r.Summariser: summary +    947 in 00:00:30 =   31.6/s Avg:  4746 Min:  4647 Max:  4827 Err:     0 (0.00%) Active: 150 Started: 150 Finished: 0
2021-11-03 18:54:00,033 INFO o.a.j.r.Summariser: summary =  16824 in 00:09:02 =   31.0/s Avg:  4548 Min:    63 Max:  5815 Err:     0 (0.00%)
2021-11-03 18:54:30,003 INFO o.a.j.r.Summariser: summary +    947 in 00:00:30 =   31.6/s Avg:  4751 Min:  4620 Max:  4886 Err:     0 (0.00%) Active: 150 Started: 150 Finished: 0
2021-11-03 18:54:30,004 INFO o.a.j.r.Summariser: summary =  17771 in 00:09:32 =   31.0/s Avg:  4559 Min:    63 Max:  5815 Err:     0 (0.00%)
2021-11-03 18:55:00,020 INFO o.a.j.r.Summariser: summary +    946 in 00:00:30 =   31.5/s Avg:  4760 Min:  4627 Max:  4875 Err:     0 (0.00%) Active: 150 Started: 150 Finished: 0
2021-11-03 18:55:00,021 INFO o.a.j.r.Summariser: summary =  18717 in 00:10:02 =   31.1/s Avg:  4569 Min:    63 Max:  5815 Err:     0 (0.00%)
2021-11-03 18:55:30,044 INFO o.a.j.r.Summariser: summary +    947 in 00:00:30 =   31.5/s Avg:  4752 Min:  4630 Max:  4866 Err:     0 (0.00%) Active: 150 Started: 150 Finished: 0
2021-11-03 18:55:30,045 INFO o.a.j.r.Summariser: summary =  19664 in 00:10:32 =   31.1/s Avg:  4578 Min:    63 Max:  5815 Err:     0 (0.00%)
2021-11-03 18:56:00,080 INFO o.a.j.r.Summariser: summary +    946 in 00:00:30 =   31.5/s Avg:  4761 Min:  4661 Max:  4862 Err:     0 (0.00%) Active: 150 Started: 150 Finished: 0
2021-11-03 18:56:00,081 INFO o.a.j.r.Summariser: summary =  20610 in 00:11:02 =   31.1/s Avg:  4587 Min:    63 Max:  5815 Err:     0 (0.00%)
2021-11-03 18:56:30,037 INFO o.a.j.r.Summariser: summary +    943 in 00:00:30 =   31.5/s Avg:  4755 Min:  4592 Max:  4986 Err:     0 (0.00%) Active: 150 Started: 150 Finished: 0
2021-11-03 18:56:30,038 INFO o.a.j.r.Summariser: summary =  21553 in 00:11:32 =   31.1/s Avg:  4594 Min:    63 Max:  5815 Err:     0 (0.00%)
2021-11-03 18:57:00,000 INFO o.a.j.r.Summariser: summary +    945 in 00:00:30 =   31.5/s Avg:  4774 Min:  4648 Max:  4991 Err:     0 (0.00%) Active: 150 Started: 150 Finished: 0
2021-11-03 18:57:00,001 INFO o.a.j.r.Summariser: summary =  22498 in 00:12:02 =   31.1/s Avg:  4602 Min:    63 Max:  5815 Err:     0 (0.00%)
2021-11-03 18:57:30,006 INFO o.a.j.r.Summariser: summary +    947 in 00:00:30 =   31.6/s Avg:  4745 Min:  4648 Max:  4838 Err:     0 (0.00%) Active: 150 Started: 150 Finished: 0
2021-11-03 18:57:30,007 INFO o.a.j.r.Summariser: summary =  23445 in 00:12:32 =   31.2/s Avg:  4607 Min:    63 Max:  5815 Err:     0 (0.00%)
2021-11-03 18:58:00,044 INFO o.a.j.r.Summariser: summary +    948 in 00:00:30 =   31.6/s Avg:  4755 Min:  4635 Max:  4871 Err:     0 (0.00%) Active: 150 Started: 150 Finished: 0
2021-11-03 18:58:00,045 INFO o.a.j.r.Summariser: summary =  24393 in 00:13:02 =   31.2/s Avg:  4613 Min:    63 Max:  5815 Err:     0 (0.00%)
2021-11-03 18:58:30,013 INFO o.a.j.r.Summariser: summary +    948 in 00:00:30 =   31.6/s Avg:  4740 Min:  4643 Max:  4815 Err:     0 (0.00%) Active: 150 Started: 150 Finished: 0
2021-11-03 18:58:30,014 INFO o.a.j.r.Summariser: summary =  25341 in 00:13:32 =   31.2/s Avg:  4618 Min:    63 Max:  5815 Err:     0 (0.00%)
2021-11-03 18:59:00,004 INFO o.a.j.r.Summariser: summary +    949 in 00:00:30 =   31.6/s Avg:  4743 Min:  4619 Max:  4852 Err:     0 (0.00%) Active: 150 Started: 150 Finished: 0
2021-11-03 18:59:00,005 INFO o.a.j.r.Summariser: summary =  26290 in 00:14:02 =   31.2/s Avg:  4622 Min:    63 Max:  5815 Err:     0 (0.00%)
2021-11-03 18:59:30,045 INFO o.a.j.r.Summariser: summary +    946 in 00:00:30 =   31.5/s Avg:  4761 Min:  4640 Max:  4885 Err:     0 (0.00%) Active: 150 Started: 150 Finished: 0
2021-11-03 18:59:30,046 INFO o.a.j.r.Summariser: summary =  27236 in 00:14:32 =   31.2/s Avg:  4627 Min:    63 Max:  5815 Err:     0 (0.00%)
2021-11-03 19:00:00,011 INFO o.a.j.r.Summariser: summary +    946 in 00:00:30 =   31.6/s Avg:  4751 Min:  4625 Max:  4870 Err:     0 (0.00%) Active: 150 Started: 150 Finished: 0
2021-11-03 19:00:00,012 INFO o.a.j.r.Summariser: summary =  28182 in 00:15:02 =   31.2/s Avg:  4631 Min:    63 Max:  5815 Err:     0 (0.00%)
2021-11-03 19:00:30,010 INFO o.a.j.r.Summariser: summary +    947 in 00:00:30 =   31.6/s Avg:  4754 Min:  4628 Max:  4878 Err:     0 (0.00%) Active: 150 Started: 150 Finished: 0
2021-11-03 19:00:30,011 INFO o.a.j.r.Summariser: summary =  29129 in 00:15:32 =   31.2/s Avg:  4635 Min:    63 Max:  5815 Err:     0 (0.00%)
2021-11-03 19:01:00,016 INFO o.a.j.r.Summariser: summary +    949 in 00:00:30 =   31.6/s Avg:  4741 Min:  4617 Max:  4846 Err:     0 (0.00%) Active: 150 Started: 150 Finished: 0
2021-11-03 19:01:00,017 INFO o.a.j.r.Summariser: summary =  30078 in 00:16:02 =   31.3/s Avg:  4639 Min:    63 Max:  5815 Err:     0 (0.00%)
2021-11-03 19:01:30,022 INFO o.a.j.r.Summariser: summary +    949 in 00:00:30 =   31.6/s Avg:  4742 Min:  4629 Max:  4829 Err:     0 (0.00%) Active: 150 Started: 150 Finished: 0
2021-11-03 19:01:30,023 INFO o.a.j.r.Summariser: summary =  31027 in 00:16:32 =   31.3/s Avg:  4642 Min:    63 Max:  5815 Err:     0 (0.00%)
2021-11-03 19:02:00,017 INFO o.a.j.r.Summariser: summary +    946 in 00:00:30 =   31.5/s Avg:  4756 Min:  4627 Max:  4880 Err:     0 (0.00%) Active: 150 Started: 150 Finished: 0
2021-11-03 19:02:00,018 INFO o.a.j.r.Summariser: summary =  31973 in 00:17:02 =   31.3/s Avg:  4645 Min:    63 Max:  5815 Err:     0 (0.00%)
2021-11-03 19:02:30,002 INFO o.a.j.r.Summariser: summary +    944 in 00:00:30 =   31.5/s Avg:  4764 Min:  4629 Max:  4872 Err:     0 (0.00%) Active: 150 Started: 150 Finished: 0
2021-11-03 19:02:30,003 INFO o.a.j.r.Summariser: summary =  32917 in 00:17:32 =   31.3/s Avg:  4649 Min:    63 Max:  5815 Err:     0 (0.00%)
2021-11-03 19:03:00,003 INFO o.a.j.r.Summariser: summary +    947 in 00:00:30 =   31.6/s Avg:  4758 Min:  4632 Max:  4867 Err:     0 (0.00%) Active: 150 Started: 150 Finished: 0
2021-11-03 19:03:00,004 INFO o.a.j.r.Summariser: summary =  33864 in 00:18:02 =   31.3/s Avg:  4652 Min:    63 Max:  5815 Err:     0 (0.00%)
2021-11-03 19:03:30,022 INFO o.a.j.r.Summariser: summary +    945 in 00:00:30 =   31.5/s Avg:  4756 Min:  4638 Max:  4865 Err:     0 (0.00%) Active: 150 Started: 150 Finished: 0
2021-11-03 19:03:30,022 INFO o.a.j.r.Summariser: summary =  34809 in 00:18:32 =   31.3/s Avg:  4654 Min:    63 Max:  5815 Err:     0 (0.00%)
2021-11-03 19:04:00,024 INFO o.a.j.r.Summariser: summary +    946 in 00:00:30 =   31.5/s Avg:  4760 Min:  4662 Max:  4844 Err:     0 (0.00%) Active: 150 Started: 150 Finished: 0
2021-11-03 19:04:00,024 INFO o.a.j.r.Summariser: summary =  35755 in 00:19:02 =   31.3/s Avg:  4657 Min:    63 Max:  5815 Err:     0 (0.00%)
2021-11-03 19:04:30,003 INFO o.a.j.r.Summariser: summary +    943 in 00:00:30 =   31.5/s Avg:  4766 Min:  4631 Max:  4880 Err:     0 (0.00%) Active: 150 Started: 150 Finished: 0
2021-11-03 19:04:30,004 INFO o.a.j.r.Summariser: summary =  36698 in 00:19:32 =   31.3/s Avg:  4660 Min:    63 Max:  5815 Err:     0 (0.00%)
2021-11-03 19:05:00,008 INFO o.a.j.r.Summariser: summary +    948 in 00:00:30 =   31.6/s Avg:  4748 Min:  4640 Max:  4879 Err:     0 (0.00%) Active: 150 Started: 150 Finished: 0
2021-11-03 19:05:00,009 INFO o.a.j.r.Summariser: summary =  37646 in 00:20:02 =   31.3/s Avg:  4662 Min:    63 Max:  5815 Err:     0 (0.00%)
2021-11-03 19:05:30,001 INFO o.a.j.r.Summariser: summary +    947 in 00:00:30 =   31.6/s Avg:  4750 Min:  4655 Max:  4847 Err:     0 (0.00%) Active: 150 Started: 150 Finished: 0
2021-11-03 19:05:30,002 INFO o.a.j.r.Summariser: summary =  38593 in 00:20:32 =   31.3/s Avg:  4664 Min:    63 Max:  5815 Err:     0 (0.00%)
2021-11-03 19:06:00,023 INFO o.a.j.r.Summariser: summary +    949 in 00:00:30 =   31.6/s Avg:  4742 Min:  4616 Max:  4849 Err:     0 (0.00%) Active: 150 Started: 150 Finished: 0
2021-11-03 19:06:00,024 INFO o.a.j.r.Summariser: summary =  39542 in 00:21:02 =   31.3/s Avg:  4666 Min:    63 Max:  5815 Err:     0 (0.00%)
2021-11-03 19:06:30,059 INFO o.a.j.r.Summariser: summary +    946 in 00:00:30 =   31.5/s Avg:  4763 Min:  4645 Max:  4867 Err:     0 (0.00%) Active: 150 Started: 150 Finished: 0
2021-11-03 19:06:30,060 INFO o.a.j.r.Summariser: summary =  40488 in 00:21:32 =   31.3/s Avg:  4669 Min:    63 Max:  5815 Err:     0 (0.00%)
2021-11-03 19:07:00,009 INFO o.a.j.r.Summariser: summary +    946 in 00:00:30 =   31.6/s Avg:  4746 Min:  4632 Max:  4864 Err:     0 (0.00%) Active: 150 Started: 150 Finished: 0
2021-11-03 19:07:00,010 INFO o.a.j.r.Summariser: summary =  41434 in 00:22:02 =   31.3/s Avg:  4670 Min:    63 Max:  5815 Err:     0 (0.00%)
2021-11-03 19:07:30,043 INFO o.a.j.r.Summariser: summary +    946 in 00:00:30 =   31.5/s Avg:  4760 Min:  4646 Max:  4892 Err:     0 (0.00%) Active: 150 Started: 150 Finished: 0
2021-11-03 19:07:30,043 INFO o.a.j.r.Summariser: summary =  42380 in 00:22:32 =   31.3/s Avg:  4672 Min:    63 Max:  5815 Err:     0 (0.00%)
2021-11-03 19:08:00,015 INFO o.a.j.r.Summariser: summary +    926 in 00:00:30 =   30.9/s Avg:  4838 Min:  4647 Max:  5486 Err:     0 (0.00%) Active: 150 Started: 150 Finished: 0
2021-11-03 19:08:00,016 INFO o.a.j.r.Summariser: summary =  43306 in 00:23:02 =   31.3/s Avg:  4676 Min:    63 Max:  5815 Err:     0 (0.00%)
2021-11-03 19:08:30,026 INFO o.a.j.r.Summariser: summary +    943 in 00:00:30 =   31.4/s Avg:  4791 Min:  4661 Max:  5463 Err:     0 (0.00%) Active: 150 Started: 150 Finished: 0
2021-11-03 19:08:30,027 INFO o.a.j.r.Summariser: summary =  44249 in 00:23:32 =   31.3/s Avg:  4678 Min:    63 Max:  5815 Err:     0 (0.00%)
2021-11-03 19:09:00,045 INFO o.a.j.r.Summariser: summary +    950 in 00:00:30 =   31.6/s Avg:  4742 Min:  4638 Max:  4840 Err:     0 (0.00%) Active: 150 Started: 150 Finished: 0
2021-11-03 19:09:00,046 INFO o.a.j.r.Summariser: summary =  45199 in 00:24:02 =   31.3/s Avg:  4680 Min:    63 Max:  5815 Err:     0 (0.00%)
2021-11-03 19:09:30,084 INFO o.a.j.r.Summariser: summary +    947 in 00:00:30 =   31.5/s Avg:  4752 Min:  4635 Max:  4869 Err:     0 (0.00%) Active: 150 Started: 150 Finished: 0
2021-11-03 19:09:30,085 INFO o.a.j.r.Summariser: summary =  46146 in 00:24:33 =   31.3/s Avg:  4681 Min:    63 Max:  5815 Err:     0 (0.00%)
2021-11-03 19:10:00,013 INFO o.a.j.r.Summariser: summary +    948 in 00:00:30 =   31.7/s Avg:  4741 Min:  4620 Max:  4837 Err:     0 (0.00%) Active: 150 Started: 150 Finished: 0
2021-11-03 19:10:00,014 INFO o.a.j.r.Summariser: summary =  47094 in 00:25:02 =   31.3/s Avg:  4682 Min:    63 Max:  5815 Err:     0 (0.00%)
2021-11-03 19:10:30,004 INFO o.a.j.r.Summariser: summary +    946 in 00:00:30 =   31.5/s Avg:  4750 Min:  4644 Max:  4879 Err:     0 (0.00%) Active: 150 Started: 150 Finished: 0
2021-11-03 19:10:30,005 INFO o.a.j.r.Summariser: summary =  48040 in 00:25:32 =   31.3/s Avg:  4684 Min:    63 Max:  5815 Err:     0 (0.00%)
2021-11-03 19:11:00,048 INFO o.a.j.r.Summariser: summary +    948 in 00:00:30 =   31.6/s Avg:  4759 Min:  4639 Max:  4861 Err:     0 (0.00%) Active: 150 Started: 150 Finished: 0
2021-11-03 19:11:00,049 INFO o.a.j.r.Summariser: summary =  48988 in 00:26:02 =   31.4/s Avg:  4685 Min:    63 Max:  5815 Err:     0 (0.00%)
2021-11-03 19:11:30,002 INFO o.a.j.r.Summariser: summary +    945 in 00:00:30 =   31.5/s Avg:  4752 Min:  4624 Max:  4843 Err:     0 (0.00%) Active: 150 Started: 150 Finished: 0
2021-11-03 19:11:30,003 INFO o.a.j.r.Summariser: summary =  49933 in 00:26:32 =   31.4/s Avg:  4686 Min:    63 Max:  5815 Err:     0 (0.00%)
2021-11-03 19:12:00,017 INFO o.a.j.r.Summariser: summary +    948 in 00:00:30 =   31.6/s Avg:  4749 Min:  4625 Max:  4865 Err:     0 (0.00%) Active: 150 Started: 150 Finished: 0
2021-11-03 19:12:00,018 INFO o.a.j.r.Summariser: summary =  50881 in 00:27:02 =   31.4/s Avg:  4688 Min:    63 Max:  5815 Err:     0 (0.00%)
2021-11-03 19:12:30,022 INFO o.a.j.r.Summariser: summary +    950 in 00:00:30 =   31.7/s Avg:  4744 Min:  4624 Max:  4855 Err:     0 (0.00%) Active: 150 Started: 150 Finished: 0
2021-11-03 19:12:30,022 INFO o.a.j.r.Summariser: summary =  51831 in 00:27:32 =   31.4/s Avg:  4689 Min:    63 Max:  5815 Err:     0 (0.00%)
2021-11-03 19:13:00,019 INFO o.a.j.r.Summariser: summary +    946 in 00:00:30 =   31.5/s Avg:  4753 Min:  4633 Max:  4843 Err:     0 (0.00%) Active: 150 Started: 150 Finished: 0
2021-11-03 19:13:00,020 INFO o.a.j.r.Summariser: summary =  52777 in 00:28:02 =   31.4/s Avg:  4690 Min:    63 Max:  5815 Err:     0 (0.00%)
2021-11-03 19:13:30,018 INFO o.a.j.r.Summariser: summary +    946 in 00:00:30 =   31.5/s Avg:  4755 Min:  4659 Max:  4857 Err:     0 (0.00%) Active: 150 Started: 150 Finished: 0
2021-11-03 19:13:30,019 INFO o.a.j.r.Summariser: summary =  53723 in 00:28:32 =   31.4/s Avg:  4691 Min:    63 Max:  5815 Err:     0 (0.00%)
2021-11-03 19:14:00,012 INFO o.a.j.r.Summariser: summary +    949 in 00:00:30 =   31.6/s Avg:  4743 Min:  4624 Max:  4853 Err:     0 (0.00%) Active: 150 Started: 150 Finished: 0
2021-11-03 19:14:00,012 INFO o.a.j.r.Summariser: summary =  54672 in 00:29:02 =   31.4/s Avg:  4692 Min:    63 Max:  5815 Err:     0 (0.00%)
2021-11-03 19:14:30,073 INFO o.a.j.r.Summariser: summary +    948 in 00:00:30 =   31.5/s Avg:  4751 Min:  4642 Max:  4834 Err:     0 (0.00%) Active: 150 Started: 150 Finished: 0
2021-11-03 19:14:30,074 INFO o.a.j.r.Summariser: summary =  55620 in 00:29:32 =   31.4/s Avg:  4693 Min:    63 Max:  5815 Err:     0 (0.00%)
2021-11-03 19:14:57,810 INFO o.a.j.t.JMeterThread: Stopping because end time detected by thread: Thread Group 1-24
2021-11-03 19:14:57,810 INFO o.a.j.t.JMeterThread: Thread finished: Thread Group 1-24
2021-11-03 19:14:57,921 INFO o.a.j.t.JMeterThread: Stopping because end time detected by thread: Thread Group 1-28
2021-11-03 19:14:57,921 INFO o.a.j.t.JMeterThread: Thread finished: Thread Group 1-28
2021-11-03 19:14:57,954 INFO o.a.j.t.JMeterThread: Stopping because end time detected by thread: Thread Group 1-17
2021-11-03 19:14:57,954 INFO o.a.j.t.JMeterThread: Thread finished: Thread Group 1-17
2021-11-03 19:14:57,954 INFO o.a.j.t.JMeterThread: Stopping because end time detected by thread: Thread Group 1-67
2021-11-03 19:14:57,954 INFO o.a.j.t.JMeterThread: Thread finished: Thread Group 1-67
2021-11-03 19:14:58,037 INFO o.a.j.t.JMeterThread: Stopping because end time detected by thread: Thread Group 1-42
2021-11-03 19:14:58,037 INFO o.a.j.t.JMeterThread: Thread finished: Thread Group 1-42
2021-11-03 19:14:58,044 INFO o.a.j.t.JMeterThread: Stopping because end time detected by thread: Thread Group 1-53
2021-11-03 19:14:58,044 INFO o.a.j.t.JMeterThread: Thread finished: Thread Group 1-53
2021-11-03 19:14:58,077 INFO o.a.j.t.JMeterThread: Stopping because end time detected by thread: Thread Group 1-10
2021-11-03 19:14:58,077 INFO o.a.j.t.JMeterThread: Thread finished: Thread Group 1-10
2021-11-03 19:14:58,078 INFO o.a.j.t.JMeterThread: Stopping because end time detected by thread: Thread Group 1-86
2021-11-03 19:14:58,078 INFO o.a.j.t.JMeterThread: Thread finished: Thread Group 1-86
2021-11-03 19:14:58,159 INFO o.a.j.t.JMeterThread: Stopping because end time detected by thread: Thread Group 1-58
2021-11-03 19:14:58,159 INFO o.a.j.t.JMeterThread: Thread finished: Thread Group 1-58
2021-11-03 19:14:58,181 INFO o.a.j.t.JMeterThread: Stopping because end time detected by thread: Thread Group 1-79
2021-11-03 19:14:58,181 INFO o.a.j.t.JMeterThread: Thread finished: Thread Group 1-79
2021-11-03 19:14:58,208 INFO o.a.j.t.JMeterThread: Stopping because end time detected by thread: Thread Group 1-109
2021-11-03 19:14:58,208 INFO o.a.j.t.JMeterThread: Thread finished: Thread Group 1-109
2021-11-03 19:14:58,211 INFO o.a.j.t.JMeterThread: Stopping because end time detected by thread: Thread Group 1-149
2021-11-03 19:14:58,211 INFO o.a.j.t.JMeterThread: Thread finished: Thread Group 1-149
2021-11-03 19:14:58,288 INFO o.a.j.t.JMeterThread: Stopping because end time detected by thread: Thread Group 1-73
2021-11-03 19:14:58,288 INFO o.a.j.t.JMeterThread: Thread finished: Thread Group 1-73
2021-11-03 19:14:58,304 INFO o.a.j.t.JMeterThread: Stopping because end time detected by thread: Thread Group 1-101
2021-11-03 19:14:58,304 INFO o.a.j.t.JMeterThread: Thread finished: Thread Group 1-101
2021-11-03 19:14:58,334 INFO o.a.j.t.JMeterThread: Stopping because end time detected by thread: Thread Group 1-13
2021-11-03 19:14:58,334 INFO o.a.j.t.JMeterThread: Thread finished: Thread Group 1-13
2021-11-03 19:14:58,335 INFO o.a.j.t.JMeterThread: Stopping because end time detected by thread: Thread Group 1-126
2021-11-03 19:14:58,335 INFO o.a.j.t.JMeterThread: Thread finished: Thread Group 1-126
2021-11-03 19:14:58,418 INFO o.a.j.t.JMeterThread: Stopping because end time detected by thread: Thread Group 1-19
2021-11-03 19:14:58,418 INFO o.a.j.t.JMeterThread: Thread finished: Thread Group 1-19
2021-11-03 19:14:58,427 INFO o.a.j.t.JMeterThread: Stopping because end time detected by thread: Thread Group 1-46
2021-11-03 19:14:58,427 INFO o.a.j.t.JMeterThread: Thread finished: Thread Group 1-46
2021-11-03 19:14:58,459 INFO o.a.j.t.JMeterThread: Stopping because end time detected by thread: Thread Group 1-63
2021-11-03 19:14:58,459 INFO o.a.j.t.JMeterThread: Thread finished: Thread Group 1-63
2021-11-03 19:14:58,462 INFO o.a.j.t.JMeterThread: Stopping because end time detected by thread: Thread Group 1-8
2021-11-03 19:14:58,462 INFO o.a.j.t.JMeterThread: Thread finished: Thread Group 1-8
2021-11-03 19:14:58,544 INFO o.a.j.t.JMeterThread: Stopping because end time detected by thread: Thread Group 1-100
2021-11-03 19:14:58,544 INFO o.a.j.t.JMeterThread: Thread finished: Thread Group 1-100
2021-11-03 19:14:58,549 INFO o.a.j.t.JMeterThread: Stopping because end time detected by thread: Thread Group 1-127
2021-11-03 19:14:58,549 INFO o.a.j.t.JMeterThread: Thread finished: Thread Group 1-127
2021-11-03 19:14:58,594 INFO o.a.j.t.JMeterThread: Stopping because end time detected by thread: Thread Group 1-94
2021-11-03 19:14:58,594 INFO o.a.j.t.JMeterThread: Thread finished: Thread Group 1-94
2021-11-03 19:14:58,594 INFO o.a.j.t.JMeterThread: Stopping because end time detected by thread: Thread Group 1-31
2021-11-03 19:14:58,594 INFO o.a.j.t.JMeterThread: Thread finished: Thread Group 1-31
2021-11-03 19:14:58,672 INFO o.a.j.t.JMeterThread: Stopping because end time detected by thread: Thread Group 1-93
2021-11-03 19:14:58,672 INFO o.a.j.t.JMeterThread: Thread finished: Thread Group 1-93
2021-11-03 19:14:58,673 INFO o.a.j.t.JMeterThread: Stopping because end time detected by thread: Thread Group 1-68
2021-11-03 19:14:58,673 INFO o.a.j.t.JMeterThread: Thread finished: Thread Group 1-68
2021-11-03 19:14:58,713 INFO o.a.j.t.JMeterThread: Stopping because end time detected by thread: Thread Group 1-128
2021-11-03 19:14:58,713 INFO o.a.j.t.JMeterThread: Thread finished: Thread Group 1-128
2021-11-03 19:14:58,719 INFO o.a.j.t.JMeterThread: Stopping because end time detected by thread: Thread Group 1-110
2021-11-03 19:14:58,719 INFO o.a.j.t.JMeterThread: Thread finished: Thread Group 1-110
2021-11-03 19:14:58,789 INFO o.a.j.t.JMeterThread: Stopping because end time detected by thread: Thread Group 1-80
2021-11-03 19:14:58,789 INFO o.a.j.t.JMeterThread: Thread finished: Thread Group 1-80
2021-11-03 19:14:58,809 INFO o.a.j.t.JMeterThread: Stopping because end time detected by thread: Thread Group 1-87
2021-11-03 19:14:58,809 INFO o.a.j.t.JMeterThread: Thread finished: Thread Group 1-87
2021-11-03 19:14:58,838 INFO o.a.j.t.JMeterThread: Stopping because end time detected by thread: Thread Group 1-150
2021-11-03 19:14:58,838 INFO o.a.j.t.JMeterThread: Thread finished: Thread Group 1-150
2021-11-03 19:14:58,840 INFO o.a.j.t.JMeterThread: Stopping because end time detected by thread: Thread Group 1-36
2021-11-03 19:14:58,840 INFO o.a.j.t.JMeterThread: Thread finished: Thread Group 1-36
2021-11-03 19:14:58,920 INFO o.a.j.t.JMeterThread: Stopping because end time detected by thread: Thread Group 1-18
2021-11-03 19:14:58,920 INFO o.a.j.t.JMeterThread: Thread finished: Thread Group 1-18
2021-11-03 19:14:58,925 INFO o.a.j.t.JMeterThread: Stopping because end time detected by thread: Thread Group 1-50
2021-11-03 19:14:58,925 INFO o.a.j.t.JMeterThread: Thread finished: Thread Group 1-50
2021-11-03 19:14:58,966 INFO o.a.j.t.JMeterThread: Stopping because end time detected by thread: Thread Group 1-138
2021-11-03 19:14:58,966 INFO o.a.j.t.JMeterThread: Thread finished: Thread Group 1-138
2021-11-03 19:14:58,967 INFO o.a.j.t.JMeterThread: Stopping because end time detected by thread: Thread Group 1-43
2021-11-03 19:14:58,967 INFO o.a.j.t.JMeterThread: Thread finished: Thread Group 1-43
2021-11-03 19:14:59,044 INFO o.a.j.t.JMeterThread: Stopping because end time detected by thread: Thread Group 1-102
2021-11-03 19:14:59,044 INFO o.a.j.t.JMeterThread: Thread finished: Thread Group 1-102
2021-11-03 19:14:59,055 INFO o.a.j.t.JMeterThread: Stopping because end time detected by thread: Thread Group 1-139
2021-11-03 19:14:59,055 INFO o.a.j.t.JMeterThread: Thread finished: Thread Group 1-139
2021-11-03 19:14:59,088 INFO o.a.j.t.JMeterThread: Stopping because end time detected by thread: Thread Group 1-39
2021-11-03 19:14:59,088 INFO o.a.j.t.JMeterThread: Thread finished: Thread Group 1-39
2021-11-03 19:14:59,094 INFO o.a.j.t.JMeterThread: Stopping because end time detected by thread: Thread Group 1-74
2021-11-03 19:14:59,094 INFO o.a.j.t.JMeterThread: Thread finished: Thread Group 1-74
2021-11-03 19:14:59,179 INFO o.a.j.t.JMeterThread: Stopping because end time detected by thread: Thread Group 1-26
2021-11-03 19:14:59,179 INFO o.a.j.t.JMeterThread: Stopping because end time detected by thread: Thread Group 1-119
2021-11-03 19:14:59,179 INFO o.a.j.t.JMeterThread: Thread finished: Thread Group 1-26
2021-11-03 19:14:59,179 INFO o.a.j.t.JMeterThread: Thread finished: Thread Group 1-119
2021-11-03 19:14:59,214 INFO o.a.j.t.JMeterThread: Stopping because end time detected by thread: Thread Group 1-55
2021-11-03 19:14:59,214 INFO o.a.j.t.JMeterThread: Thread finished: Thread Group 1-55
2021-11-03 19:14:59,219 INFO o.a.j.t.JMeterThread: Stopping because end time detected by thread: Thread Group 1-140
2021-11-03 19:14:59,219 INFO o.a.j.t.JMeterThread: Thread finished: Thread Group 1-140
2021-11-03 19:14:59,314 INFO o.a.j.t.JMeterThread: Stopping because end time detected by thread: Thread Group 1-40
2021-11-03 19:14:59,314 INFO o.a.j.t.JMeterThread: Thread finished: Thread Group 1-40
2021-11-03 19:14:59,314 INFO o.a.j.t.JMeterThread: Stopping because end time detected by thread: Thread Group 1-54
2021-11-03 19:14:59,314 INFO o.a.j.t.JMeterThread: Thread finished: Thread Group 1-54
2021-11-03 19:14:59,339 INFO o.a.j.t.JMeterThread: Stopping because end time detected by thread: Thread Group 1-88
2021-11-03 19:14:59,339 INFO o.a.j.t.JMeterThread: Thread finished: Thread Group 1-88
2021-11-03 19:14:59,348 INFO o.a.j.t.JMeterThread: Stopping because end time detected by thread: Thread Group 1-23
2021-11-03 19:14:59,348 INFO o.a.j.t.JMeterThread: Thread finished: Thread Group 1-23
2021-11-03 19:14:59,430 INFO o.a.j.t.JMeterThread: Stopping because end time detected by thread: Thread Group 1-129
2021-11-03 19:14:59,430 INFO o.a.j.t.JMeterThread: Thread finished: Thread Group 1-129
2021-11-03 19:14:59,438 INFO o.a.j.t.JMeterThread: Stopping because end time detected by thread: Thread Group 1-111
2021-11-03 19:14:59,438 INFO o.a.j.t.JMeterThread: Thread finished: Thread Group 1-111
2021-11-03 19:14:59,475 INFO o.a.j.t.JMeterThread: Stopping because end time detected by thread: Thread Group 1-118
2021-11-03 19:14:59,475 INFO o.a.j.t.JMeterThread: Stopping because end time detected by thread: Thread Group 1-33
2021-11-03 19:14:59,475 INFO o.a.j.t.JMeterThread: Thread finished: Thread Group 1-33
2021-11-03 19:14:59,476 INFO o.a.j.t.JMeterThread: Thread finished: Thread Group 1-118
2021-11-03 19:14:59,552 INFO o.a.j.t.JMeterThread: Stopping because end time detected by thread: Thread Group 1-95
2021-11-03 19:14:59,552 INFO o.a.j.t.JMeterThread: Stopping because end time detected by thread: Thread Group 1-120
2021-11-03 19:14:59,552 INFO o.a.j.t.JMeterThread: Thread finished: Thread Group 1-120
2021-11-03 19:14:59,552 INFO o.a.j.t.JMeterThread: Thread finished: Thread Group 1-95
2021-11-03 19:14:59,599 INFO o.a.j.t.JMeterThread: Stopping because end time detected by thread: Thread Group 1-132
2021-11-03 19:14:59,599 INFO o.a.j.t.JMeterThread: Stopping because end time detected by thread: Thread Group 1-122
2021-11-03 19:14:59,599 INFO o.a.j.t.JMeterThread: Thread finished: Thread Group 1-132
2021-11-03 19:14:59,599 INFO o.a.j.t.JMeterThread: Thread finished: Thread Group 1-122
2021-11-03 19:14:59,686 INFO o.a.j.t.JMeterThread: Stopping because end time detected by thread: Thread Group 1-141
2021-11-03 19:14:59,686 INFO o.a.j.t.JMeterThread: Thread finished: Thread Group 1-141
2021-11-03 19:14:59,693 INFO o.a.j.t.JMeterThread: Stopping because end time detected by thread: Thread Group 1-82
2021-11-03 19:14:59,693 INFO o.a.j.t.JMeterThread: Thread finished: Thread Group 1-82
2021-11-03 19:14:59,717 INFO o.a.j.t.JMeterThread: Stopping because end time detected by thread: Thread Group 1-29
2021-11-03 19:14:59,717 INFO o.a.j.t.JMeterThread: Thread finished: Thread Group 1-29
2021-11-03 19:14:59,729 INFO o.a.j.t.JMeterThread: Stopping because end time detected by thread: Thread Group 1-12
2021-11-03 19:14:59,729 INFO o.a.j.t.JMeterThread: Thread finished: Thread Group 1-12
2021-11-03 19:14:59,807 INFO o.a.j.t.JMeterThread: Stopping because end time detected by thread: Thread Group 1-112
2021-11-03 19:14:59,807 INFO o.a.j.t.JMeterThread: Thread finished: Thread Group 1-112
2021-11-03 19:14:59,817 INFO o.a.j.t.JMeterThread: Stopping because end time detected by thread: Thread Group 1-131
2021-11-03 19:14:59,817 INFO o.a.j.t.JMeterThread: Thread finished: Thread Group 1-131
2021-11-03 19:14:59,844 INFO o.a.j.t.JMeterThread: Stopping because end time detected by thread: Thread Group 1-47
2021-11-03 19:14:59,844 INFO o.a.j.t.JMeterThread: Thread finished: Thread Group 1-47
2021-11-03 19:14:59,846 INFO o.a.j.t.JMeterThread: Stopping because end time detected by thread: Thread Group 1-121
2021-11-03 19:14:59,846 INFO o.a.j.t.JMeterThread: Thread finished: Thread Group 1-121
2021-11-03 19:14:59,936 INFO o.a.j.t.JMeterThread: Stopping because end time detected by thread: Thread Group 1-69
2021-11-03 19:14:59,936 INFO o.a.j.t.JMeterThread: Stopping because end time detected by thread: Thread Group 1-130
2021-11-03 19:14:59,936 INFO o.a.j.t.JMeterThread: Thread finished: Thread Group 1-69
2021-11-03 19:14:59,936 INFO o.a.j.t.JMeterThread: Thread finished: Thread Group 1-130
2021-11-03 19:14:59,975 INFO o.a.j.t.JMeterThread: Stopping because end time detected by thread: Thread Group 1-103
2021-11-03 19:14:59,975 INFO o.a.j.t.JMeterThread: Thread finished: Thread Group 1-103
2021-11-03 19:15:00,000 INFO o.a.j.r.Summariser: summary +    943 in 00:00:30 =   31.5/s Avg:  4764 Min:  4613 Max:  6220 Err:     0 (0.00%) Active: 83 Started: 150 Finished: 67
2021-11-03 19:15:00,000 INFO o.a.j.r.Summariser: summary =  56563 in 00:30:02 =   31.4/s Avg:  4694 Min:    63 Max:  6220 Err:     0 (0.00%)
2021-11-03 19:15:00,001 INFO o.a.j.t.JMeterThread: Stopping because end time detected by thread: Thread Group 1-123
2021-11-03 19:15:00,001 INFO o.a.j.t.JMeterThread: Thread finished: Thread Group 1-123
2021-11-03 19:15:00,008 INFO o.a.j.t.JMeterThread: Stopping because end time detected by thread: Thread Group 1-2
2021-11-03 19:15:00,008 INFO o.a.j.t.JMeterThread: Thread finished: Thread Group 1-2
2021-11-03 19:15:00,071 INFO o.a.j.t.JMeterThread: Stopping because end time detected by thread: Thread Group 1-75
2021-11-03 19:15:00,071 INFO o.a.j.t.JMeterThread: Thread finished: Thread Group 1-75
2021-11-03 19:15:00,116 INFO o.a.j.t.JMeterThread: Stopping because end time detected by thread: Thread Group 1-21
2021-11-03 19:15:00,116 INFO o.a.j.t.JMeterThread: Thread finished: Thread Group 1-21
2021-11-03 19:15:00,134 INFO o.a.j.t.JMeterThread: Stopping because end time detected by thread: Thread Group 1-89
2021-11-03 19:15:00,134 INFO o.a.j.t.JMeterThread: Thread finished: Thread Group 1-89
2021-11-03 19:15:00,139 INFO o.a.j.t.JMeterThread: Stopping because end time detected by thread: Thread Group 1-34
2021-11-03 19:15:00,139 INFO o.a.j.t.JMeterThread: Thread finished: Thread Group 1-34
2021-11-03 19:15:00,207 INFO o.a.j.t.JMeterThread: Stopping because end time detected by thread: Thread Group 1-70
2021-11-03 19:15:00,207 INFO o.a.j.t.JMeterThread: Thread finished: Thread Group 1-70
2021-11-03 19:15:00,237 INFO o.a.j.t.JMeterThread: Stopping because end time detected by thread: Thread Group 1-65
2021-11-03 19:15:00,237 INFO o.a.j.t.JMeterThread: Thread finished: Thread Group 1-65
2021-11-03 19:15:00,249 INFO o.a.j.t.JMeterThread: Stopping because end time detected by thread: Thread Group 1-142
2021-11-03 19:15:00,249 INFO o.a.j.t.JMeterThread: Thread finished: Thread Group 1-142
2021-11-03 19:15:00,260 INFO o.a.j.t.JMeterThread: Stopping because end time detected by thread: Thread Group 1-37
2021-11-03 19:15:00,260 INFO o.a.j.t.JMeterThread: Thread finished: Thread Group 1-37
2021-11-03 19:15:00,314 INFO o.a.j.t.JMeterThread: Stopping because end time detected by thread: Thread Group 1-77
2021-11-03 19:15:00,314 INFO o.a.j.t.JMeterThread: Thread finished: Thread Group 1-77
2021-11-03 19:15:00,376 INFO o.a.j.t.JMeterThread: Stopping because end time detected by thread: Thread Group 1-81
2021-11-03 19:15:00,376 INFO o.a.j.t.JMeterThread: Thread finished: Thread Group 1-81
2021-11-03 19:15:00,383 INFO o.a.j.t.JMeterThread: Stopping because end time detected by thread: Thread Group 1-83
2021-11-03 19:15:00,383 INFO o.a.j.t.JMeterThread: Thread finished: Thread Group 1-83
2021-11-03 19:15:00,412 INFO o.a.j.t.JMeterThread: Stopping because end time detected by thread: Thread Group 1-96
2021-11-03 19:15:00,412 INFO o.a.j.t.JMeterThread: Thread finished: Thread Group 1-96
2021-11-03 19:15:00,413 INFO o.a.j.t.JMeterThread: Stopping because end time detected by thread: Thread Group 1-76
2021-11-03 19:15:00,413 INFO o.a.j.t.JMeterThread: Thread finished: Thread Group 1-76
2021-11-03 19:15:00,503 INFO o.a.j.t.JMeterThread: Stopping because end time detected by thread: Thread Group 1-104
2021-11-03 19:15:00,503 INFO o.a.j.t.JMeterThread: Thread finished: Thread Group 1-104
2021-11-03 19:15:00,504 INFO o.a.j.t.JMeterThread: Stopping because end time detected by thread: Thread Group 1-51
2021-11-03 19:15:00,504 INFO o.a.j.t.JMeterThread: Thread finished: Thread Group 1-51
2021-11-03 19:15:00,537 INFO o.a.j.t.JMeterThread: Stopping because end time detected by thread: Thread Group 1-7
2021-11-03 19:15:00,537 INFO o.a.j.t.JMeterThread: Thread finished: Thread Group 1-7
2021-11-03 19:15:00,538 INFO o.a.j.t.JMeterThread: Stopping because end time detected by thread: Thread Group 1-27
2021-11-03 19:15:00,538 INFO o.a.j.t.JMeterThread: Thread finished: Thread Group 1-27
2021-11-03 19:15:00,629 INFO o.a.j.t.JMeterThread: Stopping because end time detected by thread: Thread Group 1-59
2021-11-03 19:15:00,629 INFO o.a.j.t.JMeterThread: Thread finished: Thread Group 1-59
2021-11-03 19:15:00,632 INFO o.a.j.t.JMeterThread: Stopping because end time detected by thread: Thread Group 1-113
2021-11-03 19:15:00,632 INFO o.a.j.t.JMeterThread: Thread finished: Thread Group 1-113
2021-11-03 19:15:00,654 INFO o.a.j.t.JMeterThread: Stopping because end time detected by thread: Thread Group 1-114
2021-11-03 19:15:00,654 INFO o.a.j.t.JMeterThread: Thread finished: Thread Group 1-114
2021-11-03 19:15:00,671 INFO o.a.j.t.JMeterThread: Stopping because end time detected by thread: Thread Group 1-71
2021-11-03 19:15:00,671 INFO o.a.j.t.JMeterThread: Thread finished: Thread Group 1-71
2021-11-03 19:15:00,751 INFO o.a.j.t.JMeterThread: Stopping because end time detected by thread: Thread Group 1-64
2021-11-03 19:15:00,751 INFO o.a.j.t.JMeterThread: Thread finished: Thread Group 1-64
2021-11-03 19:15:00,758 INFO o.a.j.t.JMeterThread: Stopping because end time detected by thread: Thread Group 1-60
2021-11-03 19:15:00,758 INFO o.a.j.t.JMeterThread: Thread finished: Thread Group 1-60
2021-11-03 19:15:00,792 INFO o.a.j.t.JMeterThread: Stopping because end time detected by thread: Thread Group 1-124
2021-11-03 19:15:00,792 INFO o.a.j.t.JMeterThread: Thread finished: Thread Group 1-124
2021-11-03 19:15:00,797 INFO o.a.j.t.JMeterThread: Stopping because end time detected by thread: Thread Group 1-25
2021-11-03 19:15:00,797 INFO o.a.j.t.JMeterThread: Thread finished: Thread Group 1-25
2021-11-03 19:15:00,880 INFO o.a.j.t.JMeterThread: Stopping because end time detected by thread: Thread Group 1-90
2021-11-03 19:15:00,880 INFO o.a.j.t.JMeterThread: Thread finished: Thread Group 1-90
2021-11-03 19:15:00,891 INFO o.a.j.t.JMeterThread: Stopping because end time detected by thread: Thread Group 1-143
2021-11-03 19:15:00,891 INFO o.a.j.t.JMeterThread: Thread finished: Thread Group 1-143
2021-11-03 19:15:00,918 INFO o.a.j.t.JMeterThread: Stopping because end time detected by thread: Thread Group 1-106
2021-11-03 19:15:00,918 INFO o.a.j.t.JMeterThread: Thread finished: Thread Group 1-106
2021-11-03 19:15:00,921 INFO o.a.j.t.JMeterThread: Stopping because end time detected by thread: Thread Group 1-134
2021-11-03 19:15:00,921 INFO o.a.j.t.JMeterThread: Thread finished: Thread Group 1-134
2021-11-03 19:15:01,009 INFO o.a.j.t.JMeterThread: Stopping because end time detected by thread: Thread Group 1-20
2021-11-03 19:15:01,009 INFO o.a.j.t.JMeterThread: Thread finished: Thread Group 1-20
2021-11-03 19:15:01,026 INFO o.a.j.t.JMeterThread: Stopping because end time detected by thread: Thread Group 1-5
2021-11-03 19:15:01,026 INFO o.a.j.t.JMeterThread: Thread finished: Thread Group 1-5
2021-11-03 19:15:01,039 INFO o.a.j.t.JMeterThread: Stopping because end time detected by thread: Thread Group 1-144
2021-11-03 19:15:01,039 INFO o.a.j.t.JMeterThread: Thread finished: Thread Group 1-144
2021-11-03 19:15:01,048 INFO o.a.j.t.JMeterThread: Stopping because end time detected by thread: Thread Group 1-97
2021-11-03 19:15:01,048 INFO o.a.j.t.JMeterThread: Thread finished: Thread Group 1-97
2021-11-03 19:15:01,136 INFO o.a.j.t.JMeterThread: Stopping because end time detected by thread: Thread Group 1-133
2021-11-03 19:15:01,136 INFO o.a.j.t.JMeterThread: Thread finished: Thread Group 1-133
2021-11-03 19:15:01,145 INFO o.a.j.t.JMeterThread: Stopping because end time detected by thread: Thread Group 1-105
2021-11-03 19:15:01,145 INFO o.a.j.t.JMeterThread: Thread finished: Thread Group 1-105
2021-11-03 19:15:01,146 INFO o.a.j.t.JMeterThread: Stopping because end time detected by thread: Thread Group 1-6
2021-11-03 19:15:01,146 INFO o.a.j.t.JMeterThread: Thread finished: Thread Group 1-6
2021-11-03 19:15:01,199 INFO o.a.j.t.JMeterThread: Stopping because end time detected by thread: Thread Group 1-44
2021-11-03 19:15:01,199 INFO o.a.j.t.JMeterThread: Thread finished: Thread Group 1-44
2021-11-03 19:15:01,232 INFO o.a.j.t.JMeterThread: Stopping because end time detected by thread: Thread Group 1-136
2021-11-03 19:15:01,232 INFO o.a.j.t.JMeterThread: Thread finished: Thread Group 1-136
2021-11-03 19:15:01,289 INFO o.a.j.t.JMeterThread: Stopping because end time detected by thread: Thread Group 1-3
2021-11-03 19:15:01,289 INFO o.a.j.t.JMeterThread: Thread finished: Thread Group 1-3
2021-11-03 19:15:01,299 INFO o.a.j.t.JMeterThread: Stopping because end time detected by thread: Thread Group 1-1
2021-11-03 19:15:01,299 INFO o.a.j.t.JMeterThread: Thread finished: Thread Group 1-1
2021-11-03 19:15:01,309 INFO o.a.j.t.JMeterThread: Stopping because end time detected by thread: Thread Group 1-41
2021-11-03 19:15:01,309 INFO o.a.j.t.JMeterThread: Thread finished: Thread Group 1-41
2021-11-03 19:15:01,338 INFO o.a.j.t.JMeterThread: Stopping because end time detected by thread: Thread Group 1-78
2021-11-03 19:15:01,338 INFO o.a.j.t.JMeterThread: Thread finished: Thread Group 1-78
2021-11-03 19:15:01,415 INFO o.a.j.t.JMeterThread: Stopping because end time detected by thread: Thread Group 1-115
2021-11-03 19:15:01,415 INFO o.a.j.t.JMeterThread: Thread finished: Thread Group 1-115
2021-11-03 19:15:01,427 INFO o.a.j.t.JMeterThread: Stopping because end time detected by thread: Thread Group 1-145
2021-11-03 19:15:01,427 INFO o.a.j.t.JMeterThread: Thread finished: Thread Group 1-145
2021-11-03 19:15:01,441 INFO o.a.j.t.JMeterThread: Stopping because end time detected by thread: Thread Group 1-4
2021-11-03 19:15:01,441 INFO o.a.j.t.JMeterThread: Thread finished: Thread Group 1-4
2021-11-03 19:15:01,485 INFO o.a.j.t.JMeterThread: Stopping because end time detected by thread: Thread Group 1-84
2021-11-03 19:15:01,485 INFO o.a.j.t.JMeterThread: Thread finished: Thread Group 1-84
2021-11-03 19:15:01,509 INFO o.a.j.t.JMeterThread: Stopping because end time detected by thread: Thread Group 1-91
2021-11-03 19:15:01,509 INFO o.a.j.t.JMeterThread: Thread finished: Thread Group 1-91
2021-11-03 19:15:01,571 INFO o.a.j.t.JMeterThread: Stopping because end time detected by thread: Thread Group 1-16
2021-11-03 19:15:01,571 INFO o.a.j.t.JMeterThread: Thread finished: Thread Group 1-16
2021-11-03 19:15:01,574 INFO o.a.j.t.JMeterThread: Stopping because end time detected by thread: Thread Group 1-56
2021-11-03 19:15:01,574 INFO o.a.j.t.JMeterThread: Thread finished: Thread Group 1-56
2021-11-03 19:15:01,612 INFO o.a.j.t.JMeterThread: Stopping because end time detected by thread: Thread Group 1-32
2021-11-03 19:15:01,612 INFO o.a.j.t.JMeterThread: Thread finished: Thread Group 1-32
2021-11-03 19:15:01,625 INFO o.a.j.t.JMeterThread: Stopping because end time detected by thread: Thread Group 1-9
2021-11-03 19:15:01,625 INFO o.a.j.t.JMeterThread: Thread finished: Thread Group 1-9
2021-11-03 19:15:01,693 INFO o.a.j.t.JMeterThread: Stopping because end time detected by thread: Thread Group 1-98
2021-11-03 19:15:01,693 INFO o.a.j.t.JMeterThread: Thread finished: Thread Group 1-98
2021-11-03 19:15:01,693 INFO o.a.j.t.JMeterThread: Stopping because end time detected by thread: Thread Group 1-52
2021-11-03 19:15:01,693 INFO o.a.j.t.JMeterThread: Thread finished: Thread Group 1-52
2021-11-03 19:15:01,712 INFO o.a.j.t.JMeterThread: Stopping because end time detected by thread: Thread Group 1-85
2021-11-03 19:15:01,712 INFO o.a.j.t.JMeterThread: Thread finished: Thread Group 1-85
2021-11-03 19:15:01,772 INFO o.a.j.t.JMeterThread: Stopping because end time detected by thread: Thread Group 1-135
2021-11-03 19:15:01,772 INFO o.a.j.t.JMeterThread: Thread finished: Thread Group 1-135
2021-11-03 19:15:01,790 INFO o.a.j.t.JMeterThread: Stopping because end time detected by thread: Thread Group 1-146
2021-11-03 19:15:01,790 INFO o.a.j.t.JMeterThread: Thread finished: Thread Group 1-146
2021-11-03 19:15:01,851 INFO o.a.j.t.JMeterThread: Stopping because end time detected by thread: Thread Group 1-117
2021-11-03 19:15:01,851 INFO o.a.j.t.JMeterThread: Thread finished: Thread Group 1-117
2021-11-03 19:15:01,857 INFO o.a.j.t.JMeterThread: Stopping because end time detected by thread: Thread Group 1-22
2021-11-03 19:15:01,857 INFO o.a.j.t.JMeterThread: Thread finished: Thread Group 1-22
2021-11-03 19:15:01,888 INFO o.a.j.t.JMeterThread: Stopping because end time detected by thread: Thread Group 1-107
2021-11-03 19:15:01,888 INFO o.a.j.t.JMeterThread: Thread finished: Thread Group 1-107
2021-11-03 19:15:01,923 INFO o.a.j.t.JMeterThread: Stopping because end time detected by thread: Thread Group 1-72
2021-11-03 19:15:01,923 INFO o.a.j.t.JMeterThread: Thread finished: Thread Group 1-72
2021-11-03 19:15:01,979 INFO o.a.j.t.JMeterThread: Stopping because end time detected by thread: Thread Group 1-15
2021-11-03 19:15:01,979 INFO o.a.j.t.JMeterThread: Thread finished: Thread Group 1-15
2021-11-03 19:15:01,980 INFO o.a.j.t.JMeterThread: Stopping because end time detected by thread: Thread Group 1-11
2021-11-03 19:15:01,980 INFO o.a.j.t.JMeterThread: Thread finished: Thread Group 1-11
2021-11-03 19:15:02,020 INFO o.a.j.t.JMeterThread: Stopping because end time detected by thread: Thread Group 1-66
2021-11-03 19:15:02,020 INFO o.a.j.t.JMeterThread: Thread finished: Thread Group 1-66
2021-11-03 19:15:02,047 INFO o.a.j.t.JMeterThread: Stopping because end time detected by thread: Thread Group 1-49
2021-11-03 19:15:02,047 INFO o.a.j.t.JMeterThread: Thread finished: Thread Group 1-49
2021-11-03 19:15:02,105 INFO o.a.j.t.JMeterThread: Stopping because end time detected by thread: Thread Group 1-61
2021-11-03 19:15:02,105 INFO o.a.j.t.JMeterThread: Thread finished: Thread Group 1-61
2021-11-03 19:15:02,108 INFO o.a.j.t.JMeterThread: Stopping because end time detected by thread: Thread Group 1-35
2021-11-03 19:15:02,108 INFO o.a.j.t.JMeterThread: Thread finished: Thread Group 1-35
2021-11-03 19:15:02,139 INFO o.a.j.t.JMeterThread: Stopping because end time detected by thread: Thread Group 1-45
2021-11-03 19:15:02,139 INFO o.a.j.t.JMeterThread: Thread finished: Thread Group 1-45
2021-11-03 19:15:02,171 INFO o.a.j.t.JMeterThread: Stopping because end time detected by thread: Thread Group 1-92
2021-11-03 19:15:02,171 INFO o.a.j.t.JMeterThread: Thread finished: Thread Group 1-92
2021-11-03 19:15:02,237 INFO o.a.j.t.JMeterThread: Stopping because end time detected by thread: Thread Group 1-99
2021-11-03 19:15:02,237 INFO o.a.j.t.JMeterThread: Thread finished: Thread Group 1-99
2021-11-03 19:15:02,238 INFO o.a.j.t.JMeterThread: Stopping because end time detected by thread: Thread Group 1-30
2021-11-03 19:15:02,238 INFO o.a.j.t.JMeterThread: Thread finished: Thread Group 1-30
2021-11-03 19:15:02,268 INFO o.a.j.t.JMeterThread: Stopping because end time detected by thread: Thread Group 1-57
2021-11-03 19:15:02,268 INFO o.a.j.t.JMeterThread: Thread finished: Thread Group 1-57
2021-11-03 19:15:02,312 INFO o.a.j.t.JMeterThread: Stopping because end time detected by thread: Thread Group 1-14
2021-11-03 19:15:02,312 INFO o.a.j.t.JMeterThread: Thread finished: Thread Group 1-14
2021-11-03 19:15:02,366 INFO o.a.j.t.JMeterThread: Stopping because end time detected by thread: Thread Group 1-108
2021-11-03 19:15:02,366 INFO o.a.j.t.JMeterThread: Thread finished: Thread Group 1-108
2021-11-03 19:15:02,368 INFO o.a.j.t.JMeterThread: Stopping because end time detected by thread: Thread Group 1-38
2021-11-03 19:15:02,368 INFO o.a.j.t.JMeterThread: Thread finished: Thread Group 1-38
2021-11-03 19:15:02,394 INFO o.a.j.t.JMeterThread: Stopping because end time detected by thread: Thread Group 1-137
2021-11-03 19:15:02,394 INFO o.a.j.t.JMeterThread: Thread finished: Thread Group 1-137
2021-11-03 19:15:02,429 INFO o.a.j.t.JMeterThread: Stopping because end time detected by thread: Thread Group 1-147
2021-11-03 19:15:02,429 INFO o.a.j.t.JMeterThread: Thread finished: Thread Group 1-147
2021-11-03 19:15:02,476 INFO o.a.j.t.JMeterThread: Stopping because end time detected by thread: Thread Group 1-62
2021-11-03 19:15:02,476 INFO o.a.j.t.JMeterThread: Thread finished: Thread Group 1-62
2021-11-03 19:15:02,477 INFO o.a.j.t.JMeterThread: Stopping because end time detected by thread: Thread Group 1-48
2021-11-03 19:15:02,477 INFO o.a.j.t.JMeterThread: Thread finished: Thread Group 1-48
2021-11-03 19:15:02,514 INFO o.a.j.t.JMeterThread: Stopping because end time detected by thread: Thread Group 1-116
2021-11-03 19:15:02,514 INFO o.a.j.t.JMeterThread: Thread finished: Thread Group 1-116
2021-11-03 19:15:02,520 INFO o.a.j.t.JMeterThread: Stopping because end time detected by thread: Thread Group 1-125
2021-11-03 19:15:02,520 INFO o.a.j.t.JMeterThread: Thread finished: Thread Group 1-125
2021-11-03 19:15:02,551 INFO o.a.j.t.JMeterThread: Stopping because end time detected by thread: Thread Group 1-148
2021-11-03 19:15:02,551 INFO o.a.j.t.JMeterThread: Thread finished: Thread Group 1-148
2021-11-03 19:15:02,551 INFO o.a.j.e.StandardJMeterEngine: Notifying test listeners of end of test
2021-11-03 19:15:02,552 INFO o.a.j.r.Summariser: summary +     82 in 00:00:03 =   32.1/s Avg:  4736 Min:  4626 Max:  4834 Err:     0 (0.00%) Active: 0 Started: 150 Finished: 150
2021-11-03 19:15:02,552 INFO o.a.j.r.Summariser: summary =  56645 in 00:30:05 =   31.4/s Avg:  4694 Min:    63 Max:  6220 Err:     0 (0.00%)
