2021-09-11 16:50:39,068 INFO o.a.j.u.JMeterUtils: Setting Locale to en_EN
2021-09-11 16:50:39,107 INFO o.a.j.JMeter: Loading user properties from: /home/ubuntu/apache-jmeter-5.3/bin/user.properties
2021-09-11 16:50:39,109 INFO o.a.j.JMeter: Loading system properties from: /home/ubuntu/apache-jmeter-5.3/bin/system.properties
2021-09-11 16:50:39,112 INFO o.a.j.JMeter: Copyright (c) 1998-2020 The Apache Software Foundation
2021-09-11 16:50:39,112 INFO o.a.j.JMeter: Version 5.3
2021-09-11 16:50:39,112 INFO o.a.j.JMeter: java.version=11.0.11
2021-09-11 16:50:39,112 INFO o.a.j.JMeter: java.vm.name=OpenJDK 64-Bit Server VM
2021-09-11 16:50:39,112 INFO o.a.j.JMeter: os.name=Linux
2021-09-11 16:50:39,112 INFO o.a.j.JMeter: os.arch=amd64
2021-09-11 16:50:39,112 INFO o.a.j.JMeter: os.version=5.4.0-84-generic
2021-09-11 16:50:39,112 INFO o.a.j.JMeter: file.encoding=UTF-8
2021-09-11 16:50:39,113 INFO o.a.j.JMeter: java.awt.headless=true
2021-09-11 16:50:39,113 INFO o.a.j.JMeter: Max memory     =1073741824
2021-09-11 16:50:39,113 INFO o.a.j.JMeter: Available Processors =2
2021-09-11 16:50:39,136 INFO o.a.j.JMeter: Default Locale=English (EN)
2021-09-11 16:50:39,136 INFO o.a.j.JMeter: JMeter  Locale=English (EN)
2021-09-11 16:50:39,136 INFO o.a.j.JMeter: JMeterHome=/home/ubuntu/apache-jmeter-5.3
2021-09-11 16:50:39,136 INFO o.a.j.JMeter: user.dir  =/home/ubuntu
2021-09-11 16:50:39,136 INFO o.a.j.JMeter: PWD       =/home/ubuntu
2021-09-11 16:50:39,138 INFO o.a.j.JMeter: IP: 10.243.64.9 Name: pa-2 FullName: pa-2
2021-09-11 16:50:39,145 INFO o.a.j.s.FileServer: Default base='/home/ubuntu'
2021-09-11 16:50:39,150 INFO o.a.j.s.FileServer: Set new base='/home/ubuntu'
2021-09-11 16:50:39,432 INFO o.a.j.s.SaveService: Testplan (JMX) version: 2.2. Testlog (JTL) version: 2.2
2021-09-11 16:50:39,479 INFO o.a.j.s.SaveService: Using SaveService properties version 5.0
2021-09-11 16:50:39,485 INFO o.a.j.s.SaveService: Using SaveService properties file encoding UTF-8
2021-09-11 16:50:39,491 INFO o.a.j.s.SaveService: Loading file: experiment.jmx
2021-09-11 16:50:39,536 INFO o.a.j.p.h.s.HTTPSamplerBase: Parser for text/html is org.apache.jmeter.protocol.http.parser.LagartoBasedHtmlParser
2021-09-11 16:50:39,536 INFO o.a.j.p.h.s.HTTPSamplerBase: Parser for application/xhtml+xml is org.apache.jmeter.protocol.http.parser.LagartoBasedHtmlParser
2021-09-11 16:50:39,537 INFO o.a.j.p.h.s.HTTPSamplerBase: Parser for application/xml is org.apache.jmeter.protocol.http.parser.LagartoBasedHtmlParser
2021-09-11 16:50:39,537 INFO o.a.j.p.h.s.HTTPSamplerBase: Parser for text/xml is org.apache.jmeter.protocol.http.parser.LagartoBasedHtmlParser
2021-09-11 16:50:39,537 INFO o.a.j.p.h.s.HTTPSamplerBase: Parser for text/vnd.wap.wml is org.apache.jmeter.protocol.http.parser.RegexpHTMLParser
2021-09-11 16:50:39,537 INFO o.a.j.p.h.s.HTTPSamplerBase: Parser for text/css is org.apache.jmeter.protocol.http.parser.CssParser
2021-09-11 16:50:39,549 INFO o.a.j.JMeter: Creating summariser <summary>
2021-09-11 16:50:39,559 INFO o.a.j.e.StandardJMeterEngine: Running the test!
2021-09-11 16:50:39,564 INFO o.a.j.s.SampleEvent: List of sample_variables: []
2021-09-11 16:50:39,564 INFO o.a.j.s.SampleEvent: List of sample_variables: []
2021-09-11 16:50:39,581 INFO o.a.j.e.u.CompoundVariable: Note: Function class names must contain the string: '.functions.'
2021-09-11 16:50:39,581 INFO o.a.j.e.u.CompoundVariable: Note: Function class names must not contain the string: '.gui.'
2021-09-11 16:50:39,985 INFO o.a.j.JMeter: Running test (1631379039985)
2021-09-11 16:50:40,042 INFO o.a.j.e.StandardJMeterEngine: Starting ThreadGroup: 1 : Thread Group
2021-09-11 16:50:40,043 INFO o.a.j.e.StandardJMeterEngine: Starting 150 threads for group Thread Group.
2021-09-11 16:50:40,043 INFO o.a.j.e.StandardJMeterEngine: Test will stop abruptly on error
2021-09-11 16:50:40,043 INFO o.a.j.t.ThreadGroup: Starting thread group... number=1 threads=150 ramp-up=1 delayedStart=false
2021-09-11 16:50:40,072 INFO o.a.j.t.JMeterThread: Thread started: Thread Group 1-1
2021-09-11 16:50:40,080 INFO o.a.j.t.JMeterThread: Thread started: Thread Group 1-2
2021-09-11 16:50:40,084 INFO o.a.j.t.JMeterThread: Thread started: Thread Group 1-3
2021-09-11 16:50:40,090 INFO o.a.j.t.JMeterThread: Thread started: Thread Group 1-5
2021-09-11 16:50:40,091 INFO o.a.j.t.JMeterThread: Thread started: Thread Group 1-4
2021-09-11 16:50:40,097 INFO o.a.j.t.JMeterThread: Thread started: Thread Group 1-6
2021-09-11 16:50:40,099 INFO o.a.j.t.JMeterThread: Thread started: Thread Group 1-7
2021-09-11 16:50:40,105 INFO o.a.j.t.JMeterThread: Thread started: Thread Group 1-8
2021-09-11 16:50:40,112 INFO o.a.j.t.JMeterThread: Thread started: Thread Group 1-9
2021-09-11 16:50:40,118 INFO o.a.j.t.JMeterThread: Thread started: Thread Group 1-10
2021-09-11 16:50:40,127 INFO o.a.j.t.JMeterThread: Thread started: Thread Group 1-11
2021-09-11 16:50:40,131 INFO o.a.j.t.JMeterThread: Thread started: Thread Group 1-12
2021-09-11 16:50:40,138 INFO o.a.j.p.h.s.HTTPHCAbstractImpl: Local host = pa-2
2021-09-11 16:50:40,141 INFO o.a.j.t.JMeterThread: Thread started: Thread Group 1-13
2021-09-11 16:50:40,146 INFO o.a.j.t.JMeterThread: Thread started: Thread Group 1-14
2021-09-11 16:50:40,149 INFO o.a.j.t.JMeterThread: Thread started: Thread Group 1-15
2021-09-11 16:50:40,155 INFO o.a.j.p.h.s.HTTPHC4Impl: HTTP request retry count = 0
2021-09-11 16:50:40,156 INFO o.a.j.t.JMeterThread: Thread started: Thread Group 1-16
2021-09-11 16:50:40,156 INFO o.a.j.s.SampleResult: Note: Sample TimeStamps are START times
2021-09-11 16:50:40,157 INFO o.a.j.s.SampleResult: sampleresult.default.encoding is set to ISO-8859-1
2021-09-11 16:50:40,157 INFO o.a.j.s.SampleResult: sampleresult.useNanoTime=true
2021-09-11 16:50:40,157 INFO o.a.j.s.SampleResult: sampleresult.nanoThreadSleep=5000
2021-09-11 16:50:40,161 INFO o.a.j.t.JMeterThread: Thread started: Thread Group 1-17
2021-09-11 16:50:40,172 INFO o.a.j.t.JMeterThread: Thread started: Thread Group 1-18
2021-09-11 16:50:40,175 INFO o.a.j.t.JMeterThread: Thread started: Thread Group 1-19
2021-09-11 16:50:40,187 INFO o.a.j.t.JMeterThread: Thread started: Thread Group 1-20
2021-09-11 16:50:40,195 INFO o.a.j.t.JMeterThread: Thread started: Thread Group 1-21
2021-09-11 16:50:40,197 INFO o.a.j.t.JMeterThread: Thread started: Thread Group 1-22
2021-09-11 16:50:40,203 INFO o.a.j.t.JMeterThread: Thread started: Thread Group 1-23
2021-09-11 16:50:40,210 INFO o.a.j.t.JMeterThread: Thread started: Thread Group 1-24
2021-09-11 16:50:40,218 INFO o.a.j.t.JMeterThread: Thread started: Thread Group 1-25
2021-09-11 16:50:40,222 INFO o.a.j.t.JMeterThread: Thread started: Thread Group 1-26
2021-09-11 16:50:40,228 INFO o.a.j.t.JMeterThread: Thread started: Thread Group 1-27
2021-09-11 16:50:40,232 INFO o.a.j.t.ThreadGroup: Started thread group number 1
2021-09-11 16:50:40,232 INFO o.a.j.e.StandardJMeterEngine: All thread groups have been started
2021-09-11 16:50:40,239 INFO o.a.j.t.JMeterThread: Thread started: Thread Group 1-28
2021-09-11 16:50:40,244 INFO o.a.j.t.JMeterThread: Thread started: Thread Group 1-29
2021-09-11 16:50:40,251 INFO o.a.j.t.JMeterThread: Thread started: Thread Group 1-30
2021-09-11 16:50:40,255 INFO o.a.j.t.JMeterThread: Thread started: Thread Group 1-31
2021-09-11 16:50:40,261 INFO o.a.j.t.JMeterThread: Thread started: Thread Group 1-32
2021-09-11 16:50:40,270 INFO o.a.j.t.JMeterThread: Thread started: Thread Group 1-33
2021-09-11 16:50:40,275 INFO o.a.j.t.JMeterThread: Thread started: Thread Group 1-34
2021-09-11 16:50:40,283 INFO o.a.j.t.JMeterThread: Thread started: Thread Group 1-35
2021-09-11 16:50:40,289 INFO o.a.j.t.JMeterThread: Thread started: Thread Group 1-36
2021-09-11 16:50:40,299 INFO o.a.j.t.JMeterThread: Thread started: Thread Group 1-37
2021-09-11 16:50:40,303 INFO o.a.j.t.JMeterThread: Thread started: Thread Group 1-38
2021-09-11 16:50:40,311 INFO o.a.j.t.JMeterThread: Thread started: Thread Group 1-39
2021-09-11 16:50:40,327 INFO o.a.j.t.JMeterThread: Thread started: Thread Group 1-41
2021-09-11 16:50:40,332 INFO o.a.j.t.JMeterThread: Thread started: Thread Group 1-42
2021-09-11 16:50:40,338 INFO o.a.j.t.JMeterThread: Thread started: Thread Group 1-43
2021-09-11 16:50:40,320 INFO o.a.j.t.JMeterThread: Thread started: Thread Group 1-40
2021-09-11 16:50:40,345 INFO o.a.j.t.JMeterThread: Thread started: Thread Group 1-44
2021-09-11 16:50:40,353 INFO o.a.j.t.JMeterThread: Thread started: Thread Group 1-45
2021-09-11 16:50:40,359 INFO o.a.j.t.JMeterThread: Thread started: Thread Group 1-46
2021-09-11 16:50:40,367 INFO o.a.j.t.JMeterThread: Thread started: Thread Group 1-47
2021-09-11 16:50:40,373 INFO o.a.j.t.JMeterThread: Thread started: Thread Group 1-48
2021-09-11 16:50:40,380 INFO o.a.j.t.JMeterThread: Thread started: Thread Group 1-49
2021-09-11 16:50:40,387 INFO o.a.j.t.JMeterThread: Thread started: Thread Group 1-50
2021-09-11 16:50:40,395 INFO o.a.j.t.JMeterThread: Thread started: Thread Group 1-51
2021-09-11 16:50:40,401 INFO o.a.j.t.JMeterThread: Thread started: Thread Group 1-52
2021-09-11 16:50:40,407 INFO o.a.j.t.JMeterThread: Thread started: Thread Group 1-53
2021-09-11 16:50:40,415 INFO o.a.j.p.h.s.h.LazyLayeredConnectionSocketFactory: Setting up HTTPS TrustAll Socket Factory
2021-09-11 16:50:40,415 INFO o.a.j.t.JMeterThread: Thread started: Thread Group 1-54
2021-09-11 16:50:40,422 INFO o.a.j.t.JMeterThread: Thread started: Thread Group 1-55
2021-09-11 16:50:40,427 INFO o.a.j.u.JsseSSLManager: Using default SSL protocol: TLS
2021-09-11 16:50:40,427 INFO o.a.j.u.JsseSSLManager: SSL session context: per-thread
2021-09-11 16:50:40,430 INFO o.a.j.t.JMeterThread: Thread started: Thread Group 1-56
2021-09-11 16:50:40,436 INFO o.a.j.t.JMeterThread: Thread started: Thread Group 1-57
2021-09-11 16:50:40,447 INFO o.a.j.t.JMeterThread: Thread started: Thread Group 1-58
2021-09-11 16:50:40,460 INFO o.a.j.t.JMeterThread: Thread started: Thread Group 1-60
2021-09-11 16:50:40,465 INFO o.a.j.t.JMeterThread: Thread started: Thread Group 1-61
2021-09-11 16:50:40,465 INFO o.a.j.t.JMeterThread: Thread started: Thread Group 1-59
2021-09-11 16:50:40,473 INFO o.a.j.t.JMeterThread: Thread started: Thread Group 1-62
2021-09-11 16:50:40,480 INFO o.a.j.t.JMeterThread: Thread started: Thread Group 1-63
2021-09-11 16:50:40,486 INFO o.a.j.t.JMeterThread: Thread started: Thread Group 1-64
2021-09-11 16:50:40,500 INFO o.a.j.t.JMeterThread: Thread started: Thread Group 1-65
2021-09-11 16:50:40,503 INFO o.a.j.t.JMeterThread: Thread started: Thread Group 1-66
2021-09-11 16:50:40,506 INFO o.a.j.t.JMeterThread: Thread started: Thread Group 1-67
2021-09-11 16:50:40,513 INFO o.a.j.t.JMeterThread: Thread started: Thread Group 1-68
2021-09-11 16:50:40,520 INFO o.a.j.t.JMeterThread: Thread started: Thread Group 1-69
2021-09-11 16:50:40,527 INFO o.a.j.t.JMeterThread: Thread started: Thread Group 1-70
2021-09-11 16:50:40,537 INFO o.a.j.t.JMeterThread: Thread started: Thread Group 1-71
2021-09-11 16:50:40,546 INFO o.a.j.t.JMeterThread: Thread started: Thread Group 1-72
2021-09-11 16:50:40,554 INFO o.a.j.t.JMeterThread: Thread started: Thread Group 1-73
2021-09-11 16:50:40,558 INFO o.a.j.t.JMeterThread: Thread started: Thread Group 1-74
2021-09-11 16:50:40,563 INFO o.a.j.t.JMeterThread: Thread started: Thread Group 1-75
2021-09-11 16:50:40,579 INFO o.a.j.t.JMeterThread: Thread started: Thread Group 1-77
2021-09-11 16:50:40,579 INFO o.a.j.t.JMeterThread: Thread started: Thread Group 1-76
2021-09-11 16:50:40,584 INFO o.a.j.t.JMeterThread: Thread started: Thread Group 1-78
2021-09-11 16:50:40,607 INFO o.a.j.t.JMeterThread: Thread started: Thread Group 1-79
2021-09-11 16:50:40,609 INFO o.a.j.t.JMeterThread: Thread started: Thread Group 1-80
2021-09-11 16:50:40,615 INFO o.a.j.t.JMeterThread: Thread started: Thread Group 1-82
2021-09-11 16:50:40,618 INFO o.a.j.t.JMeterThread: Thread started: Thread Group 1-83
2021-09-11 16:50:40,620 INFO o.a.j.t.JMeterThread: Thread started: Thread Group 1-81
2021-09-11 16:50:40,625 INFO o.a.j.t.JMeterThread: Thread started: Thread Group 1-84
2021-09-11 16:50:40,632 INFO o.a.j.t.JMeterThread: Thread started: Thread Group 1-85
2021-09-11 16:50:40,639 INFO o.a.j.t.JMeterThread: Thread started: Thread Group 1-86
2021-09-11 16:50:40,647 INFO o.a.j.t.JMeterThread: Thread started: Thread Group 1-87
2021-09-11 16:50:40,651 INFO o.a.j.u.SSLManager: JmeterKeyStore Location:  type JKS
2021-09-11 16:50:40,653 INFO o.a.j.t.JMeterThread: Thread started: Thread Group 1-88
2021-09-11 16:50:40,660 INFO o.a.j.t.JMeterThread: Thread started: Thread Group 1-89
2021-09-11 16:50:40,667 INFO o.a.j.t.JMeterThread: Thread started: Thread Group 1-90
2021-09-11 16:50:40,668 INFO o.a.j.u.SSLManager: KeyStore created OK
2021-09-11 16:50:40,668 WARN o.a.j.u.SSLManager: Keystore file not found, loading empty keystore
2021-09-11 16:50:40,674 INFO o.a.j.t.JMeterThread: Thread started: Thread Group 1-91
2021-09-11 16:50:40,691 INFO o.a.j.t.JMeterThread: Thread started: Thread Group 1-93
2021-09-11 16:50:40,696 INFO o.a.j.t.JMeterThread: Thread started: Thread Group 1-94
2021-09-11 16:50:40,704 INFO o.a.j.t.JMeterThread: Thread started: Thread Group 1-95
2021-09-11 16:50:40,707 INFO o.a.j.t.JMeterThread: Thread started: Thread Group 1-92
2021-09-11 16:50:40,711 INFO o.a.j.t.JMeterThread: Thread started: Thread Group 1-96
2021-09-11 16:50:40,717 INFO o.a.j.t.JMeterThread: Thread started: Thread Group 1-97
2021-09-11 16:50:40,723 INFO o.a.j.t.JMeterThread: Thread started: Thread Group 1-98
2021-09-11 16:50:40,730 INFO o.a.j.t.JMeterThread: Thread started: Thread Group 1-99
2021-09-11 16:50:40,737 INFO o.a.j.t.JMeterThread: Thread started: Thread Group 1-100
2021-09-11 16:50:40,744 INFO o.a.j.t.JMeterThread: Thread started: Thread Group 1-101
2021-09-11 16:50:40,751 INFO o.a.j.t.JMeterThread: Thread started: Thread Group 1-102
2021-09-11 16:50:40,758 INFO o.a.j.t.JMeterThread: Thread started: Thread Group 1-103
2021-09-11 16:50:40,765 INFO o.a.j.t.JMeterThread: Thread started: Thread Group 1-104
2021-09-11 16:50:40,772 INFO o.a.j.t.JMeterThread: Thread started: Thread Group 1-105
2021-09-11 16:50:40,779 INFO o.a.j.t.JMeterThread: Thread started: Thread Group 1-106
2021-09-11 16:50:40,786 INFO o.a.j.t.JMeterThread: Thread started: Thread Group 1-107
2021-09-11 16:50:40,800 INFO o.a.j.t.JMeterThread: Thread started: Thread Group 1-108
2021-09-11 16:50:40,801 INFO o.a.j.t.JMeterThread: Thread started: Thread Group 1-109
2021-09-11 16:50:40,813 INFO o.a.j.t.JMeterThread: Thread started: Thread Group 1-110
2021-09-11 16:50:40,815 INFO o.a.j.t.JMeterThread: Thread started: Thread Group 1-111
2021-09-11 16:50:40,830 INFO o.a.j.t.JMeterThread: Thread started: Thread Group 1-113
2021-09-11 16:50:40,835 INFO o.a.j.t.JMeterThread: Thread started: Thread Group 1-112
2021-09-11 16:50:40,836 INFO o.a.j.t.JMeterThread: Thread started: Thread Group 1-114
2021-09-11 16:50:40,842 INFO o.a.j.t.JMeterThread: Thread started: Thread Group 1-115
2021-09-11 16:50:40,849 INFO o.a.j.t.JMeterThread: Thread started: Thread Group 1-116
2021-09-11 16:50:40,856 INFO o.a.j.t.JMeterThread: Thread started: Thread Group 1-117
2021-09-11 16:50:40,864 INFO o.a.j.t.JMeterThread: Thread started: Thread Group 1-118
2021-09-11 16:50:40,870 INFO o.a.j.t.JMeterThread: Thread started: Thread Group 1-119
2021-09-11 16:50:40,877 INFO o.a.j.t.JMeterThread: Thread started: Thread Group 1-120
2021-09-11 16:50:40,884 INFO o.a.j.t.JMeterThread: Thread started: Thread Group 1-121
2021-09-11 16:50:40,891 INFO o.a.j.t.JMeterThread: Thread started: Thread Group 1-122
2021-09-11 16:50:40,900 INFO o.a.j.t.JMeterThread: Thread started: Thread Group 1-123
2021-09-11 16:50:40,907 INFO o.a.j.t.JMeterThread: Thread started: Thread Group 1-124
2021-09-11 16:50:40,932 INFO o.a.j.t.JMeterThread: Thread started: Thread Group 1-127
2021-09-11 16:50:40,938 INFO o.a.j.t.JMeterThread: Thread started: Thread Group 1-128
2021-09-11 16:50:40,945 INFO o.a.j.t.JMeterThread: Thread started: Thread Group 1-129
2021-09-11 16:50:40,950 INFO o.a.j.t.JMeterThread: Thread started: Thread Group 1-130
2021-09-11 16:50:40,954 INFO o.a.j.t.JMeterThread: Thread started: Thread Group 1-131
2021-09-11 16:50:40,961 INFO o.a.j.t.JMeterThread: Thread started: Thread Group 1-132
2021-09-11 16:50:40,975 INFO o.a.j.t.JMeterThread: Thread started: Thread Group 1-133
2021-09-11 16:50:40,982 INFO o.a.j.t.JMeterThread: Thread started: Thread Group 1-135
2021-09-11 16:50:40,983 INFO o.a.j.t.JMeterThread: Thread started: Thread Group 1-134
2021-09-11 16:50:40,989 INFO o.a.j.t.JMeterThread: Thread started: Thread Group 1-136
2021-09-11 16:50:41,007 INFO o.a.j.t.JMeterThread: Thread started: Thread Group 1-137
2021-09-11 16:50:41,015 INFO o.a.j.t.JMeterThread: Thread started: Thread Group 1-138
2021-09-11 16:50:41,019 INFO o.a.j.t.JMeterThread: Thread started: Thread Group 1-139
2021-09-11 16:50:41,035 INFO o.a.j.t.JMeterThread: Thread started: Thread Group 1-140
2021-09-11 16:50:41,042 INFO o.a.j.t.JMeterThread: Thread started: Thread Group 1-142
2021-09-11 16:50:41,043 INFO o.a.j.t.JMeterThread: Thread started: Thread Group 1-141
2021-09-11 16:50:41,051 INFO o.a.j.t.JMeterThread: Thread started: Thread Group 1-143
2021-09-11 16:50:41,055 INFO o.a.j.t.JMeterThread: Thread started: Thread Group 1-144
2021-09-11 16:50:41,062 INFO o.a.j.t.JMeterThread: Thread started: Thread Group 1-145
2021-09-11 16:50:41,074 INFO o.a.j.t.JMeterThread: Thread started: Thread Group 1-147
2021-09-11 16:50:41,075 INFO o.a.j.t.JMeterThread: Thread started: Thread Group 1-146
2021-09-11 16:50:41,087 INFO o.a.j.t.JMeterThread: Thread started: Thread Group 1-148
2021-09-11 16:50:41,094 INFO o.a.j.t.JMeterThread: Thread started: Thread Group 1-150
2021-09-11 16:50:41,103 INFO o.a.j.t.JMeterThread: Thread started: Thread Group 1-149
2021-09-11 16:50:41,139 INFO o.a.j.t.JMeterThread: Thread started: Thread Group 1-125
2021-09-11 16:50:41,143 INFO o.a.j.t.JMeterThread: Thread started: Thread Group 1-126
2021-09-11 16:51:00,018 INFO o.a.j.r.Summariser: summary +    579 in 00:00:20 =   28.9/s Avg:  4456 Min:  2407 Max:  7215 Err:     0 (0.00%) Active: 150 Started: 150 Finished: 0
2021-09-11 16:51:30,002 INFO o.a.j.r.Summariser: summary +   1043 in 00:00:30 =   34.8/s Avg:  4319 Min:  2869 Max:  5325 Err:     0 (0.00%) Active: 150 Started: 150 Finished: 0
2021-09-11 16:51:30,003 INFO o.a.j.r.Summariser: summary =   1622 in 00:00:50 =   32.4/s Avg:  4368 Min:  2407 Max:  7215 Err:     0 (0.00%)
2021-09-11 16:52:00,002 INFO o.a.j.r.Summariser: summary +   1048 in 00:00:30 =   34.9/s Avg:  4292 Min:  3833 Max:  4708 Err:     0 (0.00%) Active: 150 Started: 150 Finished: 0
2021-09-11 16:52:00,003 INFO o.a.j.r.Summariser: summary =   2670 in 00:01:20 =   33.4/s Avg:  4338 Min:  2407 Max:  7215 Err:     0 (0.00%)
2021-09-11 16:52:30,035 INFO o.a.j.r.Summariser: summary +   1049 in 00:00:30 =   34.9/s Avg:  4294 Min:  2876 Max:  5541 Err:     0 (0.00%) Active: 150 Started: 150 Finished: 0
2021-09-11 16:52:30,036 INFO o.a.j.r.Summariser: summary =   3719 in 00:01:50 =   33.8/s Avg:  4326 Min:  2407 Max:  7215 Err:     0 (0.00%)
2021-09-11 16:53:00,004 INFO o.a.j.r.Summariser: summary +   1044 in 00:00:30 =   34.8/s Avg:  4306 Min:  2798 Max:  5517 Err:     0 (0.00%) Active: 150 Started: 150 Finished: 0
2021-09-11 16:53:00,005 INFO o.a.j.r.Summariser: summary =   4763 in 00:02:20 =   34.0/s Avg:  4321 Min:  2407 Max:  7215 Err:     0 (0.00%)
2021-09-11 16:53:30,001 INFO o.a.j.r.Summariser: summary +   1047 in 00:00:30 =   34.9/s Avg:  4297 Min:  3928 Max:  4593 Err:     0 (0.00%) Active: 150 Started: 150 Finished: 0
2021-09-11 16:53:30,002 INFO o.a.j.r.Summariser: summary =   5810 in 00:02:50 =   34.2/s Avg:  4317 Min:  2407 Max:  7215 Err:     0 (0.00%)
2021-09-11 16:54:00,024 INFO o.a.j.r.Summariser: summary +   1051 in 00:00:30 =   35.0/s Avg:  4285 Min:  2821 Max:  6209 Err:     0 (0.00%) Active: 150 Started: 150 Finished: 0
2021-09-11 16:54:00,025 INFO o.a.j.r.Summariser: summary =   6861 in 00:03:20 =   34.3/s Avg:  4312 Min:  2407 Max:  7215 Err:     0 (0.00%)
2021-09-11 16:54:30,021 INFO o.a.j.r.Summariser: summary +   1045 in 00:00:30 =   34.8/s Avg:  4305 Min:  3854 Max:  4740 Err:     0 (0.00%) Active: 150 Started: 150 Finished: 0
2021-09-11 16:54:30,022 INFO o.a.j.r.Summariser: summary =   7906 in 00:03:50 =   34.4/s Avg:  4311 Min:  2407 Max:  7215 Err:     0 (0.00%)
2021-09-11 16:55:00,012 INFO o.a.j.r.Summariser: summary +   1047 in 00:00:30 =   34.9/s Avg:  4296 Min:  2884 Max:  5589 Err:     0 (0.00%) Active: 150 Started: 150 Finished: 0
2021-09-11 16:55:00,013 INFO o.a.j.r.Summariser: summary =   8953 in 00:04:20 =   34.4/s Avg:  4309 Min:  2407 Max:  7215 Err:     0 (0.00%)
2021-09-11 16:55:30,038 INFO o.a.j.r.Summariser: summary +   1050 in 00:00:30 =   35.0/s Avg:  4284 Min:  3884 Max:  4703 Err:     0 (0.00%) Active: 150 Started: 150 Finished: 0
2021-09-11 16:55:30,038 INFO o.a.j.r.Summariser: summary =  10003 in 00:04:50 =   34.5/s Avg:  4307 Min:  2407 Max:  7215 Err:     0 (0.00%)
2021-09-11 16:56:00,014 INFO o.a.j.r.Summariser: summary +   1050 in 00:00:30 =   35.0/s Avg:  4287 Min:  2861 Max:  5561 Err:     0 (0.00%) Active: 150 Started: 150 Finished: 0
2021-09-11 16:56:00,014 INFO o.a.j.r.Summariser: summary =  11053 in 00:05:20 =   34.5/s Avg:  4305 Min:  2407 Max:  7215 Err:     0 (0.00%)
2021-09-11 16:56:30,012 INFO o.a.j.r.Summariser: summary +   1050 in 00:00:30 =   35.0/s Avg:  4287 Min:  2812 Max:  5624 Err:     0 (0.00%) Active: 150 Started: 150 Finished: 0
2021-09-11 16:56:30,013 INFO o.a.j.r.Summariser: summary =  12103 in 00:05:50 =   34.6/s Avg:  4303 Min:  2407 Max:  7215 Err:     0 (0.00%)
2021-09-11 16:57:00,037 INFO o.a.j.r.Summariser: summary +   1051 in 00:00:30 =   35.0/s Avg:  4281 Min:  2861 Max:  5759 Err:     0 (0.00%) Active: 150 Started: 150 Finished: 0
2021-09-11 16:57:00,037 INFO o.a.j.r.Summariser: summary =  13154 in 00:06:20 =   34.6/s Avg:  4301 Min:  2407 Max:  7215 Err:     0 (0.00%)
2021-09-11 16:57:30,045 INFO o.a.j.r.Summariser: summary +   1049 in 00:00:30 =   35.0/s Avg:  4291 Min:  2890 Max:  5485 Err:     0 (0.00%) Active: 150 Started: 150 Finished: 0
2021-09-11 16:57:30,045 INFO o.a.j.r.Summariser: summary =  14203 in 00:06:50 =   34.6/s Avg:  4301 Min:  2407 Max:  7215 Err:     0 (0.00%)
2021-09-11 16:58:00,024 INFO o.a.j.r.Summariser: summary +   1050 in 00:00:30 =   35.0/s Avg:  4279 Min:  2860 Max:  5753 Err:     0 (0.00%) Active: 150 Started: 150 Finished: 0
2021-09-11 16:58:00,025 INFO o.a.j.r.Summariser: summary =  15253 in 00:07:20 =   34.7/s Avg:  4299 Min:  2407 Max:  7215 Err:     0 (0.00%)
2021-09-11 16:58:30,014 INFO o.a.j.r.Summariser: summary +   1050 in 00:00:30 =   35.0/s Avg:  4286 Min:  3850 Max:  4705 Err:     0 (0.00%) Active: 150 Started: 150 Finished: 0
2021-09-11 16:58:30,014 INFO o.a.j.r.Summariser: summary =  16303 in 00:07:50 =   34.7/s Avg:  4298 Min:  2407 Max:  7215 Err:     0 (0.00%)
2021-09-11 16:59:00,057 INFO o.a.j.r.Summariser: summary +   1051 in 00:00:30 =   35.0/s Avg:  4289 Min:  2847 Max:  5761 Err:     0 (0.00%) Active: 150 Started: 150 Finished: 0
2021-09-11 16:59:00,057 INFO o.a.j.r.Summariser: summary =  17354 in 00:08:20 =   34.7/s Avg:  4298 Min:  2407 Max:  7215 Err:     0 (0.00%)
2021-09-11 16:59:30,013 INFO o.a.j.r.Summariser: summary +   1049 in 00:00:30 =   35.0/s Avg:  4286 Min:  3869 Max:  4837 Err:     0 (0.00%) Active: 150 Started: 150 Finished: 0
2021-09-11 16:59:30,013 INFO o.a.j.r.Summariser: summary =  18403 in 00:08:50 =   34.7/s Avg:  4297 Min:  2407 Max:  7215 Err:     0 (0.00%)
2021-09-11 17:00:00,054 INFO o.a.j.r.Summariser: summary +   1054 in 00:00:30 =   35.1/s Avg:  4271 Min:  3701 Max:  4936 Err:     0 (0.00%) Active: 150 Started: 150 Finished: 0
2021-09-11 17:00:00,056 INFO o.a.j.r.Summariser: summary =  19457 in 00:09:20 =   34.7/s Avg:  4296 Min:  2407 Max:  7215 Err:     0 (0.00%)
2021-09-11 17:00:30,019 INFO o.a.j.r.Summariser: summary +   1050 in 00:00:30 =   35.0/s Avg:  4285 Min:  3822 Max:  4898 Err:     0 (0.00%) Active: 150 Started: 150 Finished: 0
2021-09-11 17:00:30,020 INFO o.a.j.r.Summariser: summary =  20507 in 00:09:50 =   34.8/s Avg:  4295 Min:  2407 Max:  7215 Err:     0 (0.00%)
2021-09-11 17:01:00,013 INFO o.a.j.r.Summariser: summary +   1049 in 00:00:30 =   35.0/s Avg:  4283 Min:  2839 Max:  5572 Err:     0 (0.00%) Active: 150 Started: 150 Finished: 0
2021-09-11 17:01:00,014 INFO o.a.j.r.Summariser: summary =  21556 in 00:10:20 =   34.8/s Avg:  4295 Min:  2407 Max:  7215 Err:     0 (0.00%)
2021-09-11 17:01:30,012 INFO o.a.j.r.Summariser: summary +   1052 in 00:00:30 =   35.1/s Avg:  4279 Min:  2864 Max:  6033 Err:     0 (0.00%) Active: 150 Started: 150 Finished: 0
2021-09-11 17:01:30,013 INFO o.a.j.r.Summariser: summary =  22608 in 00:10:50 =   34.8/s Avg:  4294 Min:  2407 Max:  7215 Err:     0 (0.00%)
2021-09-11 17:02:00,014 INFO o.a.j.r.Summariser: summary +   1047 in 00:00:30 =   34.9/s Avg:  4296 Min:  3866 Max:  4739 Err:     0 (0.00%) Active: 150 Started: 150 Finished: 0
2021-09-11 17:02:00,015 INFO o.a.j.r.Summariser: summary =  23655 in 00:11:20 =   34.8/s Avg:  4294 Min:  2407 Max:  7215 Err:     0 (0.00%)
2021-09-11 17:02:30,039 INFO o.a.j.r.Summariser: summary +   1050 in 00:00:30 =   35.0/s Avg:  4289 Min:  2856 Max:  6006 Err:     0 (0.00%) Active: 150 Started: 150 Finished: 0
2021-09-11 17:02:30,039 INFO o.a.j.r.Summariser: summary =  24705 in 00:11:50 =   34.8/s Avg:  4294 Min:  2407 Max:  7215 Err:     0 (0.00%)
2021-09-11 17:03:00,017 INFO o.a.j.r.Summariser: summary +   1051 in 00:00:30 =   35.1/s Avg:  4277 Min:  3836 Max:  4668 Err:     0 (0.00%) Active: 150 Started: 150 Finished: 0
2021-09-11 17:03:00,018 INFO o.a.j.r.Summariser: summary =  25756 in 00:12:20 =   34.8/s Avg:  4293 Min:  2407 Max:  7215 Err:     0 (0.00%)
2021-09-11 17:03:30,013 INFO o.a.j.r.Summariser: summary +   1047 in 00:00:30 =   34.9/s Avg:  4299 Min:  2887 Max:  5839 Err:     0 (0.00%) Active: 150 Started: 150 Finished: 0
2021-09-11 17:03:30,014 INFO o.a.j.r.Summariser: summary =  26803 in 00:12:50 =   34.8/s Avg:  4293 Min:  2407 Max:  7215 Err:     0 (0.00%)
2021-09-11 17:04:00,001 INFO o.a.j.r.Summariser: summary +   1050 in 00:00:30 =   35.0/s Avg:  4282 Min:  3760 Max:  4706 Err:     0 (0.00%) Active: 150 Started: 150 Finished: 0
2021-09-11 17:04:00,003 INFO o.a.j.r.Summariser: summary =  27853 in 00:13:20 =   34.8/s Avg:  4293 Min:  2407 Max:  7215 Err:     0 (0.00%)
2021-09-11 17:04:30,000 INFO o.a.j.r.Summariser: summary +   1051 in 00:00:30 =   35.0/s Avg:  4281 Min:  3706 Max:  4954 Err:     0 (0.00%) Active: 150 Started: 150 Finished: 0
2021-09-11 17:04:30,001 INFO o.a.j.r.Summariser: summary =  28904 in 00:13:50 =   34.8/s Avg:  4292 Min:  2407 Max:  7215 Err:     0 (0.00%)
2021-09-11 17:05:00,016 INFO o.a.j.r.Summariser: summary +   1051 in 00:00:30 =   35.0/s Avg:  4286 Min:  2846 Max:  6092 Err:     0 (0.00%) Active: 150 Started: 150 Finished: 0
2021-09-11 17:05:00,016 INFO o.a.j.r.Summariser: summary =  29955 in 00:14:20 =   34.8/s Avg:  4292 Min:  2407 Max:  7215 Err:     0 (0.00%)
2021-09-11 17:05:30,000 INFO o.a.j.r.Summariser: summary +   1052 in 00:00:30 =   35.1/s Avg:  4273 Min:  3654 Max:  4863 Err:     0 (0.00%) Active: 150 Started: 150 Finished: 0
2021-09-11 17:05:30,001 INFO o.a.j.r.Summariser: summary =  31007 in 00:14:50 =   34.8/s Avg:  4292 Min:  2407 Max:  7215 Err:     0 (0.00%)
2021-09-11 17:06:00,018 INFO o.a.j.r.Summariser: summary +   1050 in 00:00:30 =   35.0/s Avg:  4285 Min:  3819 Max:  4878 Err:     0 (0.00%) Active: 150 Started: 150 Finished: 0
2021-09-11 17:06:00,018 INFO o.a.j.r.Summariser: summary =  32057 in 00:15:20 =   34.8/s Avg:  4291 Min:  2407 Max:  7215 Err:     0 (0.00%)
2021-09-11 17:06:30,015 INFO o.a.j.r.Summariser: summary +   1051 in 00:00:30 =   35.0/s Avg:  4280 Min:  2847 Max:  5620 Err:     0 (0.00%) Active: 150 Started: 150 Finished: 0
2021-09-11 17:06:30,015 INFO o.a.j.r.Summariser: summary =  33108 in 00:15:50 =   34.8/s Avg:  4291 Min:  2407 Max:  7215 Err:     0 (0.00%)
2021-09-11 17:07:00,058 INFO o.a.j.r.Summariser: summary +   1050 in 00:00:30 =   34.9/s Avg:  4291 Min:  2810 Max:  5942 Err:     0 (0.00%) Active: 150 Started: 150 Finished: 0
2021-09-11 17:07:00,059 INFO o.a.j.r.Summariser: summary =  34158 in 00:16:20 =   34.9/s Avg:  4291 Min:  2407 Max:  7215 Err:     0 (0.00%)
2021-09-11 17:07:30,023 INFO o.a.j.r.Summariser: summary +   1051 in 00:00:30 =   35.1/s Avg:  4276 Min:  3816 Max:  4754 Err:     0 (0.00%) Active: 150 Started: 150 Finished: 0
2021-09-11 17:07:30,023 INFO o.a.j.r.Summariser: summary =  35209 in 00:16:50 =   34.9/s Avg:  4291 Min:  2407 Max:  7215 Err:     0 (0.00%)
2021-09-11 17:08:00,013 INFO o.a.j.r.Summariser: summary +   1051 in 00:00:30 =   35.0/s Avg:  4283 Min:  2845 Max:  5980 Err:     0 (0.00%) Active: 150 Started: 150 Finished: 0
2021-09-11 17:08:00,014 INFO o.a.j.r.Summariser: summary =  36260 in 00:17:20 =   34.9/s Avg:  4290 Min:  2407 Max:  7215 Err:     0 (0.00%)
2021-09-11 17:08:30,015 INFO o.a.j.r.Summariser: summary +   1051 in 00:00:30 =   35.0/s Avg:  4280 Min:  2808 Max:  5239 Err:     0 (0.00%) Active: 150 Started: 150 Finished: 0
2021-09-11 17:08:30,016 INFO o.a.j.r.Summariser: summary =  37311 in 00:17:50 =   34.9/s Avg:  4290 Min:  2407 Max:  7215 Err:     0 (0.00%)
2021-09-11 17:09:00,001 INFO o.a.j.r.Summariser: summary +   1053 in 00:00:30 =   35.1/s Avg:  4274 Min:  2828 Max:  5619 Err:     0 (0.00%) Active: 150 Started: 150 Finished: 0
2021-09-11 17:09:00,001 INFO o.a.j.r.Summariser: summary =  38364 in 00:18:20 =   34.9/s Avg:  4290 Min:  2407 Max:  7215 Err:     0 (0.00%)
2021-09-11 17:09:30,055 INFO o.a.j.r.Summariser: summary +   1053 in 00:00:30 =   35.0/s Avg:  4276 Min:  2859 Max:  6078 Err:     0 (0.00%) Active: 150 Started: 150 Finished: 0
2021-09-11 17:09:30,055 INFO o.a.j.r.Summariser: summary =  39417 in 00:18:50 =   34.9/s Avg:  4289 Min:  2407 Max:  7215 Err:     0 (0.00%)
2021-09-11 17:10:00,016 INFO o.a.j.r.Summariser: summary +   1049 in 00:00:30 =   35.0/s Avg:  4286 Min:  2824 Max:  5754 Err:     0 (0.00%) Active: 150 Started: 150 Finished: 0
2021-09-11 17:10:00,016 INFO o.a.j.r.Summariser: summary =  40466 in 00:19:20 =   34.9/s Avg:  4289 Min:  2407 Max:  7215 Err:     0 (0.00%)
2021-09-11 17:10:30,021 INFO o.a.j.r.Summariser: summary +   1052 in 00:00:30 =   35.1/s Avg:  4278 Min:  2854 Max:  5537 Err:     0 (0.00%) Active: 150 Started: 150 Finished: 0
2021-09-11 17:10:30,022 INFO o.a.j.r.Summariser: summary =  41518 in 00:19:50 =   34.9/s Avg:  4289 Min:  2407 Max:  7215 Err:     0 (0.00%)
2021-09-11 17:11:00,012 INFO o.a.j.r.Summariser: summary +   1050 in 00:00:30 =   35.0/s Avg:  4283 Min:  3742 Max:  4719 Err:     0 (0.00%) Active: 150 Started: 150 Finished: 0
2021-09-11 17:11:00,012 INFO o.a.j.r.Summariser: summary =  42568 in 00:20:20 =   34.9/s Avg:  4289 Min:  2407 Max:  7215 Err:     0 (0.00%)
2021-09-11 17:11:30,020 INFO o.a.j.r.Summariser: summary +   1052 in 00:00:30 =   35.1/s Avg:  4279 Min:  3658 Max:  4714 Err:     0 (0.00%) Active: 150 Started: 150 Finished: 0
2021-09-11 17:11:30,020 INFO o.a.j.r.Summariser: summary =  43620 in 00:20:50 =   34.9/s Avg:  4288 Min:  2407 Max:  7215 Err:     0 (0.00%)
2021-09-11 17:12:00,013 INFO o.a.j.r.Summariser: summary +   1052 in 00:00:30 =   35.1/s Avg:  4278 Min:  3686 Max:  4799 Err:     0 (0.00%) Active: 150 Started: 150 Finished: 0
2021-09-11 17:12:00,013 INFO o.a.j.r.Summariser: summary =  44672 in 00:21:20 =   34.9/s Avg:  4288 Min:  2407 Max:  7215 Err:     0 (0.00%)
2021-09-11 17:12:30,012 INFO o.a.j.r.Summariser: summary +   1052 in 00:00:30 =   35.1/s Avg:  4279 Min:  3556 Max:  4863 Err:     0 (0.00%) Active: 150 Started: 150 Finished: 0
2021-09-11 17:12:30,013 INFO o.a.j.r.Summariser: summary =  45724 in 00:21:50 =   34.9/s Avg:  4288 Min:  2407 Max:  7215 Err:     0 (0.00%)
2021-09-11 17:13:00,039 INFO o.a.j.r.Summariser: summary +   1051 in 00:00:30 =   35.0/s Avg:  4274 Min:  2800 Max:  4879 Err:     0 (0.00%) Active: 150 Started: 150 Finished: 0
2021-09-11 17:13:00,039 INFO o.a.j.r.Summariser: summary =  46775 in 00:22:20 =   34.9/s Avg:  4288 Min:  2407 Max:  7215 Err:     0 (0.00%)
2021-09-11 17:13:30,002 INFO o.a.j.r.Summariser: summary +   1050 in 00:00:30 =   35.0/s Avg:  4288 Min:  3644 Max:  5579 Err:     0 (0.00%) Active: 150 Started: 150 Finished: 0
2021-09-11 17:13:30,003 INFO o.a.j.r.Summariser: summary =  47825 in 00:22:50 =   34.9/s Avg:  4288 Min:  2407 Max:  7215 Err:     0 (0.00%)
2021-09-11 17:14:00,011 INFO o.a.j.r.Summariser: summary +   1050 in 00:00:30 =   35.0/s Avg:  4284 Min:  2861 Max:  6301 Err:     0 (0.00%) Active: 150 Started: 150 Finished: 0
2021-09-11 17:14:00,012 INFO o.a.j.r.Summariser: summary =  48875 in 00:23:20 =   34.9/s Avg:  4288 Min:  2407 Max:  7215 Err:     0 (0.00%)
2021-09-11 17:14:30,000 INFO o.a.j.r.Summariser: summary +   1050 in 00:00:30 =   35.0/s Avg:  4284 Min:  3734 Max:  4880 Err:     0 (0.00%) Active: 150 Started: 150 Finished: 0
2021-09-11 17:14:30,001 INFO o.a.j.r.Summariser: summary =  49925 in 00:23:50 =   34.9/s Avg:  4288 Min:  2407 Max:  7215 Err:     0 (0.00%)
2021-09-11 17:15:00,023 INFO o.a.j.r.Summariser: summary +   1052 in 00:00:30 =   35.0/s Avg:  4280 Min:  3525 Max:  4878 Err:     0 (0.00%) Active: 150 Started: 150 Finished: 0
2021-09-11 17:15:00,024 INFO o.a.j.r.Summariser: summary =  50977 in 00:24:20 =   34.9/s Avg:  4287 Min:  2407 Max:  7215 Err:     0 (0.00%)
2021-09-11 17:15:30,013 INFO o.a.j.r.Summariser: summary +   1050 in 00:00:30 =   35.0/s Avg:  4285 Min:  2798 Max:  5479 Err:     0 (0.00%) Active: 150 Started: 150 Finished: 0
2021-09-11 17:15:30,014 INFO o.a.j.r.Summariser: summary =  52027 in 00:24:50 =   34.9/s Avg:  4287 Min:  2407 Max:  7215 Err:     0 (0.00%)
2021-09-11 17:16:00,001 INFO o.a.j.r.Summariser: summary +   1051 in 00:00:30 =   35.0/s Avg:  4281 Min:  2835 Max:  6278 Err:     0 (0.00%) Active: 150 Started: 150 Finished: 0
2021-09-11 17:16:00,001 INFO o.a.j.r.Summariser: summary =  53078 in 00:25:20 =   34.9/s Avg:  4287 Min:  2407 Max:  7215 Err:     0 (0.00%)
2021-09-11 17:16:30,034 INFO o.a.j.r.Summariser: summary +   1048 in 00:00:30 =   34.9/s Avg:  4290 Min:  2845 Max:  6570 Err:     0 (0.00%) Active: 150 Started: 150 Finished: 0
2021-09-11 17:16:30,034 INFO o.a.j.r.Summariser: summary =  54126 in 00:25:50 =   34.9/s Avg:  4287 Min:  2407 Max:  7215 Err:     0 (0.00%)
2021-09-11 17:17:00,037 INFO o.a.j.r.Summariser: summary +   1051 in 00:00:30 =   35.0/s Avg:  4285 Min:  2855 Max:  5539 Err:     0 (0.00%) Active: 150 Started: 150 Finished: 0
2021-09-11 17:17:00,037 INFO o.a.j.r.Summariser: summary =  55177 in 00:26:20 =   34.9/s Avg:  4287 Min:  2407 Max:  7215 Err:     0 (0.00%)
2021-09-11 17:17:30,021 INFO o.a.j.r.Summariser: summary +   1048 in 00:00:30 =   35.0/s Avg:  4292 Min:  3754 Max:  4998 Err:     0 (0.00%) Active: 150 Started: 150 Finished: 0
2021-09-11 17:17:30,022 INFO o.a.j.r.Summariser: summary =  56225 in 00:26:50 =   34.9/s Avg:  4287 Min:  2407 Max:  7215 Err:     0 (0.00%)
2021-09-11 17:18:00,021 INFO o.a.j.r.Summariser: summary +   1050 in 00:00:30 =   35.0/s Avg:  4285 Min:  3753 Max:  4998 Err:     0 (0.00%) Active: 150 Started: 150 Finished: 0
2021-09-11 17:18:00,022 INFO o.a.j.r.Summariser: summary =  57275 in 00:27:20 =   34.9/s Avg:  4287 Min:  2407 Max:  7215 Err:     0 (0.00%)
2021-09-11 17:18:30,018 INFO o.a.j.r.Summariser: summary +   1053 in 00:00:30 =   35.1/s Avg:  4275 Min:  2806 Max:  6235 Err:     0 (0.00%) Active: 150 Started: 150 Finished: 0
2021-09-11 17:18:30,018 INFO o.a.j.r.Summariser: summary =  58328 in 00:27:50 =   34.9/s Avg:  4287 Min:  2407 Max:  7215 Err:     0 (0.00%)
2021-09-11 17:19:00,055 INFO o.a.j.r.Summariser: summary +   1050 in 00:00:30 =   35.0/s Avg:  4289 Min:  3681 Max:  5201 Err:     0 (0.00%) Active: 150 Started: 150 Finished: 0
2021-09-11 17:19:00,055 INFO o.a.j.r.Summariser: summary =  59378 in 00:28:20 =   34.9/s Avg:  4287 Min:  2407 Max:  7215 Err:     0 (0.00%)
2021-09-11 17:19:30,003 INFO o.a.j.r.Summariser: summary +   1046 in 00:00:30 =   34.9/s Avg:  4294 Min:  2846 Max:  5144 Err:     0 (0.00%) Active: 150 Started: 150 Finished: 0
2021-09-11 17:19:30,004 INFO o.a.j.r.Summariser: summary =  60424 in 00:28:50 =   34.9/s Avg:  4287 Min:  2407 Max:  7215 Err:     0 (0.00%)
2021-09-11 17:20:00,018 INFO o.a.j.r.Summariser: summary +   1050 in 00:00:30 =   35.0/s Avg:  4288 Min:  2825 Max:  6614 Err:     0 (0.00%) Active: 150 Started: 150 Finished: 0
2021-09-11 17:20:00,018 INFO o.a.j.r.Summariser: summary =  61474 in 00:29:20 =   34.9/s Avg:  4287 Min:  2407 Max:  7215 Err:     0 (0.00%)
2021-09-11 17:20:30,033 INFO o.a.j.r.Summariser: summary +   1052 in 00:00:30 =   35.0/s Avg:  4276 Min:  2801 Max:  5658 Err:     0 (0.00%) Active: 150 Started: 150 Finished: 0
2021-09-11 17:20:30,033 INFO o.a.j.r.Summariser: summary =  62526 in 00:29:50 =   34.9/s Avg:  4287 Min:  2407 Max:  7215 Err:     0 (0.00%)
2021-09-11 17:20:40,079 INFO o.a.j.t.JMeterThread: Stopping because end time detected by thread: Thread Group 1-11
2021-09-11 17:20:40,079 INFO o.a.j.t.JMeterThread: Thread finished: Thread Group 1-11
2021-09-11 17:20:40,105 INFO o.a.j.t.JMeterThread: Stopping because end time detected by thread: Thread Group 1-18
2021-09-11 17:20:40,105 INFO o.a.j.t.JMeterThread: Thread finished: Thread Group 1-18
2021-09-11 17:20:40,175 INFO o.a.j.t.JMeterThread: Stopping because end time detected by thread: Thread Group 1-17
2021-09-11 17:20:40,175 INFO o.a.j.t.JMeterThread: Thread finished: Thread Group 1-17
2021-09-11 17:20:40,212 INFO o.a.j.t.JMeterThread: Stopping because end time detected by thread: Thread Group 1-52
2021-09-11 17:20:40,212 INFO o.a.j.t.JMeterThread: Thread finished: Thread Group 1-52
2021-09-11 17:20:40,252 INFO o.a.j.t.JMeterThread: Stopping because end time detected by thread: Thread Group 1-115
2021-09-11 17:20:40,252 INFO o.a.j.t.JMeterThread: Thread finished: Thread Group 1-115
2021-09-11 17:20:40,272 INFO o.a.j.t.JMeterThread: Stopping because end time detected by thread: Thread Group 1-86
2021-09-11 17:20:40,272 INFO o.a.j.t.JMeterThread: Stopping because end time detected by thread: Thread Group 1-144
2021-09-11 17:20:40,273 INFO o.a.j.t.JMeterThread: Thread finished: Thread Group 1-144
2021-09-11 17:20:40,273 INFO o.a.j.t.JMeterThread: Thread finished: Thread Group 1-86
2021-09-11 17:20:40,299 INFO o.a.j.t.JMeterThread: Stopping because end time detected by thread: Thread Group 1-64
2021-09-11 17:20:40,300 INFO o.a.j.t.JMeterThread: Thread finished: Thread Group 1-64
2021-09-11 17:20:40,359 INFO o.a.j.t.JMeterThread: Stopping because end time detected by thread: Thread Group 1-19
2021-09-11 17:20:40,360 INFO o.a.j.t.JMeterThread: Thread finished: Thread Group 1-19
2021-09-11 17:20:40,385 INFO o.a.j.t.JMeterThread: Stopping because end time detected by thread: Thread Group 1-110
2021-09-11 17:20:40,385 INFO o.a.j.t.JMeterThread: Thread finished: Thread Group 1-110
2021-09-11 17:20:40,395 INFO o.a.j.t.JMeterThread: Stopping because end time detected by thread: Thread Group 1-37
2021-09-11 17:20:40,395 INFO o.a.j.t.JMeterThread: Thread finished: Thread Group 1-37
2021-09-11 17:20:40,413 INFO o.a.j.t.JMeterThread: Stopping because end time detected by thread: Thread Group 1-21
2021-09-11 17:20:40,413 INFO o.a.j.t.JMeterThread: Thread finished: Thread Group 1-21
2021-09-11 17:20:40,456 INFO o.a.j.t.JMeterThread: Stopping because end time detected by thread: Thread Group 1-143
2021-09-11 17:20:40,456 INFO o.a.j.t.JMeterThread: Thread finished: Thread Group 1-143
2021-09-11 17:20:40,494 INFO o.a.j.t.JMeterThread: Stopping because end time detected by thread: Thread Group 1-49
2021-09-11 17:20:40,494 INFO o.a.j.t.JMeterThread: Thread finished: Thread Group 1-49
2021-09-11 17:20:40,532 INFO o.a.j.t.JMeterThread: Stopping because end time detected by thread: Thread Group 1-107
2021-09-11 17:20:40,532 INFO o.a.j.t.JMeterThread: Thread finished: Thread Group 1-107
2021-09-11 17:20:40,532 INFO o.a.j.t.JMeterThread: Stopping because end time detected by thread: Thread Group 1-81
2021-09-11 17:20:40,533 INFO o.a.j.t.JMeterThread: Thread finished: Thread Group 1-81
2021-09-11 17:20:40,542 INFO o.a.j.t.JMeterThread: Stopping because end time detected by thread: Thread Group 1-129
2021-09-11 17:20:40,543 INFO o.a.j.t.JMeterThread: Thread finished: Thread Group 1-129
2021-09-11 17:20:40,603 INFO o.a.j.t.JMeterThread: Stopping because end time detected by thread: Thread Group 1-83
2021-09-11 17:20:40,603 INFO o.a.j.t.JMeterThread: Thread finished: Thread Group 1-83
2021-09-11 17:20:40,652 INFO o.a.j.t.JMeterThread: Stopping because end time detected by thread: Thread Group 1-137
2021-09-11 17:20:40,652 INFO o.a.j.t.JMeterThread: Thread finished: Thread Group 1-137
2021-09-11 17:20:40,654 INFO o.a.j.t.JMeterThread: Stopping because end time detected by thread: Thread Group 1-117
2021-09-11 17:20:40,654 INFO o.a.j.t.JMeterThread: Thread finished: Thread Group 1-117
2021-09-11 17:20:40,677 INFO o.a.j.t.JMeterThread: Stopping because end time detected by thread: Thread Group 1-22
2021-09-11 17:20:40,677 INFO o.a.j.t.JMeterThread: Thread finished: Thread Group 1-22
2021-09-11 17:20:40,736 INFO o.a.j.t.JMeterThread: Stopping because end time detected by thread: Thread Group 1-45
2021-09-11 17:20:40,736 INFO o.a.j.t.JMeterThread: Thread finished: Thread Group 1-45
2021-09-11 17:20:40,738 INFO o.a.j.t.JMeterThread: Stopping because end time detected by thread: Thread Group 1-121
2021-09-11 17:20:40,738 INFO o.a.j.t.JMeterThread: Thread finished: Thread Group 1-121
2021-09-11 17:20:40,752 INFO o.a.j.t.JMeterThread: Stopping because end time detected by thread: Thread Group 1-102
2021-09-11 17:20:40,752 INFO o.a.j.t.JMeterThread: Thread finished: Thread Group 1-102
2021-09-11 17:20:40,814 INFO o.a.j.t.JMeterThread: Stopping because end time detected by thread: Thread Group 1-125
2021-09-11 17:20:40,814 INFO o.a.j.t.JMeterThread: Thread finished: Thread Group 1-125
2021-09-11 17:20:40,840 INFO o.a.j.t.JMeterThread: Stopping because end time detected by thread: Thread Group 1-53
2021-09-11 17:20:40,840 INFO o.a.j.t.JMeterThread: Thread finished: Thread Group 1-53
2021-09-11 17:20:40,855 INFO o.a.j.t.JMeterThread: Stopping because end time detected by thread: Thread Group 1-78
2021-09-11 17:20:40,855 INFO o.a.j.t.JMeterThread: Thread finished: Thread Group 1-78
2021-09-11 17:20:40,859 INFO o.a.j.t.JMeterThread: Stopping because end time detected by thread: Thread Group 1-148
2021-09-11 17:20:40,859 INFO o.a.j.t.JMeterThread: Thread finished: Thread Group 1-148
2021-09-11 17:20:40,919 INFO o.a.j.t.JMeterThread: Stopping because end time detected by thread: Thread Group 1-39
2021-09-11 17:20:40,919 INFO o.a.j.t.JMeterThread: Thread finished: Thread Group 1-39
2021-09-11 17:20:40,952 INFO o.a.j.t.JMeterThread: Stopping because end time detected by thread: Thread Group 1-111
2021-09-11 17:20:40,952 INFO o.a.j.t.JMeterThread: Thread finished: Thread Group 1-111
2021-09-11 17:20:40,963 INFO o.a.j.t.JMeterThread: Stopping because end time detected by thread: Thread Group 1-150
2021-09-11 17:20:40,963 INFO o.a.j.t.JMeterThread: Thread finished: Thread Group 1-150
2021-09-11 17:20:40,975 INFO o.a.j.t.JMeterThread: Stopping because end time detected by thread: Thread Group 1-80
2021-09-11 17:20:40,975 INFO o.a.j.t.JMeterThread: Thread finished: Thread Group 1-80
2021-09-11 17:20:41,035 INFO o.a.j.t.JMeterThread: Stopping because end time detected by thread: Thread Group 1-2
2021-09-11 17:20:41,035 INFO o.a.j.t.JMeterThread: Thread finished: Thread Group 1-2
2021-09-11 17:20:41,077 INFO o.a.j.t.JMeterThread: Stopping because end time detected by thread: Thread Group 1-54
2021-09-11 17:20:41,077 INFO o.a.j.t.JMeterThread: Thread finished: Thread Group 1-54
2021-09-11 17:20:41,079 INFO o.a.j.t.JMeterThread: Stopping because end time detected by thread: Thread Group 1-91
2021-09-11 17:20:41,079 INFO o.a.j.t.JMeterThread: Thread finished: Thread Group 1-91
2021-09-11 17:20:41,096 INFO o.a.j.t.JMeterThread: Stopping because end time detected by thread: Thread Group 1-60
2021-09-11 17:20:41,097 INFO o.a.j.t.JMeterThread: Thread finished: Thread Group 1-60
2021-09-11 17:20:41,139 INFO o.a.j.t.JMeterThread: Stopping because end time detected by thread: Thread Group 1-13
2021-09-11 17:20:41,139 INFO o.a.j.t.JMeterThread: Thread finished: Thread Group 1-13
2021-09-11 17:20:41,180 INFO o.a.j.t.JMeterThread: Stopping because end time detected by thread: Thread Group 1-95
2021-09-11 17:20:41,180 INFO o.a.j.t.JMeterThread: Thread finished: Thread Group 1-95
2021-09-11 17:20:41,181 INFO o.a.j.t.JMeterThread: Stopping because end time detected by thread: Thread Group 1-147
2021-09-11 17:20:41,181 INFO o.a.j.t.JMeterThread: Thread finished: Thread Group 1-147
2021-09-11 17:20:41,233 INFO o.a.j.t.JMeterThread: Stopping because end time detected by thread: Thread Group 1-89
2021-09-11 17:20:41,233 INFO o.a.j.t.JMeterThread: Thread finished: Thread Group 1-89
2021-09-11 17:20:41,235 INFO o.a.j.t.JMeterThread: Stopping because end time detected by thread: Thread Group 1-30
2021-09-11 17:20:41,235 INFO o.a.j.t.JMeterThread: Thread finished: Thread Group 1-30
2021-09-11 17:20:41,293 INFO o.a.j.t.JMeterThread: Stopping because end time detected by thread: Thread Group 1-47
2021-09-11 17:20:41,294 INFO o.a.j.t.JMeterThread: Thread finished: Thread Group 1-47
2021-09-11 17:20:41,334 INFO o.a.j.t.JMeterThread: Stopping because end time detected by thread: Thread Group 1-140
2021-09-11 17:20:41,334 INFO o.a.j.t.JMeterThread: Thread finished: Thread Group 1-140
2021-09-11 17:20:41,337 INFO o.a.j.t.JMeterThread: Stopping because end time detected by thread: Thread Group 1-132
2021-09-11 17:20:41,337 INFO o.a.j.t.JMeterThread: Thread finished: Thread Group 1-132
2021-09-11 17:20:41,339 INFO o.a.j.t.JMeterThread: Stopping because end time detected by thread: Thread Group 1-46
2021-09-11 17:20:41,339 INFO o.a.j.t.JMeterThread: Thread finished: Thread Group 1-46
2021-09-11 17:20:41,414 INFO o.a.j.t.JMeterThread: Stopping because end time detected by thread: Thread Group 1-8
2021-09-11 17:20:41,414 INFO o.a.j.t.JMeterThread: Thread finished: Thread Group 1-8
2021-09-11 17:20:41,434 INFO o.a.j.t.JMeterThread: Stopping because end time detected by thread: Thread Group 1-67
2021-09-11 17:20:41,434 INFO o.a.j.t.JMeterThread: Thread finished: Thread Group 1-67
2021-09-11 17:20:41,438 INFO o.a.j.t.JMeterThread: Stopping because end time detected by thread: Thread Group 1-29
2021-09-11 17:20:41,438 INFO o.a.j.t.JMeterThread: Thread finished: Thread Group 1-29
2021-09-11 17:20:41,461 INFO o.a.j.t.JMeterThread: Stopping because end time detected by thread: Thread Group 1-32
2021-09-11 17:20:41,461 INFO o.a.j.t.JMeterThread: Thread finished: Thread Group 1-32
2021-09-11 17:20:41,523 INFO o.a.j.t.JMeterThread: Stopping because end time detected by thread: Thread Group 1-74
2021-09-11 17:20:41,523 INFO o.a.j.t.JMeterThread: Thread finished: Thread Group 1-74
2021-09-11 17:20:41,542 INFO o.a.j.t.JMeterThread: Stopping because end time detected by thread: Thread Group 1-124
2021-09-11 17:20:41,542 INFO o.a.j.t.JMeterThread: Thread finished: Thread Group 1-124
2021-09-11 17:20:41,574 INFO o.a.j.t.JMeterThread: Stopping because end time detected by thread: Thread Group 1-56
2021-09-11 17:20:41,574 INFO o.a.j.t.JMeterThread: Thread finished: Thread Group 1-56
2021-09-11 17:20:41,574 INFO o.a.j.t.JMeterThread: Stopping because end time detected by thread: Thread Group 1-27
2021-09-11 17:20:41,574 INFO o.a.j.t.JMeterThread: Thread finished: Thread Group 1-27
2021-09-11 17:20:41,619 INFO o.a.j.t.JMeterThread: Stopping because end time detected by thread: Thread Group 1-97
2021-09-11 17:20:41,619 INFO o.a.j.t.JMeterThread: Thread finished: Thread Group 1-97
2021-09-11 17:20:41,671 INFO o.a.j.t.JMeterThread: Stopping because end time detected by thread: Thread Group 1-3
2021-09-11 17:20:41,671 INFO o.a.j.t.JMeterThread: Thread finished: Thread Group 1-3
2021-09-11 17:20:41,679 INFO o.a.j.t.JMeterThread: Stopping because end time detected by thread: Thread Group 1-118
2021-09-11 17:20:41,679 INFO o.a.j.t.JMeterThread: Thread finished: Thread Group 1-118
2021-09-11 17:20:41,694 INFO o.a.j.t.JMeterThread: Stopping because end time detected by thread: Thread Group 1-61
2021-09-11 17:20:41,694 INFO o.a.j.t.JMeterThread: Thread finished: Thread Group 1-61
2021-09-11 17:20:41,722 INFO o.a.j.t.JMeterThread: Stopping because end time detected by thread: Thread Group 1-9
2021-09-11 17:20:41,722 INFO o.a.j.t.JMeterThread: Thread finished: Thread Group 1-9
2021-09-11 17:20:41,791 INFO o.a.j.t.JMeterThread: Stopping because end time detected by thread: Thread Group 1-10
2021-09-11 17:20:41,792 INFO o.a.j.t.JMeterThread: Thread finished: Thread Group 1-10
2021-09-11 17:20:41,792 INFO o.a.j.t.JMeterThread: Stopping because end time detected by thread: Thread Group 1-92
2021-09-11 17:20:41,792 INFO o.a.j.t.JMeterThread: Thread finished: Thread Group 1-92
2021-09-11 17:20:41,818 INFO o.a.j.t.JMeterThread: Stopping because end time detected by thread: Thread Group 1-43
2021-09-11 17:20:41,818 INFO o.a.j.t.JMeterThread: Thread finished: Thread Group 1-43
2021-09-11 17:20:41,840 INFO o.a.j.t.JMeterThread: Stopping because end time detected by thread: Thread Group 1-66
2021-09-11 17:20:41,840 INFO o.a.j.t.JMeterThread: Thread finished: Thread Group 1-66
2021-09-11 17:20:41,891 INFO o.a.j.t.JMeterThread: Stopping because end time detected by thread: Thread Group 1-99
2021-09-11 17:20:41,892 INFO o.a.j.t.JMeterThread: Thread finished: Thread Group 1-99
2021-09-11 17:20:41,915 INFO o.a.j.t.JMeterThread: Stopping because end time detected by thread: Thread Group 1-31
2021-09-11 17:20:41,916 INFO o.a.j.t.JMeterThread: Thread finished: Thread Group 1-31
2021-09-11 17:20:41,936 INFO o.a.j.t.JMeterThread: Stopping because end time detected by thread: Thread Group 1-136
2021-09-11 17:20:41,937 INFO o.a.j.t.JMeterThread: Thread finished: Thread Group 1-136
2021-09-11 17:20:41,980 INFO o.a.j.t.JMeterThread: Stopping because end time detected by thread: Thread Group 1-7
2021-09-11 17:20:41,980 INFO o.a.j.t.JMeterThread: Thread finished: Thread Group 1-7
2021-09-11 17:20:41,994 INFO o.a.j.t.JMeterThread: Stopping because end time detected by thread: Thread Group 1-14
2021-09-11 17:20:41,994 INFO o.a.j.t.JMeterThread: Thread finished: Thread Group 1-14
2021-09-11 17:20:42,011 INFO o.a.j.t.JMeterThread: Stopping because end time detected by thread: Thread Group 1-101
2021-09-11 17:20:42,012 INFO o.a.j.t.JMeterThread: Thread finished: Thread Group 1-101
2021-09-11 17:20:42,034 INFO o.a.j.t.JMeterThread: Stopping because end time detected by thread: Thread Group 1-51
2021-09-11 17:20:42,034 INFO o.a.j.t.JMeterThread: Thread finished: Thread Group 1-51
2021-09-11 17:20:42,093 INFO o.a.j.t.JMeterThread: Stopping because end time detected by thread: Thread Group 1-72
2021-09-11 17:20:42,093 INFO o.a.j.t.JMeterThread: Thread finished: Thread Group 1-72
2021-09-11 17:20:42,100 INFO o.a.j.t.JMeterThread: Stopping because end time detected by thread: Thread Group 1-12
2021-09-11 17:20:42,100 INFO o.a.j.t.JMeterThread: Thread finished: Thread Group 1-12
2021-09-11 17:20:42,138 INFO o.a.j.t.JMeterThread: Stopping because end time detected by thread: Thread Group 1-33
2021-09-11 17:20:42,138 INFO o.a.j.t.JMeterThread: Thread finished: Thread Group 1-33
2021-09-11 17:20:42,163 INFO o.a.j.t.JMeterThread: Stopping because end time detected by thread: Thread Group 1-5
2021-09-11 17:20:42,163 INFO o.a.j.t.JMeterThread: Thread finished: Thread Group 1-5
2021-09-11 17:20:42,181 INFO o.a.j.t.JMeterThread: Stopping because end time detected by thread: Thread Group 1-6
2021-09-11 17:20:42,181 INFO o.a.j.t.JMeterThread: Thread finished: Thread Group 1-6
2021-09-11 17:20:42,213 INFO o.a.j.t.JMeterThread: Stopping because end time detected by thread: Thread Group 1-20
2021-09-11 17:20:42,213 INFO o.a.j.t.JMeterThread: Thread finished: Thread Group 1-20
2021-09-11 17:20:42,276 INFO o.a.j.t.JMeterThread: Stopping because end time detected by thread: Thread Group 1-57
2021-09-11 17:20:42,276 INFO o.a.j.t.JMeterThread: Thread finished: Thread Group 1-57
2021-09-11 17:20:42,281 INFO o.a.j.t.JMeterThread: Stopping because end time detected by thread: Thread Group 1-113
2021-09-11 17:20:42,282 INFO o.a.j.t.JMeterThread: Thread finished: Thread Group 1-113
2021-09-11 17:20:42,282 INFO o.a.j.t.JMeterThread: Stopping because end time detected by thread: Thread Group 1-133
2021-09-11 17:20:42,282 INFO o.a.j.t.JMeterThread: Thread finished: Thread Group 1-133
2021-09-11 17:20:42,333 INFO o.a.j.t.JMeterThread: Stopping because end time detected by thread: Thread Group 1-123
2021-09-11 17:20:42,333 INFO o.a.j.t.JMeterThread: Thread finished: Thread Group 1-123
2021-09-11 17:20:42,397 INFO o.a.j.t.JMeterThread: Stopping because end time detected by thread: Thread Group 1-145
2021-09-11 17:20:42,397 INFO o.a.j.t.JMeterThread: Thread finished: Thread Group 1-145
2021-09-11 17:20:42,413 INFO o.a.j.t.JMeterThread: Stopping because end time detected by thread: Thread Group 1-48
2021-09-11 17:20:42,413 INFO o.a.j.t.JMeterThread: Thread finished: Thread Group 1-48
2021-09-11 17:20:42,415 INFO o.a.j.t.JMeterThread: Stopping because end time detected by thread: Thread Group 1-79
2021-09-11 17:20:42,415 INFO o.a.j.t.JMeterThread: Thread finished: Thread Group 1-79
2021-09-11 17:20:42,421 INFO o.a.j.t.JMeterThread: Stopping because end time detected by thread: Thread Group 1-126
2021-09-11 17:20:42,421 INFO o.a.j.t.JMeterThread: Thread finished: Thread Group 1-126
2021-09-11 17:20:42,501 INFO o.a.j.t.JMeterThread: Stopping because end time detected by thread: Thread Group 1-85
2021-09-11 17:20:42,501 INFO o.a.j.t.JMeterThread: Thread finished: Thread Group 1-85
2021-09-11 17:20:42,513 INFO o.a.j.t.JMeterThread: Stopping because end time detected by thread: Thread Group 1-87
2021-09-11 17:20:42,513 INFO o.a.j.t.JMeterThread: Thread finished: Thread Group 1-87
2021-09-11 17:20:42,534 INFO o.a.j.t.JMeterThread: Stopping because end time detected by thread: Thread Group 1-139
2021-09-11 17:20:42,534 INFO o.a.j.t.JMeterThread: Thread finished: Thread Group 1-139
2021-09-11 17:20:42,575 INFO o.a.j.t.JMeterThread: Stopping because end time detected by thread: Thread Group 1-44
2021-09-11 17:20:42,575 INFO o.a.j.t.JMeterThread: Thread finished: Thread Group 1-44
2021-09-11 17:20:42,622 INFO o.a.j.t.JMeterThread: Stopping because end time detected by thread: Thread Group 1-127
2021-09-11 17:20:42,622 INFO o.a.j.t.JMeterThread: Thread finished: Thread Group 1-127
2021-09-11 17:20:42,622 INFO o.a.j.t.JMeterThread: Stopping because end time detected by thread: Thread Group 1-149
2021-09-11 17:20:42,622 INFO o.a.j.t.JMeterThread: Thread finished: Thread Group 1-149
2021-09-11 17:20:42,638 INFO o.a.j.t.JMeterThread: Stopping because end time detected by thread: Thread Group 1-94
2021-09-11 17:20:42,638 INFO o.a.j.t.JMeterThread: Thread finished: Thread Group 1-94
2021-09-11 17:20:42,732 INFO o.a.j.t.JMeterThread: Stopping because end time detected by thread: Thread Group 1-71
2021-09-11 17:20:42,732 INFO o.a.j.t.JMeterThread: Thread finished: Thread Group 1-71
2021-09-11 17:20:42,735 INFO o.a.j.t.JMeterThread: Stopping because end time detected by thread: Thread Group 1-90
2021-09-11 17:20:42,735 INFO o.a.j.t.JMeterThread: Thread finished: Thread Group 1-90
2021-09-11 17:20:42,739 INFO o.a.j.t.JMeterThread: Stopping because end time detected by thread: Thread Group 1-146
2021-09-11 17:20:42,739 INFO o.a.j.t.JMeterThread: Thread finished: Thread Group 1-146
2021-09-11 17:20:42,756 INFO o.a.j.t.JMeterThread: Stopping because end time detected by thread: Thread Group 1-120
2021-09-11 17:20:42,756 INFO o.a.j.t.JMeterThread: Thread finished: Thread Group 1-120
2021-09-11 17:20:42,816 INFO o.a.j.t.JMeterThread: Stopping because end time detected by thread: Thread Group 1-122
2021-09-11 17:20:42,816 INFO o.a.j.t.JMeterThread: Thread finished: Thread Group 1-122
2021-09-11 17:20:42,853 INFO o.a.j.t.JMeterThread: Stopping because end time detected by thread: Thread Group 1-134
2021-09-11 17:20:42,853 INFO o.a.j.t.JMeterThread: Thread finished: Thread Group 1-134
2021-09-11 17:20:42,854 INFO o.a.j.t.JMeterThread: Stopping because end time detected by thread: Thread Group 1-93
2021-09-11 17:20:42,854 INFO o.a.j.t.JMeterThread: Thread finished: Thread Group 1-93
2021-09-11 17:20:42,899 INFO o.a.j.t.JMeterThread: Stopping because end time detected by thread: Thread Group 1-77
2021-09-11 17:20:42,899 INFO o.a.j.t.JMeterThread: Thread finished: Thread Group 1-77
2021-09-11 17:20:42,922 INFO o.a.j.t.JMeterThread: Stopping because end time detected by thread: Thread Group 1-96
2021-09-11 17:20:42,922 INFO o.a.j.t.JMeterThread: Thread finished: Thread Group 1-96
2021-09-11 17:20:42,958 INFO o.a.j.t.JMeterThread: Stopping because end time detected by thread: Thread Group 1-4
2021-09-11 17:20:42,958 INFO o.a.j.t.JMeterThread: Thread finished: Thread Group 1-4
2021-09-11 17:20:42,973 INFO o.a.j.t.JMeterThread: Stopping because end time detected by thread: Thread Group 1-59
2021-09-11 17:20:42,974 INFO o.a.j.t.JMeterThread: Thread finished: Thread Group 1-59
2021-09-11 17:20:43,011 INFO o.a.j.t.JMeterThread: Stopping because end time detected by thread: Thread Group 1-76
2021-09-11 17:20:43,011 INFO o.a.j.t.JMeterThread: Thread finished: Thread Group 1-76
2021-09-11 17:20:43,017 INFO o.a.j.t.JMeterThread: Stopping because end time detected by thread: Thread Group 1-58
2021-09-11 17:20:43,017 INFO o.a.j.t.JMeterThread: Thread finished: Thread Group 1-58
2021-09-11 17:20:43,073 INFO o.a.j.t.JMeterThread: Stopping because end time detected by thread: Thread Group 1-68
2021-09-11 17:20:43,073 INFO o.a.j.t.JMeterThread: Thread finished: Thread Group 1-68
2021-09-11 17:20:43,113 INFO o.a.j.t.JMeterThread: Stopping because end time detected by thread: Thread Group 1-88
2021-09-11 17:20:43,113 INFO o.a.j.t.JMeterThread: Thread finished: Thread Group 1-88
2021-09-11 17:20:43,116 INFO o.a.j.t.JMeterThread: Stopping because end time detected by thread: Thread Group 1-41
2021-09-11 17:20:43,116 INFO o.a.j.t.JMeterThread: Thread finished: Thread Group 1-41
2021-09-11 17:20:43,134 INFO o.a.j.t.JMeterThread: Stopping because end time detected by thread: Thread Group 1-15
2021-09-11 17:20:43,134 INFO o.a.j.t.JMeterThread: Thread finished: Thread Group 1-15
2021-09-11 17:20:43,200 INFO o.a.j.t.JMeterThread: Stopping because end time detected by thread: Thread Group 1-24
2021-09-11 17:20:43,200 INFO o.a.j.t.JMeterThread: Thread finished: Thread Group 1-24
2021-09-11 17:20:43,211 INFO o.a.j.t.JMeterThread: Stopping because end time detected by thread: Thread Group 1-40
2021-09-11 17:20:43,211 INFO o.a.j.t.JMeterThread: Thread finished: Thread Group 1-40
2021-09-11 17:20:43,236 INFO o.a.j.t.JMeterThread: Stopping because end time detected by thread: Thread Group 1-65
2021-09-11 17:20:43,236 INFO o.a.j.t.JMeterThread: Thread finished: Thread Group 1-65
2021-09-11 17:20:43,255 INFO o.a.j.t.JMeterThread: Stopping because end time detected by thread: Thread Group 1-114
2021-09-11 17:20:43,256 INFO o.a.j.t.JMeterThread: Thread finished: Thread Group 1-114
2021-09-11 17:20:43,295 INFO o.a.j.t.JMeterThread: Stopping because end time detected by thread: Thread Group 1-69
2021-09-11 17:20:43,295 INFO o.a.j.t.JMeterThread: Thread finished: Thread Group 1-69
2021-09-11 17:20:43,297 INFO o.a.j.t.JMeterThread: Stopping because end time detected by thread: Thread Group 1-35
2021-09-11 17:20:43,297 INFO o.a.j.t.JMeterThread: Thread finished: Thread Group 1-35
2021-09-11 17:20:43,374 INFO o.a.j.t.JMeterThread: Stopping because end time detected by thread: Thread Group 1-73
2021-09-11 17:20:43,374 INFO o.a.j.t.JMeterThread: Thread finished: Thread Group 1-73
2021-09-11 17:20:43,375 INFO o.a.j.t.JMeterThread: Stopping because end time detected by thread: Thread Group 1-100
2021-09-11 17:20:43,376 INFO o.a.j.t.JMeterThread: Thread finished: Thread Group 1-100
2021-09-11 17:20:43,394 INFO o.a.j.t.JMeterThread: Stopping because end time detected by thread: Thread Group 1-25
2021-09-11 17:20:43,394 INFO o.a.j.t.JMeterThread: Thread finished: Thread Group 1-25
2021-09-11 17:20:43,399 INFO o.a.j.t.JMeterThread: Stopping because end time detected by thread: Thread Group 1-112
2021-09-11 17:20:43,399 INFO o.a.j.t.JMeterThread: Thread finished: Thread Group 1-112
2021-09-11 17:20:43,472 INFO o.a.j.t.JMeterThread: Stopping because end time detected by thread: Thread Group 1-109
2021-09-11 17:20:43,472 INFO o.a.j.t.JMeterThread: Thread finished: Thread Group 1-109
2021-09-11 17:20:43,481 INFO o.a.j.t.JMeterThread: Stopping because end time detected by thread: Thread Group 1-28
2021-09-11 17:20:43,482 INFO o.a.j.t.JMeterThread: Thread finished: Thread Group 1-28
2021-09-11 17:20:43,535 INFO o.a.j.t.JMeterThread: Stopping because end time detected by thread: Thread Group 1-104
2021-09-11 17:20:43,535 INFO o.a.j.t.JMeterThread: Thread finished: Thread Group 1-104
2021-09-11 17:20:43,536 INFO o.a.j.t.JMeterThread: Stopping because end time detected by thread: Thread Group 1-141
2021-09-11 17:20:43,536 INFO o.a.j.t.JMeterThread: Thread finished: Thread Group 1-141
2021-09-11 17:20:43,578 INFO o.a.j.t.JMeterThread: Stopping because end time detected by thread: Thread Group 1-105
2021-09-11 17:20:43,578 INFO o.a.j.t.JMeterThread: Thread finished: Thread Group 1-105
2021-09-11 17:20:43,592 INFO o.a.j.t.JMeterThread: Stopping because end time detected by thread: Thread Group 1-36
2021-09-11 17:20:43,592 INFO o.a.j.t.JMeterThread: Thread finished: Thread Group 1-36
2021-09-11 17:20:43,639 INFO o.a.j.t.JMeterThread: Stopping because end time detected by thread: Thread Group 1-142
2021-09-11 17:20:43,639 INFO o.a.j.t.JMeterThread: Thread finished: Thread Group 1-142
2021-09-11 17:20:43,672 INFO o.a.j.t.JMeterThread: Stopping because end time detected by thread: Thread Group 1-116
2021-09-11 17:20:43,672 INFO o.a.j.t.JMeterThread: Thread finished: Thread Group 1-116
2021-09-11 17:20:43,674 INFO o.a.j.t.JMeterThread: Stopping because end time detected by thread: Thread Group 1-70
2021-09-11 17:20:43,674 INFO o.a.j.t.JMeterThread: Thread finished: Thread Group 1-70
2021-09-11 17:20:43,736 INFO o.a.j.t.JMeterThread: Stopping because end time detected by thread: Thread Group 1-106
2021-09-11 17:20:43,736 INFO o.a.j.t.JMeterThread: Thread finished: Thread Group 1-106
2021-09-11 17:20:43,752 INFO o.a.j.t.JMeterThread: Stopping because end time detected by thread: Thread Group 1-98
2021-09-11 17:20:43,752 INFO o.a.j.t.JMeterThread: Thread finished: Thread Group 1-98
2021-09-11 17:20:43,761 INFO o.a.j.t.JMeterThread: Stopping because end time detected by thread: Thread Group 1-138
2021-09-11 17:20:43,761 INFO o.a.j.t.JMeterThread: Thread finished: Thread Group 1-138
2021-09-11 17:20:43,761 INFO o.a.j.t.JMeterThread: Stopping because end time detected by thread: Thread Group 1-63
2021-09-11 17:20:43,762 INFO o.a.j.t.JMeterThread: Thread finished: Thread Group 1-63
2021-09-11 17:20:43,859 INFO o.a.j.t.JMeterThread: Stopping because end time detected by thread: Thread Group 1-23
2021-09-11 17:20:43,860 INFO o.a.j.t.JMeterThread: Thread finished: Thread Group 1-23
2021-09-11 17:20:43,871 INFO o.a.j.t.JMeterThread: Stopping because end time detected by thread: Thread Group 1-131
2021-09-11 17:20:43,871 INFO o.a.j.t.JMeterThread: Thread finished: Thread Group 1-131
2021-09-11 17:20:43,872 INFO o.a.j.t.JMeterThread: Stopping because end time detected by thread: Thread Group 1-108
2021-09-11 17:20:43,872 INFO o.a.j.t.JMeterThread: Thread finished: Thread Group 1-108
2021-09-11 17:20:43,873 INFO o.a.j.t.JMeterThread: Stopping because end time detected by thread: Thread Group 1-75
2021-09-11 17:20:43,873 INFO o.a.j.t.JMeterThread: Thread finished: Thread Group 1-75
2021-09-11 17:20:43,957 INFO o.a.j.t.JMeterThread: Stopping because end time detected by thread: Thread Group 1-82
2021-09-11 17:20:43,957 INFO o.a.j.t.JMeterThread: Thread finished: Thread Group 1-82
2021-09-11 17:20:43,962 INFO o.a.j.t.JMeterThread: Stopping because end time detected by thread: Thread Group 1-119
2021-09-11 17:20:43,962 INFO o.a.j.t.JMeterThread: Thread finished: Thread Group 1-119
2021-09-11 17:20:43,973 INFO o.a.j.t.JMeterThread: Stopping because end time detected by thread: Thread Group 1-16
2021-09-11 17:20:43,973 INFO o.a.j.t.JMeterThread: Thread finished: Thread Group 1-16
2021-09-11 17:20:44,034 INFO o.a.j.t.JMeterThread: Stopping because end time detected by thread: Thread Group 1-130
2021-09-11 17:20:44,034 INFO o.a.j.t.JMeterThread: Thread finished: Thread Group 1-130
2021-09-11 17:20:44,059 INFO o.a.j.t.JMeterThread: Stopping because end time detected by thread: Thread Group 1-103
2021-09-11 17:20:44,059 INFO o.a.j.t.JMeterThread: Thread finished: Thread Group 1-103
2021-09-11 17:20:44,061 INFO o.a.j.t.JMeterThread: Stopping because end time detected by thread: Thread Group 1-135
2021-09-11 17:20:44,061 INFO o.a.j.t.JMeterThread: Thread finished: Thread Group 1-135
2021-09-11 17:20:44,075 INFO o.a.j.t.JMeterThread: Stopping because end time detected by thread: Thread Group 1-62
2021-09-11 17:20:44,075 INFO o.a.j.t.JMeterThread: Thread finished: Thread Group 1-62
2021-09-11 17:20:44,154 INFO o.a.j.t.JMeterThread: Stopping because end time detected by thread: Thread Group 1-55
2021-09-11 17:20:44,155 INFO o.a.j.t.JMeterThread: Thread finished: Thread Group 1-55
2021-09-11 17:20:44,163 INFO o.a.j.t.JMeterThread: Stopping because end time detected by thread: Thread Group 1-42
2021-09-11 17:20:44,163 INFO o.a.j.t.JMeterThread: Thread finished: Thread Group 1-42
2021-09-11 17:20:44,192 INFO o.a.j.t.JMeterThread: Stopping because end time detected by thread: Thread Group 1-34
2021-09-11 17:20:44,192 INFO o.a.j.t.JMeterThread: Thread finished: Thread Group 1-34
2021-09-11 17:20:44,194 INFO o.a.j.t.JMeterThread: Stopping because end time detected by thread: Thread Group 1-38
2021-09-11 17:20:44,194 INFO o.a.j.t.JMeterThread: Thread finished: Thread Group 1-38
2021-09-11 17:20:44,275 INFO o.a.j.t.JMeterThread: Stopping because end time detected by thread: Thread Group 1-128
2021-09-11 17:20:44,276 INFO o.a.j.t.JMeterThread: Thread finished: Thread Group 1-128
2021-09-11 17:20:44,294 INFO o.a.j.t.JMeterThread: Stopping because end time detected by thread: Thread Group 1-26
2021-09-11 17:20:44,294 INFO o.a.j.t.JMeterThread: Thread finished: Thread Group 1-26
2021-09-11 17:20:44,295 INFO o.a.j.t.JMeterThread: Stopping because end time detected by thread: Thread Group 1-1
2021-09-11 17:20:44,295 INFO o.a.j.t.JMeterThread: Thread finished: Thread Group 1-1
2021-09-11 17:20:44,295 INFO o.a.j.t.JMeterThread: Stopping because end time detected by thread: Thread Group 1-50
2021-09-11 17:20:44,295 INFO o.a.j.t.JMeterThread: Thread finished: Thread Group 1-50
2021-09-11 17:20:44,343 INFO o.a.j.t.JMeterThread: Stopping because end time detected by thread: Thread Group 1-84
2021-09-11 17:20:44,344 INFO o.a.j.t.JMeterThread: Thread finished: Thread Group 1-84
2021-09-11 17:20:44,344 INFO o.a.j.e.StandardJMeterEngine: Notifying test listeners of end of test
2021-09-11 17:20:44,345 INFO o.a.j.r.Summariser: summary +    502 in 00:00:14 =   35.1/s Avg:  4293 Min:  3679 Max:  6749 Err:     0 (0.00%) Active: 0 Started: 150 Finished: 150
2021-09-11 17:20:44,345 INFO o.a.j.r.Summariser: summary =  63028 in 00:30:04 =   34.9/s Avg:  4287 Min:  2407 Max:  7215 Err:     0 (0.00%)
