2021-09-30 16:05:06,577 INFO o.a.j.u.JMeterUtils: Setting Locale to en_EN
2021-09-30 16:05:06,619 INFO o.a.j.JMeter: Loading user properties from: /home/ubuntu/apache-jmeter-5.3/bin/user.properties
2021-09-30 16:05:06,621 INFO o.a.j.JMeter: Loading system properties from: /home/ubuntu/apache-jmeter-5.3/bin/system.properties
2021-09-30 16:05:06,624 INFO o.a.j.JMeter: Copyright (c) 1998-2020 The Apache Software Foundation
2021-09-30 16:05:06,625 INFO o.a.j.JMeter: Version 5.3
2021-09-30 16:05:06,625 INFO o.a.j.JMeter: java.version=11.0.11
2021-09-30 16:05:06,625 INFO o.a.j.JMeter: java.vm.name=OpenJDK 64-Bit Server VM
2021-09-30 16:05:06,626 INFO o.a.j.JMeter: os.name=Linux
2021-09-30 16:05:06,626 INFO o.a.j.JMeter: os.arch=amd64
2021-09-30 16:05:06,626 INFO o.a.j.JMeter: os.version=5.4.0-86-generic
2021-09-30 16:05:06,626 INFO o.a.j.JMeter: file.encoding=UTF-8
2021-09-30 16:05:06,626 INFO o.a.j.JMeter: java.awt.headless=true
2021-09-30 16:05:06,626 INFO o.a.j.JMeter: Max memory     =1073741824
2021-09-30 16:05:06,626 INFO o.a.j.JMeter: Available Processors =2
2021-09-30 16:05:06,653 INFO o.a.j.JMeter: Default Locale=English (EN)
2021-09-30 16:05:06,654 INFO o.a.j.JMeter: JMeter  Locale=English (EN)
2021-09-30 16:05:06,654 INFO o.a.j.JMeter: JMeterHome=/home/ubuntu/apache-jmeter-5.3
2021-09-30 16:05:06,654 INFO o.a.j.JMeter: user.dir  =/home/ubuntu
2021-09-30 16:05:06,654 INFO o.a.j.JMeter: PWD       =/home/ubuntu
2021-09-30 16:05:06,656 INFO o.a.j.JMeter: IP: 10.243.64.9 Name: pa-2 FullName: pa-2
2021-09-30 16:05:06,664 INFO o.a.j.s.FileServer: Default base='/home/ubuntu'
2021-09-30 16:05:06,668 INFO o.a.j.s.FileServer: Set new base='/home/ubuntu'
2021-09-30 16:05:06,920 INFO o.a.j.s.SaveService: Testplan (JMX) version: 2.2. Testlog (JTL) version: 2.2
2021-09-30 16:05:06,961 INFO o.a.j.s.SaveService: Using SaveService properties version 5.0
2021-09-30 16:05:06,966 INFO o.a.j.s.SaveService: Using SaveService properties file encoding UTF-8
2021-09-30 16:05:06,970 INFO o.a.j.s.SaveService: Loading file: experiment.jmx
2021-09-30 16:05:07,028 INFO o.a.j.p.h.s.HTTPSamplerBase: Parser for text/html is org.apache.jmeter.protocol.http.parser.LagartoBasedHtmlParser
2021-09-30 16:05:07,028 INFO o.a.j.p.h.s.HTTPSamplerBase: Parser for application/xhtml+xml is org.apache.jmeter.protocol.http.parser.LagartoBasedHtmlParser
2021-09-30 16:05:07,028 INFO o.a.j.p.h.s.HTTPSamplerBase: Parser for application/xml is org.apache.jmeter.protocol.http.parser.LagartoBasedHtmlParser
2021-09-30 16:05:07,028 INFO o.a.j.p.h.s.HTTPSamplerBase: Parser for text/xml is org.apache.jmeter.protocol.http.parser.LagartoBasedHtmlParser
2021-09-30 16:05:07,028 INFO o.a.j.p.h.s.HTTPSamplerBase: Parser for text/vnd.wap.wml is org.apache.jmeter.protocol.http.parser.RegexpHTMLParser
2021-09-30 16:05:07,028 INFO o.a.j.p.h.s.HTTPSamplerBase: Parser for text/css is org.apache.jmeter.protocol.http.parser.CssParser
2021-09-30 16:05:07,043 INFO o.a.j.JMeter: Creating summariser <summary>
2021-09-30 16:05:07,053 INFO o.a.j.e.StandardJMeterEngine: Running the test!
2021-09-30 16:05:07,058 INFO o.a.j.s.SampleEvent: List of sample_variables: []
2021-09-30 16:05:07,058 INFO o.a.j.s.SampleEvent: List of sample_variables: []
2021-09-30 16:05:07,068 INFO o.a.j.e.u.CompoundVariable: Note: Function class names must contain the string: '.functions.'
2021-09-30 16:05:07,068 INFO o.a.j.e.u.CompoundVariable: Note: Function class names must not contain the string: '.gui.'
2021-09-30 16:05:07,520 INFO o.a.j.JMeter: Running test (1633017907520)
2021-09-30 16:05:07,580 INFO o.a.j.e.StandardJMeterEngine: Starting ThreadGroup: 1 : Thread Group
2021-09-30 16:05:07,581 INFO o.a.j.e.StandardJMeterEngine: Starting 150 threads for group Thread Group.
2021-09-30 16:05:07,581 INFO o.a.j.e.StandardJMeterEngine: Test will stop abruptly on error
2021-09-30 16:05:07,581 INFO o.a.j.t.ThreadGroup: Starting thread group... number=1 threads=150 ramp-up=60 delayedStart=false
2021-09-30 16:05:07,658 INFO o.a.j.t.JMeterThread: Thread started: Thread Group 1-1
2021-09-30 16:05:07,732 INFO o.a.j.p.h.s.HTTPHCAbstractImpl: Local host = pa-2
2021-09-30 16:05:07,749 INFO o.a.j.p.h.s.HTTPHC4Impl: HTTP request retry count = 0
2021-09-30 16:05:07,751 INFO o.a.j.s.SampleResult: Note: Sample TimeStamps are START times
2021-09-30 16:05:07,751 INFO o.a.j.s.SampleResult: sampleresult.default.encoding is set to ISO-8859-1
2021-09-30 16:05:07,752 INFO o.a.j.s.SampleResult: sampleresult.useNanoTime=true
2021-09-30 16:05:07,752 INFO o.a.j.s.SampleResult: sampleresult.nanoThreadSleep=5000
2021-09-30 16:05:07,777 INFO o.a.j.t.ThreadGroup: Started thread group number 1
2021-09-30 16:05:07,777 INFO o.a.j.e.StandardJMeterEngine: All thread groups have been started
2021-09-30 16:05:07,900 INFO o.a.j.p.h.s.h.LazyLayeredConnectionSocketFactory: Setting up HTTPS TrustAll Socket Factory
2021-09-30 16:05:07,909 INFO o.a.j.u.JsseSSLManager: Using default SSL protocol: TLS
2021-09-30 16:05:07,909 INFO o.a.j.u.JsseSSLManager: SSL session context: per-thread
2021-09-30 16:05:08,053 INFO o.a.j.t.JMeterThread: Thread started: Thread Group 1-2
2021-09-30 16:05:08,074 INFO o.a.j.u.SSLManager: JmeterKeyStore Location:  type JKS
2021-09-30 16:05:08,078 INFO o.a.j.u.SSLManager: KeyStore created OK
2021-09-30 16:05:08,078 WARN o.a.j.u.SSLManager: Keystore file not found, loading empty keystore
2021-09-30 16:05:08,451 INFO o.a.j.t.JMeterThread: Thread started: Thread Group 1-3
2021-09-30 16:05:08,850 INFO o.a.j.t.JMeterThread: Thread started: Thread Group 1-4
2021-09-30 16:05:09,249 INFO o.a.j.t.JMeterThread: Thread started: Thread Group 1-5
2021-09-30 16:05:09,648 INFO o.a.j.t.JMeterThread: Thread started: Thread Group 1-6
2021-09-30 16:05:10,047 INFO o.a.j.t.JMeterThread: Thread started: Thread Group 1-7
2021-09-30 16:05:10,446 INFO o.a.j.t.JMeterThread: Thread started: Thread Group 1-8
2021-09-30 16:05:10,845 INFO o.a.j.t.JMeterThread: Thread started: Thread Group 1-9
2021-09-30 16:05:11,244 INFO o.a.j.t.JMeterThread: Thread started: Thread Group 1-10
2021-09-30 16:05:11,643 INFO o.a.j.t.JMeterThread: Thread started: Thread Group 1-11
2021-09-30 16:05:12,042 INFO o.a.j.t.JMeterThread: Thread started: Thread Group 1-12
2021-09-30 16:05:12,441 INFO o.a.j.t.JMeterThread: Thread started: Thread Group 1-13
2021-09-30 16:05:12,842 INFO o.a.j.t.JMeterThread: Thread started: Thread Group 1-14
2021-09-30 16:05:13,238 INFO o.a.j.t.JMeterThread: Thread started: Thread Group 1-15
2021-09-30 16:05:13,637 INFO o.a.j.t.JMeterThread: Thread started: Thread Group 1-16
2021-09-30 16:05:14,036 INFO o.a.j.t.JMeterThread: Thread started: Thread Group 1-17
2021-09-30 16:05:14,435 INFO o.a.j.t.JMeterThread: Thread started: Thread Group 1-18
2021-09-30 16:05:14,834 INFO o.a.j.t.JMeterThread: Thread started: Thread Group 1-19
2021-09-30 16:05:15,233 INFO o.a.j.t.JMeterThread: Thread started: Thread Group 1-20
2021-09-30 16:05:15,631 INFO o.a.j.t.JMeterThread: Thread started: Thread Group 1-21
2021-09-30 16:05:16,030 INFO o.a.j.t.JMeterThread: Thread started: Thread Group 1-22
2021-09-30 16:05:16,430 INFO o.a.j.t.JMeterThread: Thread started: Thread Group 1-23
2021-09-30 16:05:16,829 INFO o.a.j.t.JMeterThread: Thread started: Thread Group 1-24
2021-09-30 16:05:17,230 INFO o.a.j.t.JMeterThread: Thread started: Thread Group 1-25
2021-09-30 16:05:17,628 INFO o.a.j.t.JMeterThread: Thread started: Thread Group 1-26
2021-09-30 16:05:18,029 INFO o.a.j.t.JMeterThread: Thread started: Thread Group 1-27
2021-09-30 16:05:18,427 INFO o.a.j.t.JMeterThread: Thread started: Thread Group 1-28
2021-09-30 16:05:18,826 INFO o.a.j.t.JMeterThread: Thread started: Thread Group 1-29
2021-09-30 16:05:19,226 INFO o.a.j.t.JMeterThread: Thread started: Thread Group 1-30
2021-09-30 16:05:19,625 INFO o.a.j.t.JMeterThread: Thread started: Thread Group 1-31
2021-09-30 16:05:20,025 INFO o.a.j.t.JMeterThread: Thread started: Thread Group 1-32
2021-09-30 16:05:20,424 INFO o.a.j.t.JMeterThread: Thread started: Thread Group 1-33
2021-09-30 16:05:20,824 INFO o.a.j.t.JMeterThread: Thread started: Thread Group 1-34
2021-09-30 16:05:21,221 INFO o.a.j.t.JMeterThread: Thread started: Thread Group 1-35
2021-09-30 16:05:21,620 INFO o.a.j.t.JMeterThread: Thread started: Thread Group 1-36
2021-09-30 16:05:22,019 INFO o.a.j.t.JMeterThread: Thread started: Thread Group 1-37
2021-09-30 16:05:22,418 INFO o.a.j.t.JMeterThread: Thread started: Thread Group 1-38
2021-09-30 16:05:22,818 INFO o.a.j.t.JMeterThread: Thread started: Thread Group 1-39
2021-09-30 16:05:23,217 INFO o.a.j.t.JMeterThread: Thread started: Thread Group 1-40
2021-09-30 16:05:23,617 INFO o.a.j.t.JMeterThread: Thread started: Thread Group 1-41
2021-09-30 16:05:24,012 INFO o.a.j.t.JMeterThread: Thread started: Thread Group 1-42
2021-09-30 16:05:24,413 INFO o.a.j.t.JMeterThread: Thread started: Thread Group 1-43
2021-09-30 16:05:24,809 INFO o.a.j.t.JMeterThread: Thread started: Thread Group 1-44
2021-09-30 16:05:25,205 INFO o.a.j.t.JMeterThread: Thread started: Thread Group 1-45
2021-09-30 16:05:25,611 INFO o.a.j.t.JMeterThread: Thread started: Thread Group 1-46
2021-09-30 16:05:26,011 INFO o.a.j.t.JMeterThread: Thread started: Thread Group 1-47
2021-09-30 16:05:26,410 INFO o.a.j.t.JMeterThread: Thread started: Thread Group 1-48
2021-09-30 16:05:26,810 INFO o.a.j.t.JMeterThread: Thread started: Thread Group 1-49
2021-09-30 16:05:27,204 INFO o.a.j.t.JMeterThread: Thread started: Thread Group 1-50
2021-09-30 16:05:27,599 INFO o.a.j.t.JMeterThread: Thread started: Thread Group 1-51
2021-09-30 16:05:27,997 INFO o.a.j.t.JMeterThread: Thread started: Thread Group 1-52
2021-09-30 16:05:28,396 INFO o.a.j.t.JMeterThread: Thread started: Thread Group 1-53
2021-09-30 16:05:28,795 INFO o.a.j.t.JMeterThread: Thread started: Thread Group 1-54
2021-09-30 16:05:29,195 INFO o.a.j.t.JMeterThread: Thread started: Thread Group 1-55
2021-09-30 16:05:29,594 INFO o.a.j.t.JMeterThread: Thread started: Thread Group 1-56
2021-09-30 16:05:29,987 INFO o.a.j.t.JMeterThread: Thread started: Thread Group 1-57
2021-09-30 16:05:30,031 INFO o.a.j.r.Summariser: summary +    680 in 00:00:23 =   30.2/s Avg:   868 Min:    64 Max:  1695 Err:     0 (0.00%) Active: 57 Started: 57 Finished: 0
2021-09-30 16:05:30,388 INFO o.a.j.t.JMeterThread: Thread started: Thread Group 1-58
2021-09-30 16:05:30,792 INFO o.a.j.t.JMeterThread: Thread started: Thread Group 1-59
2021-09-30 16:05:31,184 INFO o.a.j.t.JMeterThread: Thread started: Thread Group 1-60
2021-09-30 16:05:31,585 INFO o.a.j.t.JMeterThread: Thread started: Thread Group 1-61
2021-09-30 16:05:31,982 INFO o.a.j.t.JMeterThread: Thread started: Thread Group 1-62
2021-09-30 16:05:32,383 INFO o.a.j.t.JMeterThread: Thread started: Thread Group 1-63
2021-09-30 16:05:32,782 INFO o.a.j.t.JMeterThread: Thread started: Thread Group 1-64
2021-09-30 16:05:33,182 INFO o.a.j.t.JMeterThread: Thread started: Thread Group 1-65
2021-09-30 16:05:33,585 INFO o.a.j.t.JMeterThread: Thread started: Thread Group 1-66
2021-09-30 16:05:33,993 INFO o.a.j.t.JMeterThread: Thread started: Thread Group 1-67
2021-09-30 16:05:34,386 INFO o.a.j.t.JMeterThread: Thread started: Thread Group 1-68
2021-09-30 16:05:34,783 INFO o.a.j.t.JMeterThread: Thread started: Thread Group 1-69
2021-09-30 16:05:35,182 INFO o.a.j.t.JMeterThread: Thread started: Thread Group 1-70
2021-09-30 16:05:35,583 INFO o.a.j.t.JMeterThread: Thread started: Thread Group 1-71
2021-09-30 16:05:35,982 INFO o.a.j.t.JMeterThread: Thread started: Thread Group 1-72
2021-09-30 16:05:36,386 INFO o.a.j.t.JMeterThread: Thread started: Thread Group 1-73
2021-09-30 16:05:36,786 INFO o.a.j.t.JMeterThread: Thread started: Thread Group 1-74
2021-09-30 16:05:37,184 INFO o.a.j.t.JMeterThread: Thread started: Thread Group 1-75
2021-09-30 16:05:37,582 INFO o.a.j.t.JMeterThread: Thread started: Thread Group 1-76
2021-09-30 16:05:37,988 INFO o.a.j.t.JMeterThread: Thread started: Thread Group 1-77
2021-09-30 16:05:38,392 INFO o.a.j.t.JMeterThread: Thread started: Thread Group 1-78
2021-09-30 16:05:38,782 INFO o.a.j.t.JMeterThread: Thread started: Thread Group 1-79
2021-09-30 16:05:39,183 INFO o.a.j.t.JMeterThread: Thread started: Thread Group 1-80
2021-09-30 16:05:39,583 INFO o.a.j.t.JMeterThread: Thread started: Thread Group 1-81
2021-09-30 16:05:39,985 INFO o.a.j.t.JMeterThread: Thread started: Thread Group 1-82
2021-09-30 16:05:40,384 INFO o.a.j.t.JMeterThread: Thread started: Thread Group 1-83
2021-09-30 16:05:40,786 INFO o.a.j.t.JMeterThread: Thread started: Thread Group 1-84
2021-09-30 16:05:41,183 INFO o.a.j.t.JMeterThread: Thread started: Thread Group 1-85
2021-09-30 16:05:41,583 INFO o.a.j.t.JMeterThread: Thread started: Thread Group 1-86
2021-09-30 16:05:41,984 INFO o.a.j.t.JMeterThread: Thread started: Thread Group 1-87
2021-09-30 16:05:42,384 INFO o.a.j.t.JMeterThread: Thread started: Thread Group 1-88
2021-09-30 16:05:42,783 INFO o.a.j.t.JMeterThread: Thread started: Thread Group 1-89
2021-09-30 16:05:43,183 INFO o.a.j.t.JMeterThread: Thread started: Thread Group 1-90
2021-09-30 16:05:43,583 INFO o.a.j.t.JMeterThread: Thread started: Thread Group 1-91
2021-09-30 16:05:43,982 INFO o.a.j.t.JMeterThread: Thread started: Thread Group 1-92
2021-09-30 16:05:44,381 INFO o.a.j.t.JMeterThread: Thread started: Thread Group 1-93
2021-09-30 16:05:44,782 INFO o.a.j.t.JMeterThread: Thread started: Thread Group 1-94
2021-09-30 16:05:45,183 INFO o.a.j.t.JMeterThread: Thread started: Thread Group 1-95
2021-09-30 16:05:45,583 INFO o.a.j.t.JMeterThread: Thread started: Thread Group 1-96
2021-09-30 16:05:45,982 INFO o.a.j.t.JMeterThread: Thread started: Thread Group 1-97
2021-09-30 16:05:46,381 INFO o.a.j.t.JMeterThread: Thread started: Thread Group 1-98
2021-09-30 16:05:46,783 INFO o.a.j.t.JMeterThread: Thread started: Thread Group 1-99
2021-09-30 16:05:47,182 INFO o.a.j.t.JMeterThread: Thread started: Thread Group 1-100
2021-09-30 16:05:47,581 INFO o.a.j.t.JMeterThread: Thread started: Thread Group 1-101
2021-09-30 16:05:47,982 INFO o.a.j.t.JMeterThread: Thread started: Thread Group 1-102
2021-09-30 16:05:48,382 INFO o.a.j.t.JMeterThread: Thread started: Thread Group 1-103
2021-09-30 16:05:48,782 INFO o.a.j.t.JMeterThread: Thread started: Thread Group 1-104
2021-09-30 16:05:49,183 INFO o.a.j.t.JMeterThread: Thread started: Thread Group 1-105
2021-09-30 16:05:49,587 INFO o.a.j.t.JMeterThread: Thread started: Thread Group 1-106
2021-09-30 16:05:49,983 INFO o.a.j.t.JMeterThread: Thread started: Thread Group 1-107
2021-09-30 16:05:50,383 INFO o.a.j.t.JMeterThread: Thread started: Thread Group 1-108
2021-09-30 16:05:50,785 INFO o.a.j.t.JMeterThread: Thread started: Thread Group 1-109
2021-09-30 16:05:51,182 INFO o.a.j.t.JMeterThread: Thread started: Thread Group 1-110
2021-09-30 16:05:51,582 INFO o.a.j.t.JMeterThread: Thread started: Thread Group 1-111
2021-09-30 16:05:51,981 INFO o.a.j.t.JMeterThread: Thread started: Thread Group 1-112
2021-09-30 16:05:52,382 INFO o.a.j.t.JMeterThread: Thread started: Thread Group 1-113
2021-09-30 16:05:52,783 INFO o.a.j.t.JMeterThread: Thread started: Thread Group 1-114
2021-09-30 16:05:53,182 INFO o.a.j.t.JMeterThread: Thread started: Thread Group 1-115
2021-09-30 16:05:53,582 INFO o.a.j.t.JMeterThread: Thread started: Thread Group 1-116
2021-09-30 16:05:53,983 INFO o.a.j.t.JMeterThread: Thread started: Thread Group 1-117
2021-09-30 16:05:54,384 INFO o.a.j.t.JMeterThread: Thread started: Thread Group 1-118
2021-09-30 16:05:54,784 INFO o.a.j.t.JMeterThread: Thread started: Thread Group 1-119
2021-09-30 16:05:55,192 INFO o.a.j.t.JMeterThread: Thread started: Thread Group 1-120
2021-09-30 16:05:55,591 INFO o.a.j.t.JMeterThread: Thread started: Thread Group 1-121
2021-09-30 16:05:55,985 INFO o.a.j.t.JMeterThread: Thread started: Thread Group 1-122
2021-09-30 16:05:56,384 INFO o.a.j.t.JMeterThread: Thread started: Thread Group 1-123
2021-09-30 16:05:56,785 INFO o.a.j.t.JMeterThread: Thread started: Thread Group 1-124
2021-09-30 16:05:57,184 INFO o.a.j.t.JMeterThread: Thread started: Thread Group 1-125
2021-09-30 16:05:57,582 INFO o.a.j.t.JMeterThread: Thread started: Thread Group 1-126
2021-09-30 16:05:57,991 INFO o.a.j.t.JMeterThread: Thread started: Thread Group 1-127
2021-09-30 16:05:58,390 INFO o.a.j.t.JMeterThread: Thread started: Thread Group 1-128
2021-09-30 16:05:58,782 INFO o.a.j.t.JMeterThread: Thread started: Thread Group 1-129
2021-09-30 16:05:59,182 INFO o.a.j.t.JMeterThread: Thread started: Thread Group 1-130
2021-09-30 16:05:59,584 INFO o.a.j.t.JMeterThread: Thread started: Thread Group 1-131
2021-09-30 16:05:59,982 INFO o.a.j.t.JMeterThread: Thread started: Thread Group 1-132
2021-09-30 16:06:00,040 INFO o.a.j.r.Summariser: summary +    949 in 00:00:30 =   31.6/s Avg:  2758 Min:  1628 Max:  3902 Err:     0 (0.00%) Active: 132 Started: 132 Finished: 0
2021-09-30 16:06:00,041 INFO o.a.j.r.Summariser: summary =   1629 in 00:00:53 =   31.0/s Avg:  1969 Min:    64 Max:  3902 Err:     0 (0.00%)
2021-09-30 16:06:00,381 INFO o.a.j.t.JMeterThread: Thread started: Thread Group 1-133
2021-09-30 16:06:00,782 INFO o.a.j.t.JMeterThread: Thread started: Thread Group 1-134
2021-09-30 16:06:01,182 INFO o.a.j.t.JMeterThread: Thread started: Thread Group 1-135
2021-09-30 16:06:01,582 INFO o.a.j.t.JMeterThread: Thread started: Thread Group 1-136
2021-09-30 16:06:01,982 INFO o.a.j.t.JMeterThread: Thread started: Thread Group 1-137
2021-09-30 16:06:02,382 INFO o.a.j.t.JMeterThread: Thread started: Thread Group 1-138
2021-09-30 16:06:02,782 INFO o.a.j.t.JMeterThread: Thread started: Thread Group 1-139
2021-09-30 16:06:03,182 INFO o.a.j.t.JMeterThread: Thread started: Thread Group 1-140
2021-09-30 16:06:03,582 INFO o.a.j.t.JMeterThread: Thread started: Thread Group 1-141
2021-09-30 16:06:03,981 INFO o.a.j.t.JMeterThread: Thread started: Thread Group 1-142
2021-09-30 16:06:04,382 INFO o.a.j.t.JMeterThread: Thread started: Thread Group 1-143
2021-09-30 16:06:04,781 INFO o.a.j.t.JMeterThread: Thread started: Thread Group 1-144
2021-09-30 16:06:05,188 INFO o.a.j.t.JMeterThread: Thread started: Thread Group 1-145
2021-09-30 16:06:05,593 INFO o.a.j.t.JMeterThread: Thread started: Thread Group 1-146
2021-09-30 16:06:05,997 INFO o.a.j.t.JMeterThread: Thread started: Thread Group 1-147
2021-09-30 16:06:06,385 INFO o.a.j.t.JMeterThread: Thread started: Thread Group 1-148
2021-09-30 16:06:06,782 INFO o.a.j.t.JMeterThread: Thread started: Thread Group 1-149
2021-09-30 16:06:07,184 INFO o.a.j.t.JMeterThread: Thread started: Thread Group 1-150
2021-09-30 16:06:30,010 INFO o.a.j.r.Summariser: summary +    951 in 00:00:30 =   31.7/s Avg:  4548 Min:  3840 Max:  4801 Err:     0 (0.00%) Active: 150 Started: 150 Finished: 0
2021-09-30 16:06:30,011 INFO o.a.j.r.Summariser: summary =   2580 in 00:01:22 =   31.3/s Avg:  2920 Min:    64 Max:  4801 Err:     0 (0.00%)
2021-09-30 16:07:00,045 INFO o.a.j.r.Summariser: summary +    953 in 00:00:30 =   31.7/s Avg:  4728 Min:  4629 Max:  4814 Err:     0 (0.00%) Active: 150 Started: 150 Finished: 0
2021-09-30 16:07:00,045 INFO o.a.j.r.Summariser: summary =   3533 in 00:01:53 =   31.4/s Avg:  3407 Min:    64 Max:  4814 Err:     0 (0.00%)
2021-09-30 16:07:30,036 INFO o.a.j.r.Summariser: summary +    952 in 00:00:30 =   31.7/s Avg:  4727 Min:  4605 Max:  4817 Err:     0 (0.00%) Active: 150 Started: 150 Finished: 0
2021-09-30 16:07:30,036 INFO o.a.j.r.Summariser: summary =   4485 in 00:02:23 =   31.5/s Avg:  3688 Min:    64 Max:  4817 Err:     0 (0.00%)
2021-09-30 16:08:00,004 INFO o.a.j.r.Summariser: summary +    952 in 00:00:30 =   31.8/s Avg:  4722 Min:  4615 Max:  4817 Err:     0 (0.00%) Active: 150 Started: 150 Finished: 0
2021-09-30 16:08:00,005 INFO o.a.j.r.Summariser: summary =   5437 in 00:02:52 =   31.5/s Avg:  3869 Min:    64 Max:  4817 Err:     0 (0.00%)
2021-09-30 16:08:30,024 INFO o.a.j.r.Summariser: summary +    954 in 00:00:30 =   31.8/s Avg:  4721 Min:  4629 Max:  4802 Err:     0 (0.00%) Active: 150 Started: 150 Finished: 0
2021-09-30 16:08:30,025 INFO o.a.j.r.Summariser: summary =   6391 in 00:03:23 =   31.6/s Avg:  3996 Min:    64 Max:  4817 Err:     0 (0.00%)
2021-09-30 16:09:00,038 INFO o.a.j.r.Summariser: summary +    953 in 00:00:30 =   31.8/s Avg:  4724 Min:  4634 Max:  4831 Err:     0 (0.00%) Active: 150 Started: 150 Finished: 0
2021-09-30 16:09:00,038 INFO o.a.j.r.Summariser: summary =   7344 in 00:03:53 =   31.6/s Avg:  4090 Min:    64 Max:  4831 Err:     0 (0.00%)
2021-09-30 16:09:30,007 INFO o.a.j.r.Summariser: summary +    952 in 00:00:30 =   31.8/s Avg:  4719 Min:  4618 Max:  4791 Err:     0 (0.00%) Active: 150 Started: 150 Finished: 0
2021-09-30 16:09:30,007 INFO o.a.j.r.Summariser: summary =   8296 in 00:04:22 =   31.6/s Avg:  4163 Min:    64 Max:  4831 Err:     0 (0.00%)
2021-09-30 16:10:00,013 INFO o.a.j.r.Summariser: summary +    953 in 00:00:30 =   31.8/s Avg:  4719 Min:  4622 Max:  5508 Err:     0 (0.00%) Active: 150 Started: 150 Finished: 0
2021-09-30 16:10:00,014 INFO o.a.j.r.Summariser: summary =   9249 in 00:04:52 =   31.6/s Avg:  4220 Min:    64 Max:  5508 Err:     0 (0.00%)
2021-09-30 16:10:30,060 INFO o.a.j.r.Summariser: summary +    954 in 00:00:30 =   31.8/s Avg:  4726 Min:  4623 Max:  4808 Err:     0 (0.00%) Active: 150 Started: 150 Finished: 0
2021-09-30 16:10:30,060 INFO o.a.j.r.Summariser: summary =  10203 in 00:05:23 =   31.6/s Avg:  4267 Min:    64 Max:  5508 Err:     0 (0.00%)
2021-09-30 16:11:00,040 INFO o.a.j.r.Summariser: summary +    952 in 00:00:30 =   31.8/s Avg:  4724 Min:  4630 Max:  4831 Err:     0 (0.00%) Active: 150 Started: 150 Finished: 0
2021-09-30 16:11:00,041 INFO o.a.j.r.Summariser: summary =  11155 in 00:05:53 =   31.6/s Avg:  4306 Min:    64 Max:  5508 Err:     0 (0.00%)
2021-09-30 16:11:30,016 INFO o.a.j.r.Summariser: summary +    954 in 00:00:30 =   31.8/s Avg:  4713 Min:  4620 Max:  4787 Err:     0 (0.00%) Active: 150 Started: 150 Finished: 0
2021-09-30 16:11:30,016 INFO o.a.j.r.Summariser: summary =  12109 in 00:06:22 =   31.7/s Avg:  4338 Min:    64 Max:  5508 Err:     0 (0.00%)
2021-09-30 16:12:00,034 INFO o.a.j.r.Summariser: summary +    955 in 00:00:30 =   31.8/s Avg:  4714 Min:  4624 Max:  4802 Err:     0 (0.00%) Active: 150 Started: 150 Finished: 0
2021-09-30 16:12:00,034 INFO o.a.j.r.Summariser: summary =  13064 in 00:06:53 =   31.7/s Avg:  4366 Min:    64 Max:  5508 Err:     0 (0.00%)
2021-09-30 16:12:30,006 INFO o.a.j.r.Summariser: summary +    951 in 00:00:30 =   31.7/s Avg:  4728 Min:  4627 Max:  4825 Err:     0 (0.00%) Active: 150 Started: 150 Finished: 0
2021-09-30 16:12:30,006 INFO o.a.j.r.Summariser: summary =  14015 in 00:07:22 =   31.7/s Avg:  4390 Min:    64 Max:  5508 Err:     0 (0.00%)
2021-09-30 16:13:00,013 INFO o.a.j.r.Summariser: summary +    951 in 00:00:30 =   31.7/s Avg:  4728 Min:  4632 Max:  4830 Err:     0 (0.00%) Active: 150 Started: 150 Finished: 0
2021-09-30 16:13:00,014 INFO o.a.j.r.Summariser: summary =  14966 in 00:07:52 =   31.7/s Avg:  4412 Min:    64 Max:  5508 Err:     0 (0.00%)
2021-09-30 16:13:30,023 INFO o.a.j.r.Summariser: summary +    954 in 00:00:30 =   31.8/s Avg:  4720 Min:  4622 Max:  4814 Err:     0 (0.00%) Active: 150 Started: 150 Finished: 0
2021-09-30 16:13:30,024 INFO o.a.j.r.Summariser: summary =  15920 in 00:08:23 =   31.7/s Avg:  4430 Min:    64 Max:  5508 Err:     0 (0.00%)
2021-09-30 16:14:00,033 INFO o.a.j.r.Summariser: summary +    954 in 00:00:30 =   31.8/s Avg:  4716 Min:  4638 Max:  4792 Err:     0 (0.00%) Active: 150 Started: 150 Finished: 0
2021-09-30 16:14:00,033 INFO o.a.j.r.Summariser: summary =  16874 in 00:08:53 =   31.7/s Avg:  4446 Min:    64 Max:  5508 Err:     0 (0.00%)
2021-09-30 16:14:30,036 INFO o.a.j.r.Summariser: summary +    953 in 00:00:30 =   31.8/s Avg:  4721 Min:  4609 Max:  4800 Err:     0 (0.00%) Active: 150 Started: 150 Finished: 0
2021-09-30 16:14:30,036 INFO o.a.j.r.Summariser: summary =  17827 in 00:09:23 =   31.7/s Avg:  4461 Min:    64 Max:  5508 Err:     0 (0.00%)
2021-09-30 16:15:00,016 INFO o.a.j.r.Summariser: summary +    951 in 00:00:30 =   31.7/s Avg:  4734 Min:  4633 Max:  4822 Err:     0 (0.00%) Active: 150 Started: 150 Finished: 0
2021-09-30 16:15:00,017 INFO o.a.j.r.Summariser: summary =  18778 in 00:09:52 =   31.7/s Avg:  4475 Min:    64 Max:  5508 Err:     0 (0.00%)
2021-09-30 16:15:30,004 INFO o.a.j.r.Summariser: summary +    952 in 00:00:30 =   31.7/s Avg:  4724 Min:  4618 Max:  4842 Err:     0 (0.00%) Active: 150 Started: 150 Finished: 0
2021-09-30 16:15:30,005 INFO o.a.j.r.Summariser: summary =  19730 in 00:10:22 =   31.7/s Avg:  4487 Min:    64 Max:  5508 Err:     0 (0.00%)
2021-09-30 16:16:00,025 INFO o.a.j.r.Summariser: summary +    950 in 00:00:30 =   31.6/s Avg:  4734 Min:  4647 Max:  4835 Err:     0 (0.00%) Active: 150 Started: 150 Finished: 0
2021-09-30 16:16:00,025 INFO o.a.j.r.Summariser: summary =  20680 in 00:10:53 =   31.7/s Avg:  4498 Min:    64 Max:  5508 Err:     0 (0.00%)
2021-09-30 16:16:30,062 INFO o.a.j.r.Summariser: summary +    951 in 00:00:30 =   31.7/s Avg:  4733 Min:  4586 Max:  4822 Err:     0 (0.00%) Active: 150 Started: 150 Finished: 0
2021-09-30 16:16:30,062 INFO o.a.j.r.Summariser: summary =  21631 in 00:11:23 =   31.7/s Avg:  4509 Min:    64 Max:  5508 Err:     0 (0.00%)
2021-09-30 16:17:00,036 INFO o.a.j.r.Summariser: summary +    954 in 00:00:30 =   31.8/s Avg:  4719 Min:  4612 Max:  4824 Err:     0 (0.00%) Active: 150 Started: 150 Finished: 0
2021-09-30 16:17:00,037 INFO o.a.j.r.Summariser: summary =  22585 in 00:11:53 =   31.7/s Avg:  4518 Min:    64 Max:  5508 Err:     0 (0.00%)
2021-09-30 16:17:30,039 INFO o.a.j.r.Summariser: summary +    954 in 00:00:30 =   31.8/s Avg:  4715 Min:  4625 Max:  4830 Err:     0 (0.00%) Active: 150 Started: 150 Finished: 0
2021-09-30 16:17:30,039 INFO o.a.j.r.Summariser: summary =  23539 in 00:12:23 =   31.7/s Avg:  4526 Min:    64 Max:  5508 Err:     0 (0.00%)
2021-09-30 16:18:00,018 INFO o.a.j.r.Summariser: summary +    953 in 00:00:30 =   31.8/s Avg:  4719 Min:  4632 Max:  4805 Err:     0 (0.00%) Active: 150 Started: 150 Finished: 0
2021-09-30 16:18:00,019 INFO o.a.j.r.Summariser: summary =  24492 in 00:12:52 =   31.7/s Avg:  4533 Min:    64 Max:  5508 Err:     0 (0.00%)
2021-09-30 16:18:30,060 INFO o.a.j.r.Summariser: summary +    954 in 00:00:30 =   31.8/s Avg:  4726 Min:  4598 Max:  4841 Err:     0 (0.00%) Active: 150 Started: 150 Finished: 0
2021-09-30 16:18:30,060 INFO o.a.j.r.Summariser: summary =  25446 in 00:13:23 =   31.7/s Avg:  4540 Min:    64 Max:  5508 Err:     0 (0.00%)
2021-09-30 16:19:00,022 INFO o.a.j.r.Summariser: summary +    952 in 00:00:30 =   31.8/s Avg:  4718 Min:  4623 Max:  4821 Err:     0 (0.00%) Active: 150 Started: 150 Finished: 0
2021-09-30 16:19:00,022 INFO o.a.j.r.Summariser: summary =  26398 in 00:13:53 =   31.7/s Avg:  4547 Min:    64 Max:  5508 Err:     0 (0.00%)
2021-09-30 16:19:30,006 INFO o.a.j.r.Summariser: summary +    955 in 00:00:30 =   31.9/s Avg:  4708 Min:  4608 Max:  4785 Err:     0 (0.00%) Active: 150 Started: 150 Finished: 0
2021-09-30 16:19:30,006 INFO o.a.j.r.Summariser: summary =  27353 in 00:14:22 =   31.7/s Avg:  4552 Min:    64 Max:  5508 Err:     0 (0.00%)
2021-09-30 16:20:00,003 INFO o.a.j.r.Summariser: summary +    954 in 00:00:30 =   31.8/s Avg:  4721 Min:  4599 Max:  4805 Err:     0 (0.00%) Active: 150 Started: 150 Finished: 0
2021-09-30 16:20:00,003 INFO o.a.j.r.Summariser: summary =  28307 in 00:14:52 =   31.7/s Avg:  4558 Min:    64 Max:  5508 Err:     0 (0.00%)
2021-09-30 16:20:30,025 INFO o.a.j.r.Summariser: summary +    955 in 00:00:30 =   31.8/s Avg:  4714 Min:  4609 Max:  4804 Err:     0 (0.00%) Active: 150 Started: 150 Finished: 0
2021-09-30 16:20:30,025 INFO o.a.j.r.Summariser: summary =  29262 in 00:15:23 =   31.7/s Avg:  4563 Min:    64 Max:  5508 Err:     0 (0.00%)
2021-09-30 16:21:00,037 INFO o.a.j.r.Summariser: summary +    953 in 00:00:30 =   31.8/s Avg:  4717 Min:  4594 Max:  4794 Err:     0 (0.00%) Active: 150 Started: 150 Finished: 0
2021-09-30 16:21:00,038 INFO o.a.j.r.Summariser: summary =  30215 in 00:15:53 =   31.7/s Avg:  4568 Min:    64 Max:  5508 Err:     0 (0.00%)
2021-09-30 16:21:30,056 INFO o.a.j.r.Summariser: summary +    956 in 00:00:30 =   31.8/s Avg:  4710 Min:  4632 Max:  4788 Err:     0 (0.00%) Active: 150 Started: 150 Finished: 0
2021-09-30 16:21:30,057 INFO o.a.j.r.Summariser: summary =  31171 in 00:16:23 =   31.7/s Avg:  4572 Min:    64 Max:  5508 Err:     0 (0.00%)
2021-09-30 16:22:00,041 INFO o.a.j.r.Summariser: summary +    954 in 00:00:30 =   31.8/s Avg:  4718 Min:  4631 Max:  4806 Err:     0 (0.00%) Active: 150 Started: 150 Finished: 0
2021-09-30 16:22:00,042 INFO o.a.j.r.Summariser: summary =  32125 in 00:16:53 =   31.7/s Avg:  4577 Min:    64 Max:  5508 Err:     0 (0.00%)
2021-09-30 16:22:30,042 INFO o.a.j.r.Summariser: summary +    953 in 00:00:30 =   31.8/s Avg:  4718 Min:  4614 Max:  4828 Err:     0 (0.00%) Active: 150 Started: 150 Finished: 0
2021-09-30 16:22:30,042 INFO o.a.j.r.Summariser: summary =  33078 in 00:17:23 =   31.7/s Avg:  4581 Min:    64 Max:  5508 Err:     0 (0.00%)
2021-09-30 16:23:00,030 INFO o.a.j.r.Summariser: summary +    956 in 00:00:30 =   31.9/s Avg:  4708 Min:  4603 Max:  4951 Err:     0 (0.00%) Active: 150 Started: 150 Finished: 0
2021-09-30 16:23:00,031 INFO o.a.j.r.Summariser: summary =  34034 in 00:17:53 =   31.7/s Avg:  4584 Min:    64 Max:  5508 Err:     0 (0.00%)
2021-09-30 16:23:30,002 INFO o.a.j.r.Summariser: summary +    954 in 00:00:30 =   31.8/s Avg:  4711 Min:  4620 Max:  4810 Err:     0 (0.00%) Active: 150 Started: 150 Finished: 0
2021-09-30 16:23:30,002 INFO o.a.j.r.Summariser: summary =  34988 in 00:18:22 =   31.7/s Avg:  4588 Min:    64 Max:  5508 Err:     0 (0.00%)
2021-09-30 16:24:00,007 INFO o.a.j.r.Summariser: summary +    952 in 00:00:30 =   31.7/s Avg:  4727 Min:  4625 Max:  4818 Err:     0 (0.00%) Active: 150 Started: 150 Finished: 0
2021-09-30 16:24:00,007 INFO o.a.j.r.Summariser: summary =  35940 in 00:18:52 =   31.7/s Avg:  4591 Min:    64 Max:  5508 Err:     0 (0.00%)
2021-09-30 16:24:30,007 INFO o.a.j.r.Summariser: summary +    953 in 00:00:30 =   31.8/s Avg:  4724 Min:  4626 Max:  4848 Err:     0 (0.00%) Active: 150 Started: 150 Finished: 0
2021-09-30 16:24:30,007 INFO o.a.j.r.Summariser: summary =  36893 in 00:19:22 =   31.7/s Avg:  4595 Min:    64 Max:  5508 Err:     0 (0.00%)
2021-09-30 16:25:00,046 INFO o.a.j.r.Summariser: summary +    956 in 00:00:30 =   31.8/s Avg:  4711 Min:  4607 Max:  5394 Err:     0 (0.00%) Active: 150 Started: 150 Finished: 0
2021-09-30 16:25:00,046 INFO o.a.j.r.Summariser: summary =  37849 in 00:19:53 =   31.7/s Avg:  4598 Min:    64 Max:  5508 Err:     0 (0.00%)
2021-09-30 16:25:30,018 INFO o.a.j.r.Summariser: summary +    952 in 00:00:30 =   31.8/s Avg:  4717 Min:  4618 Max:  4816 Err:     0 (0.00%) Active: 150 Started: 150 Finished: 0
2021-09-30 16:25:30,018 INFO o.a.j.r.Summariser: summary =  38801 in 00:20:22 =   31.7/s Avg:  4601 Min:    64 Max:  5508 Err:     0 (0.00%)
2021-09-30 16:26:00,035 INFO o.a.j.r.Summariser: summary +    951 in 00:00:30 =   31.7/s Avg:  4732 Min:  4598 Max:  5975 Err:     0 (0.00%) Active: 150 Started: 150 Finished: 0
2021-09-30 16:26:00,035 INFO o.a.j.r.Summariser: summary =  39752 in 00:20:53 =   31.7/s Avg:  4604 Min:    64 Max:  5975 Err:     0 (0.00%)
2021-09-30 16:26:30,024 INFO o.a.j.r.Summariser: summary +    952 in 00:00:30 =   31.7/s Avg:  4732 Min:  4631 Max:  4835 Err:     0 (0.00%) Active: 150 Started: 150 Finished: 0
2021-09-30 16:26:30,025 INFO o.a.j.r.Summariser: summary =  40704 in 00:21:23 =   31.7/s Avg:  4607 Min:    64 Max:  5975 Err:     0 (0.00%)
2021-09-30 16:27:00,052 INFO o.a.j.r.Summariser: summary +    952 in 00:00:30 =   31.7/s Avg:  4727 Min:  4633 Max:  4820 Err:     0 (0.00%) Active: 150 Started: 150 Finished: 0
2021-09-30 16:27:00,052 INFO o.a.j.r.Summariser: summary =  41656 in 00:21:53 =   31.7/s Avg:  4610 Min:    64 Max:  5975 Err:     0 (0.00%)
2021-09-30 16:27:30,006 INFO o.a.j.r.Summariser: summary +    952 in 00:00:30 =   31.8/s Avg:  4724 Min:  4614 Max:  6855 Err:     0 (0.00%) Active: 150 Started: 150 Finished: 0
2021-09-30 16:27:30,007 INFO o.a.j.r.Summariser: summary =  42608 in 00:22:22 =   31.7/s Avg:  4612 Min:    64 Max:  6855 Err:     0 (0.00%)
2021-09-30 16:28:00,081 INFO o.a.j.r.Summariser: summary +    952 in 00:00:30 =   31.7/s Avg:  4733 Min:  4631 Max:  4865 Err:     0 (0.00%) Active: 150 Started: 150 Finished: 0
2021-09-30 16:28:00,081 INFO o.a.j.r.Summariser: summary =  43560 in 00:22:53 =   31.7/s Avg:  4615 Min:    64 Max:  6855 Err:     0 (0.00%)
2021-09-30 16:28:30,025 INFO o.a.j.r.Summariser: summary +    945 in 00:00:30 =   31.6/s Avg:  4756 Min:  4664 Max:  4852 Err:     0 (0.00%) Active: 150 Started: 150 Finished: 0
2021-09-30 16:28:30,025 INFO o.a.j.r.Summariser: summary =  44505 in 00:23:23 =   31.7/s Avg:  4618 Min:    64 Max:  6855 Err:     0 (0.00%)
2021-09-30 16:29:00,031 INFO o.a.j.r.Summariser: summary +    948 in 00:00:30 =   31.6/s Avg:  4743 Min:  4640 Max:  4822 Err:     0 (0.00%) Active: 150 Started: 150 Finished: 0
2021-09-30 16:29:00,031 INFO o.a.j.r.Summariser: summary =  45453 in 00:23:53 =   31.7/s Avg:  4620 Min:    64 Max:  6855 Err:     0 (0.00%)
2021-09-30 16:29:30,041 INFO o.a.j.r.Summariser: summary +    951 in 00:00:30 =   31.7/s Avg:  4731 Min:  4643 Max:  4811 Err:     0 (0.00%) Active: 150 Started: 150 Finished: 0
2021-09-30 16:29:30,041 INFO o.a.j.r.Summariser: summary =  46404 in 00:24:23 =   31.7/s Avg:  4623 Min:    64 Max:  6855 Err:     0 (0.00%)
2021-09-30 16:30:00,030 INFO o.a.j.r.Summariser: summary +    951 in 00:00:30 =   31.7/s Avg:  4735 Min:  4638 Max:  4827 Err:     0 (0.00%) Active: 150 Started: 150 Finished: 0
2021-09-30 16:30:00,030 INFO o.a.j.r.Summariser: summary =  47355 in 00:24:53 =   31.7/s Avg:  4625 Min:    64 Max:  6855 Err:     0 (0.00%)
2021-09-30 16:30:30,055 INFO o.a.j.r.Summariser: summary +    950 in 00:00:30 =   31.6/s Avg:  4735 Min:  4624 Max:  4863 Err:     0 (0.00%) Active: 150 Started: 150 Finished: 0
2021-09-30 16:30:30,056 INFO o.a.j.r.Summariser: summary =  48305 in 00:25:23 =   31.7/s Avg:  4627 Min:    64 Max:  6855 Err:     0 (0.00%)
2021-09-30 16:31:00,034 INFO o.a.j.r.Summariser: summary +    952 in 00:00:30 =   31.8/s Avg:  4730 Min:  4610 Max:  4824 Err:     0 (0.00%) Active: 150 Started: 150 Finished: 0
2021-09-30 16:31:00,035 INFO o.a.j.r.Summariser: summary =  49257 in 00:25:53 =   31.7/s Avg:  4629 Min:    64 Max:  6855 Err:     0 (0.00%)
2021-09-30 16:31:30,007 INFO o.a.j.r.Summariser: summary +    952 in 00:00:30 =   31.8/s Avg:  4724 Min:  4630 Max:  4816 Err:     0 (0.00%) Active: 150 Started: 150 Finished: 0
2021-09-30 16:31:30,007 INFO o.a.j.r.Summariser: summary =  50209 in 00:26:22 =   31.7/s Avg:  4631 Min:    64 Max:  6855 Err:     0 (0.00%)
2021-09-30 16:32:00,023 INFO o.a.j.r.Summariser: summary +    950 in 00:00:30 =   31.6/s Avg:  4736 Min:  4652 Max:  4809 Err:     0 (0.00%) Active: 150 Started: 150 Finished: 0
2021-09-30 16:32:00,023 INFO o.a.j.r.Summariser: summary =  51159 in 00:26:53 =   31.7/s Avg:  4633 Min:    64 Max:  6855 Err:     0 (0.00%)
2021-09-30 16:32:30,057 INFO o.a.j.r.Summariser: summary +    948 in 00:00:30 =   31.6/s Avg:  4747 Min:  4660 Max:  4875 Err:     0 (0.00%) Active: 150 Started: 150 Finished: 0
2021-09-30 16:32:30,058 INFO o.a.j.r.Summariser: summary =  52107 in 00:27:23 =   31.7/s Avg:  4635 Min:    64 Max:  6855 Err:     0 (0.00%)
2021-09-30 16:33:00,040 INFO o.a.j.r.Summariser: summary +    949 in 00:00:30 =   31.7/s Avg:  4743 Min:  4633 Max:  4854 Err:     0 (0.00%) Active: 150 Started: 150 Finished: 0
2021-09-30 16:33:00,040 INFO o.a.j.r.Summariser: summary =  53056 in 00:27:53 =   31.7/s Avg:  4637 Min:    64 Max:  6855 Err:     0 (0.00%)
2021-09-30 16:33:30,015 INFO o.a.j.r.Summariser: summary +    948 in 00:00:30 =   31.6/s Avg:  4739 Min:  4625 Max:  4937 Err:     0 (0.00%) Active: 150 Started: 150 Finished: 0
2021-09-30 16:33:30,015 INFO o.a.j.r.Summariser: summary =  54004 in 00:28:22 =   31.7/s Avg:  4639 Min:    64 Max:  6855 Err:     0 (0.00%)
2021-09-30 16:34:00,044 INFO o.a.j.r.Summariser: summary +    953 in 00:00:30 =   31.7/s Avg:  4725 Min:  4629 Max:  4808 Err:     0 (0.00%) Active: 150 Started: 150 Finished: 0
2021-09-30 16:34:00,045 INFO o.a.j.r.Summariser: summary =  54957 in 00:28:53 =   31.7/s Avg:  4640 Min:    64 Max:  6855 Err:     0 (0.00%)
2021-09-30 16:34:30,033 INFO o.a.j.r.Summariser: summary +    949 in 00:00:30 =   31.6/s Avg:  4739 Min:  4646 Max:  4842 Err:     0 (0.00%) Active: 150 Started: 150 Finished: 0
2021-09-30 16:34:30,034 INFO o.a.j.r.Summariser: summary =  55906 in 00:29:23 =   31.7/s Avg:  4642 Min:    64 Max:  6855 Err:     0 (0.00%)
2021-09-30 16:35:00,075 INFO o.a.j.r.Summariser: summary +    953 in 00:00:30 =   31.7/s Avg:  4728 Min:  4603 Max:  4805 Err:     0 (0.00%) Active: 150 Started: 150 Finished: 0
2021-09-30 16:35:00,076 INFO o.a.j.r.Summariser: summary =  56859 in 00:29:53 =   31.7/s Avg:  4643 Min:    64 Max:  6855 Err:     0 (0.00%)
2021-09-30 16:35:07,615 INFO o.a.j.t.JMeterThread: Stopping because end time detected by thread: Thread Group 1-27
2021-09-30 16:35:07,615 INFO o.a.j.t.JMeterThread: Thread finished: Thread Group 1-27
2021-09-30 16:35:07,712 INFO o.a.j.t.JMeterThread: Stopping because end time detected by thread: Thread Group 1-105
2021-09-30 16:35:07,712 INFO o.a.j.t.JMeterThread: Thread finished: Thread Group 1-105
2021-09-30 16:35:07,741 INFO o.a.j.t.JMeterThread: Stopping because end time detected by thread: Thread Group 1-114
2021-09-30 16:35:07,741 INFO o.a.j.t.JMeterThread: Thread finished: Thread Group 1-114
2021-09-30 16:35:07,792 INFO o.a.j.t.JMeterThread: Stopping because end time detected by thread: Thread Group 1-144
2021-09-30 16:35:07,792 INFO o.a.j.t.JMeterThread: Thread finished: Thread Group 1-144
2021-09-30 16:35:07,825 INFO o.a.j.t.JMeterThread: Stopping because end time detected by thread: Thread Group 1-133
2021-09-30 16:35:07,825 INFO o.a.j.t.JMeterThread: Thread finished: Thread Group 1-133
2021-09-30 16:35:07,832 INFO o.a.j.t.JMeterThread: Stopping because end time detected by thread: Thread Group 1-14
2021-09-30 16:35:07,832 INFO o.a.j.t.JMeterThread: Thread finished: Thread Group 1-14
2021-09-30 16:35:07,860 INFO o.a.j.t.JMeterThread: Stopping because end time detected by thread: Thread Group 1-67
2021-09-30 16:35:07,860 INFO o.a.j.t.JMeterThread: Thread finished: Thread Group 1-67
2021-09-30 16:35:07,910 INFO o.a.j.t.JMeterThread: Stopping because end time detected by thread: Thread Group 1-46
2021-09-30 16:35:07,910 INFO o.a.j.t.JMeterThread: Thread finished: Thread Group 1-46
2021-09-30 16:35:07,960 INFO o.a.j.t.JMeterThread: Stopping because end time detected by thread: Thread Group 1-122
2021-09-30 16:35:07,960 INFO o.a.j.t.JMeterThread: Thread finished: Thread Group 1-122
2021-09-30 16:35:07,971 INFO o.a.j.t.JMeterThread: Stopping because end time detected by thread: Thread Group 1-143
2021-09-30 16:35:07,971 INFO o.a.j.t.JMeterThread: Thread finished: Thread Group 1-143
2021-09-30 16:35:07,982 INFO o.a.j.t.JMeterThread: Stopping because end time detected by thread: Thread Group 1-132
2021-09-30 16:35:07,982 INFO o.a.j.t.JMeterThread: Thread finished: Thread Group 1-132
2021-09-30 16:35:08,039 INFO o.a.j.t.JMeterThread: Stopping because end time detected by thread: Thread Group 1-124
2021-09-30 16:35:08,039 INFO o.a.j.t.JMeterThread: Thread finished: Thread Group 1-124
2021-09-30 16:35:08,078 INFO o.a.j.t.JMeterThread: Stopping because end time detected by thread: Thread Group 1-72
2021-09-30 16:35:08,078 INFO o.a.j.t.JMeterThread: Thread finished: Thread Group 1-72
2021-09-30 16:35:08,089 INFO o.a.j.t.JMeterThread: Stopping because end time detected by thread: Thread Group 1-13
2021-09-30 16:35:08,089 INFO o.a.j.t.JMeterThread: Thread finished: Thread Group 1-13
2021-09-30 16:35:08,118 INFO o.a.j.t.JMeterThread: Stopping because end time detected by thread: Thread Group 1-62
2021-09-30 16:35:08,118 INFO o.a.j.t.JMeterThread: Thread finished: Thread Group 1-62
2021-09-30 16:35:08,157 INFO o.a.j.t.JMeterThread: Stopping because end time detected by thread: Thread Group 1-73
2021-09-30 16:35:08,157 INFO o.a.j.t.JMeterThread: Thread finished: Thread Group 1-73
2021-09-30 16:35:08,213 INFO o.a.j.t.JMeterThread: Stopping because end time detected by thread: Thread Group 1-106
2021-09-30 16:35:08,213 INFO o.a.j.t.JMeterThread: Thread finished: Thread Group 1-106
2021-09-30 16:35:08,224 INFO o.a.j.t.JMeterThread: Stopping because end time detected by thread: Thread Group 1-54
2021-09-30 16:35:08,224 INFO o.a.j.t.JMeterThread: Thread finished: Thread Group 1-54
2021-09-30 16:35:08,253 INFO o.a.j.t.JMeterThread: Stopping because end time detected by thread: Thread Group 1-123
2021-09-30 16:35:08,253 INFO o.a.j.t.JMeterThread: Thread finished: Thread Group 1-123
2021-09-30 16:35:08,282 INFO o.a.j.t.JMeterThread: Stopping because end time detected by thread: Thread Group 1-84
2021-09-30 16:35:08,282 INFO o.a.j.t.JMeterThread: Thread finished: Thread Group 1-84
2021-09-30 16:35:08,343 INFO o.a.j.t.JMeterThread: Stopping because end time detected by thread: Thread Group 1-115
2021-09-30 16:35:08,343 INFO o.a.j.t.JMeterThread: Thread finished: Thread Group 1-115
2021-09-30 16:35:08,354 INFO o.a.j.t.JMeterThread: Stopping because end time detected by thread: Thread Group 1-107
2021-09-30 16:35:08,354 INFO o.a.j.t.JMeterThread: Thread finished: Thread Group 1-107
2021-09-30 16:35:08,376 INFO o.a.j.t.JMeterThread: Stopping because end time detected by thread: Thread Group 1-40
2021-09-30 16:35:08,376 INFO o.a.j.t.JMeterThread: Thread finished: Thread Group 1-40
2021-09-30 16:35:08,400 INFO o.a.j.t.JMeterThread: Stopping because end time detected by thread: Thread Group 1-37
2021-09-30 16:35:08,400 INFO o.a.j.t.JMeterThread: Thread finished: Thread Group 1-37
2021-09-30 16:35:08,471 INFO o.a.j.t.JMeterThread: Stopping because end time detected by thread: Thread Group 1-43
2021-09-30 16:35:08,471 INFO o.a.j.t.JMeterThread: Thread finished: Thread Group 1-43
2021-09-30 16:35:08,482 INFO o.a.j.t.JMeterThread: Stopping because end time detected by thread: Thread Group 1-3
2021-09-30 16:35:08,482 INFO o.a.j.t.JMeterThread: Thread finished: Thread Group 1-3
2021-09-30 16:35:08,504 INFO o.a.j.t.JMeterThread: Stopping because end time detected by thread: Thread Group 1-58
2021-09-30 16:35:08,504 INFO o.a.j.t.JMeterThread: Thread finished: Thread Group 1-58
2021-09-30 16:35:08,510 INFO o.a.j.t.JMeterThread: Stopping because end time detected by thread: Thread Group 1-134
2021-09-30 16:35:08,510 INFO o.a.j.t.JMeterThread: Thread finished: Thread Group 1-134
2021-09-30 16:35:08,599 INFO o.a.j.t.JMeterThread: Stopping because end time detected by thread: Thread Group 1-79
2021-09-30 16:35:08,599 INFO o.a.j.t.JMeterThread: Thread finished: Thread Group 1-79
2021-09-30 16:35:08,610 INFO o.a.j.t.JMeterThread: Stopping because end time detected by thread: Thread Group 1-50
2021-09-30 16:35:08,610 INFO o.a.j.t.JMeterThread: Thread finished: Thread Group 1-50
2021-09-30 16:35:08,629 INFO o.a.j.t.JMeterThread: Stopping because end time detected by thread: Thread Group 1-22
2021-09-30 16:35:08,629 INFO o.a.j.t.JMeterThread: Thread finished: Thread Group 1-22
2021-09-30 16:35:08,641 INFO o.a.j.t.JMeterThread: Stopping because end time detected by thread: Thread Group 1-92
2021-09-30 16:35:08,641 INFO o.a.j.t.JMeterThread: Thread finished: Thread Group 1-92
2021-09-30 16:35:08,721 INFO o.a.j.t.JMeterThread: Stopping because end time detected by thread: Thread Group 1-99
2021-09-30 16:35:08,721 INFO o.a.j.t.JMeterThread: Thread finished: Thread Group 1-99
2021-09-30 16:35:08,742 INFO o.a.j.t.JMeterThread: Stopping because end time detected by thread: Thread Group 1-15
2021-09-30 16:35:08,742 INFO o.a.j.t.JMeterThread: Thread finished: Thread Group 1-15
2021-09-30 16:35:08,753 INFO o.a.j.t.JMeterThread: Stopping because end time detected by thread: Thread Group 1-78
2021-09-30 16:35:08,753 INFO o.a.j.t.JMeterThread: Thread finished: Thread Group 1-78
2021-09-30 16:35:08,762 INFO o.a.j.t.JMeterThread: Stopping because end time detected by thread: Thread Group 1-116
2021-09-30 16:35:08,762 INFO o.a.j.t.JMeterThread: Thread finished: Thread Group 1-116
2021-09-30 16:35:08,848 INFO o.a.j.t.JMeterThread: Stopping because end time detected by thread: Thread Group 1-68
2021-09-30 16:35:08,848 INFO o.a.j.t.JMeterThread: Thread finished: Thread Group 1-68
2021-09-30 16:35:08,854 INFO o.a.j.t.JMeterThread: Stopping because end time detected by thread: Thread Group 1-145
2021-09-30 16:35:08,854 INFO o.a.j.t.JMeterThread: Thread finished: Thread Group 1-145
2021-09-30 16:35:08,878 INFO o.a.j.t.JMeterThread: Stopping because end time detected by thread: Thread Group 1-2
2021-09-30 16:35:08,878 INFO o.a.j.t.JMeterThread: Thread finished: Thread Group 1-2
2021-09-30 16:35:08,890 INFO o.a.j.t.JMeterThread: Stopping because end time detected by thread: Thread Group 1-85
2021-09-30 16:35:08,890 INFO o.a.j.t.JMeterThread: Thread finished: Thread Group 1-85
2021-09-30 16:35:08,974 INFO o.a.j.t.JMeterThread: Stopping because end time detected by thread: Thread Group 1-135
2021-09-30 16:35:08,975 INFO o.a.j.t.JMeterThread: Thread finished: Thread Group 1-135
2021-09-30 16:35:08,985 INFO o.a.j.t.JMeterThread: Stopping because end time detected by thread: Thread Group 1-34
2021-09-30 16:35:08,985 INFO o.a.j.t.JMeterThread: Thread finished: Thread Group 1-34
2021-09-30 16:35:09,026 INFO o.a.j.t.JMeterThread: Stopping because end time detected by thread: Thread Group 1-91
2021-09-30 16:35:09,026 INFO o.a.j.t.JMeterThread: Thread finished: Thread Group 1-91
2021-09-30 16:35:09,037 INFO o.a.j.t.JMeterThread: Stopping because end time detected by thread: Thread Group 1-125
2021-09-30 16:35:09,037 INFO o.a.j.t.JMeterThread: Thread finished: Thread Group 1-125
2021-09-30 16:35:09,038 INFO o.a.j.t.JMeterThread: Stopping because end time detected by thread: Thread Group 1-47
2021-09-30 16:35:09,038 INFO o.a.j.t.JMeterThread: Thread finished: Thread Group 1-47
2021-09-30 16:35:09,142 INFO o.a.j.t.JMeterThread: Stopping because end time detected by thread: Thread Group 1-146
2021-09-30 16:35:09,142 INFO o.a.j.t.JMeterThread: Thread finished: Thread Group 1-146
2021-09-30 16:35:09,158 INFO o.a.j.t.JMeterThread: Stopping because end time detected by thread: Thread Group 1-59
2021-09-30 16:35:09,158 INFO o.a.j.t.JMeterThread: Thread finished: Thread Group 1-59
2021-09-30 16:35:09,166 INFO o.a.j.t.JMeterThread: Stopping because end time detected by thread: Thread Group 1-74
2021-09-30 16:35:09,166 INFO o.a.j.t.JMeterThread: Thread finished: Thread Group 1-74
2021-09-30 16:35:09,171 INFO o.a.j.t.JMeterThread: Stopping because end time detected by thread: Thread Group 1-10
2021-09-30 16:35:09,171 INFO o.a.j.t.JMeterThread: Thread finished: Thread Group 1-10
2021-09-30 16:35:09,271 INFO o.a.j.t.JMeterThread: Stopping because end time detected by thread: Thread Group 1-86
2021-09-30 16:35:09,271 INFO o.a.j.t.JMeterThread: Thread finished: Thread Group 1-86
2021-09-30 16:35:09,281 INFO o.a.j.t.JMeterThread: Stopping because end time detected by thread: Thread Group 1-147
2021-09-30 16:35:09,281 INFO o.a.j.t.JMeterThread: Thread finished: Thread Group 1-147
2021-09-30 16:35:09,282 INFO o.a.j.t.JMeterThread: Stopping because end time detected by thread: Thread Group 1-7
2021-09-30 16:35:09,282 INFO o.a.j.t.JMeterThread: Thread finished: Thread Group 1-7
2021-09-30 16:35:09,296 INFO o.a.j.t.JMeterThread: Stopping because end time detected by thread: Thread Group 1-28
2021-09-30 16:35:09,296 INFO o.a.j.t.JMeterThread: Thread finished: Thread Group 1-28
2021-09-30 16:35:09,390 INFO o.a.j.t.JMeterThread: Stopping because end time detected by thread: Thread Group 1-100
2021-09-30 16:35:09,390 INFO o.a.j.t.JMeterThread: Thread finished: Thread Group 1-100
2021-09-30 16:35:09,397 INFO o.a.j.t.JMeterThread: Stopping because end time detected by thread: Thread Group 1-87
2021-09-30 16:35:09,397 INFO o.a.j.t.JMeterThread: Thread finished: Thread Group 1-87
2021-09-30 16:35:09,419 INFO o.a.j.t.JMeterThread: Stopping because end time detected by thread: Thread Group 1-55
2021-09-30 16:35:09,419 INFO o.a.j.t.JMeterThread: Thread finished: Thread Group 1-55
2021-09-30 16:35:09,441 INFO o.a.j.t.JMeterThread: Stopping because end time detected by thread: Thread Group 1-19
2021-09-30 16:35:09,441 INFO o.a.j.t.JMeterThread: Thread finished: Thread Group 1-19
2021-09-30 16:35:09,515 INFO o.a.j.t.JMeterThread: Stopping because end time detected by thread: Thread Group 1-126
2021-09-30 16:35:09,515 INFO o.a.j.t.JMeterThread: Thread finished: Thread Group 1-126
2021-09-30 16:35:09,525 INFO o.a.j.t.JMeterThread: Stopping because end time detected by thread: Thread Group 1-93
2021-09-30 16:35:09,525 INFO o.a.j.t.JMeterThread: Thread finished: Thread Group 1-93
2021-09-30 16:35:09,550 INFO o.a.j.t.JMeterThread: Stopping because end time detected by thread: Thread Group 1-63
2021-09-30 16:35:09,550 INFO o.a.j.t.JMeterThread: Thread finished: Thread Group 1-63
2021-09-30 16:35:09,558 INFO o.a.j.t.JMeterThread: Stopping because end time detected by thread: Thread Group 1-108
2021-09-30 16:35:09,558 INFO o.a.j.t.JMeterThread: Thread finished: Thread Group 1-108
2021-09-30 16:35:09,647 INFO o.a.j.t.JMeterThread: Stopping because end time detected by thread: Thread Group 1-101
2021-09-30 16:35:09,647 INFO o.a.j.t.JMeterThread: Thread finished: Thread Group 1-101
2021-09-30 16:35:09,658 INFO o.a.j.t.JMeterThread: Stopping because end time detected by thread: Thread Group 1-64
2021-09-30 16:35:09,658 INFO o.a.j.t.JMeterThread: Thread finished: Thread Group 1-64
2021-09-30 16:35:09,665 INFO o.a.j.t.JMeterThread: Stopping because end time detected by thread: Thread Group 1-24
2021-09-30 16:35:09,665 INFO o.a.j.t.JMeterThread: Thread finished: Thread Group 1-24
2021-09-30 16:35:09,680 INFO o.a.j.t.JMeterThread: Stopping because end time detected by thread: Thread Group 1-30
2021-09-30 16:35:09,680 INFO o.a.j.t.JMeterThread: Thread finished: Thread Group 1-30
2021-09-30 16:35:09,764 INFO o.a.j.t.JMeterThread: Stopping because end time detected by thread: Thread Group 1-118
2021-09-30 16:35:09,764 INFO o.a.j.t.JMeterThread: Thread finished: Thread Group 1-118
2021-09-30 16:35:09,771 INFO o.a.j.t.JMeterThread: Stopping because end time detected by thread: Thread Group 1-109
2021-09-30 16:35:09,771 INFO o.a.j.t.JMeterThread: Thread finished: Thread Group 1-109
2021-09-30 16:35:09,791 INFO o.a.j.t.JMeterThread: Stopping because end time detected by thread: Thread Group 1-127
2021-09-30 16:35:09,791 INFO o.a.j.t.JMeterThread: Thread finished: Thread Group 1-127
2021-09-30 16:35:09,832 INFO o.a.j.t.JMeterThread: Stopping because end time detected by thread: Thread Group 1-17
2021-09-30 16:35:09,832 INFO o.a.j.t.JMeterThread: Thread finished: Thread Group 1-17
2021-09-30 16:35:09,839 INFO o.a.j.t.JMeterThread: Stopping because end time detected by thread: Thread Group 1-80
2021-09-30 16:35:09,839 INFO o.a.j.t.JMeterThread: Thread finished: Thread Group 1-80
2021-09-30 16:35:09,927 INFO o.a.j.t.JMeterThread: Stopping because end time detected by thread: Thread Group 1-69
2021-09-30 16:35:09,927 INFO o.a.j.t.JMeterThread: Thread finished: Thread Group 1-69
2021-09-30 16:35:09,938 INFO o.a.j.t.JMeterThread: Stopping because end time detected by thread: Thread Group 1-35
2021-09-30 16:35:09,938 INFO o.a.j.t.JMeterThread: Thread finished: Thread Group 1-35
2021-09-30 16:35:09,949 INFO o.a.j.t.JMeterThread: Stopping because end time detected by thread: Thread Group 1-44
2021-09-30 16:35:09,949 INFO o.a.j.t.JMeterThread: Thread finished: Thread Group 1-44
2021-09-30 16:35:09,960 INFO o.a.j.t.JMeterThread: Stopping because end time detected by thread: Thread Group 1-32
2021-09-30 16:35:09,960 INFO o.a.j.t.JMeterThread: Thread finished: Thread Group 1-32
2021-09-30 16:35:10,048 INFO o.a.j.t.JMeterThread: Stopping because end time detected by thread: Thread Group 1-41
2021-09-30 16:35:10,048 INFO o.a.j.t.JMeterThread: Thread finished: Thread Group 1-41
2021-09-30 16:35:10,059 INFO o.a.j.t.JMeterThread: Stopping because end time detected by thread: Thread Group 1-117
2021-09-30 16:35:10,059 INFO o.a.j.t.JMeterThread: Thread finished: Thread Group 1-117
2021-09-30 16:35:10,071 INFO o.a.j.t.JMeterThread: Stopping because end time detected by thread: Thread Group 1-137
2021-09-30 16:35:10,071 INFO o.a.j.t.JMeterThread: Thread finished: Thread Group 1-137
2021-09-30 16:35:10,090 INFO o.a.j.t.JMeterThread: Stopping because end time detected by thread: Thread Group 1-119
2021-09-30 16:35:10,090 INFO o.a.j.t.JMeterThread: Thread finished: Thread Group 1-119
2021-09-30 16:35:10,183 INFO o.a.j.t.JMeterThread: Stopping because end time detected by thread: Thread Group 1-136
2021-09-30 16:35:10,183 INFO o.a.j.t.JMeterThread: Thread finished: Thread Group 1-136
2021-09-30 16:35:10,194 INFO o.a.j.t.JMeterThread: Stopping because end time detected by thread: Thread Group 1-75
2021-09-30 16:35:10,194 INFO o.a.j.t.JMeterThread: Thread finished: Thread Group 1-75
2021-09-30 16:35:10,209 INFO o.a.j.t.JMeterThread: Stopping because end time detected by thread: Thread Group 1-48
2021-09-30 16:35:10,209 INFO o.a.j.t.JMeterThread: Thread finished: Thread Group 1-48
2021-09-30 16:35:10,209 INFO o.a.j.t.JMeterThread: Stopping because end time detected by thread: Thread Group 1-102
2021-09-30 16:35:10,209 INFO o.a.j.t.JMeterThread: Thread finished: Thread Group 1-102
2021-09-30 16:35:10,297 INFO o.a.j.t.JMeterThread: Stopping because end time detected by thread: Thread Group 1-110
2021-09-30 16:35:10,297 INFO o.a.j.t.JMeterThread: Thread finished: Thread Group 1-110
2021-09-30 16:35:10,319 INFO o.a.j.t.JMeterThread: Stopping because end time detected by thread: Thread Group 1-128
2021-09-30 16:35:10,319 INFO o.a.j.t.JMeterThread: Thread finished: Thread Group 1-128
2021-09-30 16:35:10,330 INFO o.a.j.t.JMeterThread: Stopping because end time detected by thread: Thread Group 1-94
2021-09-30 16:35:10,330 INFO o.a.j.t.JMeterThread: Thread finished: Thread Group 1-94
2021-09-30 16:35:10,331 INFO o.a.j.t.JMeterThread: Stopping because end time detected by thread: Thread Group 1-18
2021-09-30 16:35:10,331 INFO o.a.j.t.JMeterThread: Thread finished: Thread Group 1-18
2021-09-30 16:35:10,430 INFO o.a.j.t.JMeterThread: Stopping because end time detected by thread: Thread Group 1-21
2021-09-30 16:35:10,430 INFO o.a.j.t.JMeterThread: Thread finished: Thread Group 1-21
2021-09-30 16:35:10,452 INFO o.a.j.t.JMeterThread: Stopping because end time detected by thread: Thread Group 1-138
2021-09-30 16:35:10,452 INFO o.a.j.t.JMeterThread: Thread finished: Thread Group 1-138
2021-09-30 16:35:10,452 INFO o.a.j.t.JMeterThread: Stopping because end time detected by thread: Thread Group 1-51
2021-09-30 16:35:10,452 INFO o.a.j.t.JMeterThread: Thread finished: Thread Group 1-51
2021-09-30 16:35:10,463 INFO o.a.j.t.JMeterThread: Stopping because end time detected by thread: Thread Group 1-4
2021-09-30 16:35:10,463 INFO o.a.j.t.JMeterThread: Thread finished: Thread Group 1-4
2021-09-30 16:35:10,551 INFO o.a.j.t.JMeterThread: Stopping because end time detected by thread: Thread Group 1-5
2021-09-30 16:35:10,551 INFO o.a.j.t.JMeterThread: Thread finished: Thread Group 1-5
2021-09-30 16:35:10,575 INFO o.a.j.t.JMeterThread: Stopping because end time detected by thread: Thread Group 1-88
2021-09-30 16:35:10,575 INFO o.a.j.t.JMeterThread: Thread finished: Thread Group 1-88
2021-09-30 16:35:10,579 INFO o.a.j.t.JMeterThread: Stopping because end time detected by thread: Thread Group 1-148
2021-09-30 16:35:10,579 INFO o.a.j.t.JMeterThread: Thread finished: Thread Group 1-148
2021-09-30 16:35:10,585 INFO o.a.j.t.JMeterThread: Stopping because end time detected by thread: Thread Group 1-38
2021-09-30 16:35:10,585 INFO o.a.j.t.JMeterThread: Thread finished: Thread Group 1-38
2021-09-30 16:35:10,671 INFO o.a.j.t.JMeterThread: Stopping because end time detected by thread: Thread Group 1-149
2021-09-30 16:35:10,671 INFO o.a.j.t.JMeterThread: Thread finished: Thread Group 1-149
2021-09-30 16:35:10,704 INFO o.a.j.t.JMeterThread: Stopping because end time detected by thread: Thread Group 1-150
2021-09-30 16:35:10,704 INFO o.a.j.t.JMeterThread: Thread finished: Thread Group 1-150
2021-09-30 16:35:10,704 INFO o.a.j.t.JMeterThread: Stopping because end time detected by thread: Thread Group 1-1
2021-09-30 16:35:10,704 INFO o.a.j.t.JMeterThread: Thread finished: Thread Group 1-1
2021-09-30 16:35:10,708 INFO o.a.j.t.JMeterThread: Stopping because end time detected by thread: Thread Group 1-65
2021-09-30 16:35:10,708 INFO o.a.j.t.JMeterThread: Thread finished: Thread Group 1-65
2021-09-30 16:35:10,795 INFO o.a.j.t.JMeterThread: Stopping because end time detected by thread: Thread Group 1-60
2021-09-30 16:35:10,795 INFO o.a.j.t.JMeterThread: Thread finished: Thread Group 1-60
2021-09-30 16:35:10,828 INFO o.a.j.t.JMeterThread: Stopping because end time detected by thread: Thread Group 1-139
2021-09-30 16:35:10,828 INFO o.a.j.t.JMeterThread: Stopping because end time detected by thread: Thread Group 1-45
2021-09-30 16:35:10,828 INFO o.a.j.t.JMeterThread: Thread finished: Thread Group 1-45
2021-09-30 16:35:10,828 INFO o.a.j.t.JMeterThread: Thread finished: Thread Group 1-139
2021-09-30 16:35:10,834 INFO o.a.j.t.JMeterThread: Stopping because end time detected by thread: Thread Group 1-81
2021-09-30 16:35:10,834 INFO o.a.j.t.JMeterThread: Thread finished: Thread Group 1-81
2021-09-30 16:35:10,920 INFO o.a.j.t.JMeterThread: Stopping because end time detected by thread: Thread Group 1-120
2021-09-30 16:35:10,920 INFO o.a.j.t.JMeterThread: Thread finished: Thread Group 1-120
2021-09-30 16:35:10,960 INFO o.a.j.t.JMeterThread: Stopping because end time detected by thread: Thread Group 1-95
2021-09-30 16:35:10,960 INFO o.a.j.t.JMeterThread: Thread finished: Thread Group 1-95
2021-09-30 16:35:10,971 INFO o.a.j.t.JMeterThread: Stopping because end time detected by thread: Thread Group 1-82
2021-09-30 16:35:10,971 INFO o.a.j.t.JMeterThread: Thread finished: Thread Group 1-82
2021-09-30 16:35:10,983 INFO o.a.j.t.JMeterThread: Stopping because end time detected by thread: Thread Group 1-131
2021-09-30 16:35:10,983 INFO o.a.j.t.JMeterThread: Thread finished: Thread Group 1-131
2021-09-30 16:35:11,048 INFO o.a.j.t.JMeterThread: Stopping because end time detected by thread: Thread Group 1-83
2021-09-30 16:35:11,048 INFO o.a.j.t.JMeterThread: Thread finished: Thread Group 1-83
2021-09-30 16:35:11,075 INFO o.a.j.t.JMeterThread: Stopping because end time detected by thread: Thread Group 1-103
2021-09-30 16:35:11,075 INFO o.a.j.t.JMeterThread: Thread finished: Thread Group 1-103
2021-09-30 16:35:11,098 INFO o.a.j.t.JMeterThread: Stopping because end time detected by thread: Thread Group 1-140
2021-09-30 16:35:11,098 INFO o.a.j.t.JMeterThread: Thread finished: Thread Group 1-140
2021-09-30 16:35:11,110 INFO o.a.j.t.JMeterThread: Stopping because end time detected by thread: Thread Group 1-76
2021-09-30 16:35:11,110 INFO o.a.j.t.JMeterThread: Thread finished: Thread Group 1-76
2021-09-30 16:35:11,173 INFO o.a.j.t.JMeterThread: Stopping because end time detected by thread: Thread Group 1-8
2021-09-30 16:35:11,173 INFO o.a.j.t.JMeterThread: Thread finished: Thread Group 1-8
2021-09-30 16:35:11,202 INFO o.a.j.t.JMeterThread: Stopping because end time detected by thread: Thread Group 1-129
2021-09-30 16:35:11,202 INFO o.a.j.t.JMeterThread: Thread finished: Thread Group 1-129
2021-09-30 16:35:11,226 INFO o.a.j.t.JMeterThread: Stopping because end time detected by thread: Thread Group 1-52
2021-09-30 16:35:11,226 INFO o.a.j.t.JMeterThread: Thread finished: Thread Group 1-52
2021-09-30 16:35:11,234 INFO o.a.j.t.JMeterThread: Stopping because end time detected by thread: Thread Group 1-130
2021-09-30 16:35:11,234 INFO o.a.j.t.JMeterThread: Thread finished: Thread Group 1-130
2021-09-30 16:35:11,302 INFO o.a.j.t.JMeterThread: Stopping because end time detected by thread: Thread Group 1-33
2021-09-30 16:35:11,302 INFO o.a.j.t.JMeterThread: Thread finished: Thread Group 1-33
2021-09-30 16:35:11,335 INFO o.a.j.t.JMeterThread: Stopping because end time detected by thread: Thread Group 1-12
2021-09-30 16:35:11,335 INFO o.a.j.t.JMeterThread: Thread finished: Thread Group 1-12
2021-09-30 16:35:11,351 INFO o.a.j.t.JMeterThread: Stopping because end time detected by thread: Thread Group 1-36
2021-09-30 16:35:11,351 INFO o.a.j.t.JMeterThread: Thread finished: Thread Group 1-36
2021-09-30 16:35:11,362 INFO o.a.j.t.JMeterThread: Stopping because end time detected by thread: Thread Group 1-9
2021-09-30 16:35:11,362 INFO o.a.j.t.JMeterThread: Thread finished: Thread Group 1-9
2021-09-30 16:35:11,416 INFO o.a.j.t.JMeterThread: Stopping because end time detected by thread: Thread Group 1-66
2021-09-30 16:35:11,416 INFO o.a.j.t.JMeterThread: Thread finished: Thread Group 1-66
2021-09-30 16:35:11,456 INFO o.a.j.t.JMeterThread: Stopping because end time detected by thread: Thread Group 1-56
2021-09-30 16:35:11,456 INFO o.a.j.t.JMeterThread: Thread finished: Thread Group 1-56
2021-09-30 16:35:11,485 INFO o.a.j.t.JMeterThread: Stopping because end time detected by thread: Thread Group 1-96
2021-09-30 16:35:11,485 INFO o.a.j.t.JMeterThread: Thread finished: Thread Group 1-96
2021-09-30 16:35:11,495 INFO o.a.j.t.JMeterThread: Stopping because end time detected by thread: Thread Group 1-61
2021-09-30 16:35:11,495 INFO o.a.j.t.JMeterThread: Thread finished: Thread Group 1-61
2021-09-30 16:35:11,547 INFO o.a.j.t.JMeterThread: Stopping because end time detected by thread: Thread Group 1-104
2021-09-30 16:35:11,547 INFO o.a.j.t.JMeterThread: Thread finished: Thread Group 1-104
2021-09-30 16:35:11,577 INFO o.a.j.t.JMeterThread: Stopping because end time detected by thread: Thread Group 1-121
2021-09-30 16:35:11,577 INFO o.a.j.t.JMeterThread: Thread finished: Thread Group 1-121
2021-09-30 16:35:11,609 INFO o.a.j.t.JMeterThread: Stopping because end time detected by thread: Thread Group 1-111
2021-09-30 16:35:11,609 INFO o.a.j.t.JMeterThread: Thread finished: Thread Group 1-111
2021-09-30 16:35:11,620 INFO o.a.j.t.JMeterThread: Stopping because end time detected by thread: Thread Group 1-31
2021-09-30 16:35:11,620 INFO o.a.j.t.JMeterThread: Thread finished: Thread Group 1-31
2021-09-30 16:35:11,680 INFO o.a.j.t.JMeterThread: Stopping because end time detected by thread: Thread Group 1-39
2021-09-30 16:35:11,680 INFO o.a.j.t.JMeterThread: Thread finished: Thread Group 1-39
2021-09-30 16:35:11,704 INFO o.a.j.t.JMeterThread: Stopping because end time detected by thread: Thread Group 1-70
2021-09-30 16:35:11,704 INFO o.a.j.t.JMeterThread: Thread finished: Thread Group 1-70
2021-09-30 16:35:11,742 INFO o.a.j.t.JMeterThread: Stopping because end time detected by thread: Thread Group 1-141
2021-09-30 16:35:11,742 INFO o.a.j.t.JMeterThread: Thread finished: Thread Group 1-141
2021-09-30 16:35:11,753 INFO o.a.j.t.JMeterThread: Stopping because end time detected by thread: Thread Group 1-42
2021-09-30 16:35:11,753 INFO o.a.j.t.JMeterThread: Thread finished: Thread Group 1-42
2021-09-30 16:35:11,800 INFO o.a.j.t.JMeterThread: Stopping because end time detected by thread: Thread Group 1-23
2021-09-30 16:35:11,800 INFO o.a.j.t.JMeterThread: Thread finished: Thread Group 1-23
2021-09-30 16:35:11,830 INFO o.a.j.t.JMeterThread: Stopping because end time detected by thread: Thread Group 1-71
2021-09-30 16:35:11,830 INFO o.a.j.t.JMeterThread: Thread finished: Thread Group 1-71
2021-09-30 16:35:11,864 INFO o.a.j.t.JMeterThread: Stopping because end time detected by thread: Thread Group 1-29
2021-09-30 16:35:11,864 INFO o.a.j.t.JMeterThread: Thread finished: Thread Group 1-29
2021-09-30 16:35:11,875 INFO o.a.j.t.JMeterThread: Stopping because end time detected by thread: Thread Group 1-16
2021-09-30 16:35:11,875 INFO o.a.j.t.JMeterThread: Thread finished: Thread Group 1-16
2021-09-30 16:35:11,922 INFO o.a.j.t.JMeterThread: Stopping because end time detected by thread: Thread Group 1-112
2021-09-30 16:35:11,922 INFO o.a.j.t.JMeterThread: Thread finished: Thread Group 1-112
2021-09-30 16:35:11,951 INFO o.a.j.t.JMeterThread: Stopping because end time detected by thread: Thread Group 1-89
2021-09-30 16:35:11,951 INFO o.a.j.t.JMeterThread: Thread finished: Thread Group 1-89
2021-09-30 16:35:11,994 INFO o.a.j.t.JMeterThread: Stopping because end time detected by thread: Thread Group 1-49
2021-09-30 16:35:11,994 INFO o.a.j.t.JMeterThread: Thread finished: Thread Group 1-49
2021-09-30 16:35:12,005 INFO o.a.j.t.JMeterThread: Stopping because end time detected by thread: Thread Group 1-6
2021-09-30 16:35:12,005 INFO o.a.j.t.JMeterThread: Thread finished: Thread Group 1-6
2021-09-30 16:35:12,045 INFO o.a.j.t.JMeterThread: Stopping because end time detected by thread: Thread Group 1-98
2021-09-30 16:35:12,045 INFO o.a.j.t.JMeterThread: Thread finished: Thread Group 1-98
2021-09-30 16:35:12,078 INFO o.a.j.t.JMeterThread: Stopping because end time detected by thread: Thread Group 1-53
2021-09-30 16:35:12,078 INFO o.a.j.t.JMeterThread: Thread finished: Thread Group 1-53
2021-09-30 16:35:12,129 INFO o.a.j.t.JMeterThread: Stopping because end time detected by thread: Thread Group 1-26
2021-09-30 16:35:12,129 INFO o.a.j.t.JMeterThread: Thread finished: Thread Group 1-26
2021-09-30 16:35:12,140 INFO o.a.j.t.JMeterThread: Stopping because end time detected by thread: Thread Group 1-20
2021-09-30 16:35:12,140 INFO o.a.j.t.JMeterThread: Thread finished: Thread Group 1-20
2021-09-30 16:35:12,169 INFO o.a.j.t.JMeterThread: Stopping because end time detected by thread: Thread Group 1-11
2021-09-30 16:35:12,169 INFO o.a.j.t.JMeterThread: Thread finished: Thread Group 1-11
2021-09-30 16:35:12,208 INFO o.a.j.t.JMeterThread: Stopping because end time detected by thread: Thread Group 1-57
2021-09-30 16:35:12,208 INFO o.a.j.t.JMeterThread: Thread finished: Thread Group 1-57
2021-09-30 16:35:12,241 INFO o.a.j.t.JMeterThread: Stopping because end time detected by thread: Thread Group 1-77
2021-09-30 16:35:12,241 INFO o.a.j.t.JMeterThread: Thread finished: Thread Group 1-77
2021-09-30 16:35:12,265 INFO o.a.j.t.JMeterThread: Stopping because end time detected by thread: Thread Group 1-25
2021-09-30 16:35:12,265 INFO o.a.j.t.JMeterThread: Thread finished: Thread Group 1-25
2021-09-30 16:35:12,295 INFO o.a.j.t.JMeterThread: Stopping because end time detected by thread: Thread Group 1-97
2021-09-30 16:35:12,295 INFO o.a.j.t.JMeterThread: Thread finished: Thread Group 1-97
2021-09-30 16:35:12,307 INFO o.a.j.t.JMeterThread: Stopping because end time detected by thread: Thread Group 1-113
2021-09-30 16:35:12,307 INFO o.a.j.t.JMeterThread: Thread finished: Thread Group 1-113
2021-09-30 16:35:12,335 INFO o.a.j.t.JMeterThread: Stopping because end time detected by thread: Thread Group 1-90
2021-09-30 16:35:12,335 INFO o.a.j.t.JMeterThread: Thread finished: Thread Group 1-90
2021-09-30 16:35:12,343 INFO o.a.j.t.JMeterThread: Stopping because end time detected by thread: Thread Group 1-142
2021-09-30 16:35:12,343 INFO o.a.j.t.JMeterThread: Thread finished: Thread Group 1-142
2021-09-30 16:35:12,343 INFO o.a.j.e.StandardJMeterEngine: Notifying test listeners of end of test
2021-09-30 16:35:12,344 INFO o.a.j.r.Summariser: summary +    391 in 00:00:12 =   31.9/s Avg:  4732 Min:  4631 Max:  4799 Err:     0 (0.00%) Active: 0 Started: 150 Finished: 150
2021-09-30 16:35:12,344 INFO o.a.j.r.Summariser: summary =  57250 in 00:30:05 =   31.7/s Avg:  4644 Min:    64 Max:  6855 Err:     0 (0.00%)
